   1               		.file	"eeconfig.c"
   2               	__SP_H__ = 0x3e
   3               	__SP_L__ = 0x3d
   4               	__SREG__ = 0x3f
   5               	__tmp_reg__ = 0
   6               	__zero_reg__ = 1
   7               		.text
   8               	.Ltext0:
   9               		.cfi_sections	.debug_frame
  10               		.section	.text.eeconfig_enable,"ax",@progbits
  11               	.global	eeconfig_enable
  13               	eeconfig_enable:
  14               	.LFB4:
  15               		.file 1 "tmk_core/common/eeconfig.c"
   1:tmk_core/common/eeconfig.c **** #include <stdint.h>
   2:tmk_core/common/eeconfig.c **** #include <stdbool.h>
   3:tmk_core/common/eeconfig.c **** #include "eeprom.h"
   4:tmk_core/common/eeconfig.c **** #include "eeconfig.h"
   5:tmk_core/common/eeconfig.c **** 
   6:tmk_core/common/eeconfig.c **** #ifdef STM32_EEPROM_ENABLE
   7:tmk_core/common/eeconfig.c **** #include "hal.h"
   8:tmk_core/common/eeconfig.c **** #include "eeprom_stm32.h"
   9:tmk_core/common/eeconfig.c **** #endif
  10:tmk_core/common/eeconfig.c **** 
  11:tmk_core/common/eeconfig.c **** extern uint32_t default_layer_state;
  12:tmk_core/common/eeconfig.c **** /** \brief eeconfig enable
  13:tmk_core/common/eeconfig.c ****  *
  14:tmk_core/common/eeconfig.c ****  * FIXME: needs doc
  15:tmk_core/common/eeconfig.c ****  */
  16:tmk_core/common/eeconfig.c **** __attribute__ ((weak))
  17:tmk_core/common/eeconfig.c **** void eeconfig_init_user(void) {
  18:tmk_core/common/eeconfig.c ****   // Reset user EEPROM value to blank, rather than to a set value
  19:tmk_core/common/eeconfig.c ****   eeconfig_update_user(0);
  20:tmk_core/common/eeconfig.c **** }
  21:tmk_core/common/eeconfig.c **** 
  22:tmk_core/common/eeconfig.c **** __attribute__ ((weak))
  23:tmk_core/common/eeconfig.c **** void eeconfig_init_kb(void) {
  24:tmk_core/common/eeconfig.c ****   // Reset Keyboard EEPROM value to blank, rather than to a set value
  25:tmk_core/common/eeconfig.c ****   eeconfig_update_kb(0);
  26:tmk_core/common/eeconfig.c **** 
  27:tmk_core/common/eeconfig.c ****   eeconfig_init_user();
  28:tmk_core/common/eeconfig.c **** }
  29:tmk_core/common/eeconfig.c **** 
  30:tmk_core/common/eeconfig.c **** 
  31:tmk_core/common/eeconfig.c **** /*
  32:tmk_core/common/eeconfig.c ****  * FIXME: needs doc
  33:tmk_core/common/eeconfig.c ****  */
  34:tmk_core/common/eeconfig.c **** void eeconfig_init_quantum(void) {
  35:tmk_core/common/eeconfig.c **** #ifdef STM32_EEPROM_ENABLE
  36:tmk_core/common/eeconfig.c ****     EEPROM_Erase();
  37:tmk_core/common/eeconfig.c **** #endif
  38:tmk_core/common/eeconfig.c ****   eeprom_update_word(EECONFIG_MAGIC,          EECONFIG_MAGIC_NUMBER);
  39:tmk_core/common/eeconfig.c ****   eeprom_update_byte(EECONFIG_DEBUG,          0);
  40:tmk_core/common/eeconfig.c ****   eeprom_update_byte(EECONFIG_DEFAULT_LAYER,  0);
  41:tmk_core/common/eeconfig.c ****   default_layer_state = 0;
  42:tmk_core/common/eeconfig.c ****   eeprom_update_byte(EECONFIG_KEYMAP,         0);
  43:tmk_core/common/eeconfig.c ****   eeprom_update_byte(EECONFIG_MOUSEKEY_ACCEL, 0);
  44:tmk_core/common/eeconfig.c ****   eeprom_update_byte(EECONFIG_BACKLIGHT,      0);
  45:tmk_core/common/eeconfig.c ****   eeprom_update_byte(EECONFIG_AUDIO,             0xFF); // On by default
  46:tmk_core/common/eeconfig.c ****   eeprom_update_dword(EECONFIG_RGBLIGHT,      0);
  47:tmk_core/common/eeconfig.c ****   eeprom_update_byte(EECONFIG_STENOMODE,      0);
  48:tmk_core/common/eeconfig.c ****   eeprom_update_dword(EECONFIG_HAPTIC,        0);
  49:tmk_core/common/eeconfig.c ****   eeprom_update_byte(EECONFIG_VELOCIKEY,      0);
  50:tmk_core/common/eeconfig.c **** #ifdef EECONFIG_RGB_MATRIX
  51:tmk_core/common/eeconfig.c ****   eeprom_update_dword(EECONFIG_RGB_MATRIX,    0);
  52:tmk_core/common/eeconfig.c **** #endif
  53:tmk_core/common/eeconfig.c **** 
  54:tmk_core/common/eeconfig.c ****   eeconfig_init_kb();
  55:tmk_core/common/eeconfig.c **** }
  56:tmk_core/common/eeconfig.c **** 
  57:tmk_core/common/eeconfig.c **** /** \brief eeconfig initialization
  58:tmk_core/common/eeconfig.c ****  *
  59:tmk_core/common/eeconfig.c ****  * FIXME: needs doc
  60:tmk_core/common/eeconfig.c ****  */
  61:tmk_core/common/eeconfig.c **** void eeconfig_init(void) {
  62:tmk_core/common/eeconfig.c **** 
  63:tmk_core/common/eeconfig.c ****   eeconfig_init_quantum();
  64:tmk_core/common/eeconfig.c **** }
  65:tmk_core/common/eeconfig.c **** 
  66:tmk_core/common/eeconfig.c **** /** \brief eeconfig enable
  67:tmk_core/common/eeconfig.c ****  *
  68:tmk_core/common/eeconfig.c ****  * FIXME: needs doc
  69:tmk_core/common/eeconfig.c ****  */
  70:tmk_core/common/eeconfig.c **** void eeconfig_enable(void)
  71:tmk_core/common/eeconfig.c **** {
  16               		.loc 1 71 1 view -0
  17               		.cfi_startproc
  18               	/* prologue: function */
  19               	/* frame size = 0 */
  20               	/* stack size = 0 */
  21               	.L__stack_usage = 0
  72:tmk_core/common/eeconfig.c ****     eeprom_update_word(EECONFIG_MAGIC, EECONFIG_MAGIC_NUMBER);
  22               		.loc 1 72 5 view .LVU1
  23 0000 6DEE      		ldi r22,lo8(-19)
  24 0002 7EEF      		ldi r23,lo8(-2)
  25 0004 90E0      		ldi r25,0
  26 0006 80E0      		ldi r24,0
  27 0008 0C94 0000 		jmp eeprom_update_word
  28               	.LVL0:
  29               		.cfi_endproc
  30               	.LFE4:
  32               		.section	.text.eeconfig_disable,"ax",@progbits
  33               	.global	eeconfig_disable
  35               	eeconfig_disable:
  36               	.LFB5:
  73:tmk_core/common/eeconfig.c **** }
  74:tmk_core/common/eeconfig.c **** 
  75:tmk_core/common/eeconfig.c **** /** \brief eeconfig disable
  76:tmk_core/common/eeconfig.c ****  *
  77:tmk_core/common/eeconfig.c ****  * FIXME: needs doc
  78:tmk_core/common/eeconfig.c ****  */
  79:tmk_core/common/eeconfig.c **** void eeconfig_disable(void)
  80:tmk_core/common/eeconfig.c **** {
  37               		.loc 1 80 1 view -0
  38               		.cfi_startproc
  39               	/* prologue: function */
  40               	/* frame size = 0 */
  41               	/* stack size = 0 */
  42               	.L__stack_usage = 0
  81:tmk_core/common/eeconfig.c **** #ifdef STM32_EEPROM_ENABLE
  82:tmk_core/common/eeconfig.c ****     EEPROM_Erase();
  83:tmk_core/common/eeconfig.c **** #endif
  84:tmk_core/common/eeconfig.c ****     eeprom_update_word(EECONFIG_MAGIC, EECONFIG_MAGIC_NUMBER_OFF);
  43               		.loc 1 84 5 view .LVU3
  44 0000 6FEF      		ldi r22,lo8(-1)
  45 0002 7FEF      		ldi r23,lo8(-1)
  46 0004 90E0      		ldi r25,0
  47 0006 80E0      		ldi r24,0
  48 0008 0C94 0000 		jmp eeprom_update_word
  49               	.LVL1:
  50               		.cfi_endproc
  51               	.LFE5:
  53               		.section	.text.eeconfig_is_enabled,"ax",@progbits
  54               	.global	eeconfig_is_enabled
  56               	eeconfig_is_enabled:
  57               	.LFB6:
  85:tmk_core/common/eeconfig.c **** }
  86:tmk_core/common/eeconfig.c **** 
  87:tmk_core/common/eeconfig.c **** /** \brief eeconfig is enabled
  88:tmk_core/common/eeconfig.c ****  *
  89:tmk_core/common/eeconfig.c ****  * FIXME: needs doc
  90:tmk_core/common/eeconfig.c ****  */
  91:tmk_core/common/eeconfig.c **** bool eeconfig_is_enabled(void)
  92:tmk_core/common/eeconfig.c **** {
  58               		.loc 1 92 1 view -0
  59               		.cfi_startproc
  60               	/* prologue: function */
  61               	/* frame size = 0 */
  62               	/* stack size = 0 */
  63               	.L__stack_usage = 0
  93:tmk_core/common/eeconfig.c ****     return (eeprom_read_word(EECONFIG_MAGIC) == EECONFIG_MAGIC_NUMBER);
  64               		.loc 1 93 5 view .LVU5
  65               		.loc 1 93 13 is_stmt 0 view .LVU6
  66 0000 90E0      		ldi r25,0
  67 0002 80E0      		ldi r24,0
  68 0004 0E94 0000 		call eeprom_read_word
  69               	.LVL2:
  70               		.loc 1 93 46 view .LVU7
  71 0008 21E0      		ldi r18,lo8(1)
  72 000a 8D3E      		cpi r24,-19
  73 000c 9E4F      		sbci r25,-2
  74 000e 01F0      		breq .L4
  75 0010 20E0      		ldi r18,0
  76               	.L4:
  94:tmk_core/common/eeconfig.c **** }
  77               		.loc 1 94 1 view .LVU8
  78 0012 822F      		mov r24,r18
  79               	/* epilogue start */
  80 0014 0895      		ret
  81               		.cfi_endproc
  82               	.LFE6:
  84               		.section	.text.eeconfig_is_disabled,"ax",@progbits
  85               	.global	eeconfig_is_disabled
  87               	eeconfig_is_disabled:
  88               	.LFB7:
  95:tmk_core/common/eeconfig.c **** 
  96:tmk_core/common/eeconfig.c **** /** \brief eeconfig is disabled
  97:tmk_core/common/eeconfig.c ****  *
  98:tmk_core/common/eeconfig.c ****  * FIXME: needs doc
  99:tmk_core/common/eeconfig.c ****  */
 100:tmk_core/common/eeconfig.c **** bool eeconfig_is_disabled(void)
 101:tmk_core/common/eeconfig.c **** {
  89               		.loc 1 101 1 is_stmt 1 view -0
  90               		.cfi_startproc
  91               	/* prologue: function */
  92               	/* frame size = 0 */
  93               	/* stack size = 0 */
  94               	.L__stack_usage = 0
 102:tmk_core/common/eeconfig.c ****     return (eeprom_read_word(EECONFIG_MAGIC) == EECONFIG_MAGIC_NUMBER_OFF);
  95               		.loc 1 102 5 view .LVU10
  96               		.loc 1 102 13 is_stmt 0 view .LVU11
  97 0000 90E0      		ldi r25,0
  98 0002 80E0      		ldi r24,0
  99 0004 0E94 0000 		call eeprom_read_word
 100               	.LVL3:
 101               		.loc 1 102 46 view .LVU12
 102 0008 21E0      		ldi r18,lo8(1)
 103 000a 0196      		adiw r24,1
 104 000c 01F0      		breq .L9
 105 000e 20E0      		ldi r18,0
 106               	.L9:
 103:tmk_core/common/eeconfig.c **** }
 107               		.loc 1 103 1 view .LVU13
 108 0010 822F      		mov r24,r18
 109               	/* epilogue start */
 110 0012 0895      		ret
 111               		.cfi_endproc
 112               	.LFE7:
 114               		.section	.text.eeconfig_read_debug,"ax",@progbits
 115               	.global	eeconfig_read_debug
 117               	eeconfig_read_debug:
 118               	.LFB8:
 104:tmk_core/common/eeconfig.c **** 
 105:tmk_core/common/eeconfig.c **** /** \brief eeconfig read debug
 106:tmk_core/common/eeconfig.c ****  *
 107:tmk_core/common/eeconfig.c ****  * FIXME: needs doc
 108:tmk_core/common/eeconfig.c ****  */
 109:tmk_core/common/eeconfig.c **** uint8_t eeconfig_read_debug(void)      { return eeprom_read_byte(EECONFIG_DEBUG); }
 119               		.loc 1 109 40 is_stmt 1 view -0
 120               		.cfi_startproc
 121               	/* prologue: function */
 122               	/* frame size = 0 */
 123               	/* stack size = 0 */
 124               	.L__stack_usage = 0
 125               		.loc 1 109 42 view .LVU15
 126               		.loc 1 109 49 is_stmt 0 view .LVU16
 127 0000 82E0      		ldi r24,lo8(2)
 128 0002 90E0      		ldi r25,0
 129 0004 0C94 0000 		jmp eeprom_read_byte
 130               	.LVL4:
 131               		.cfi_endproc
 132               	.LFE8:
 134               		.section	.text.eeconfig_update_debug,"ax",@progbits
 135               	.global	eeconfig_update_debug
 137               	eeconfig_update_debug:
 138               	.LVL5:
 139               	.LFB9:
 110:tmk_core/common/eeconfig.c **** /** \brief eeconfig update debug
 111:tmk_core/common/eeconfig.c ****  *
 112:tmk_core/common/eeconfig.c ****  * FIXME: needs doc
 113:tmk_core/common/eeconfig.c ****  */
 114:tmk_core/common/eeconfig.c **** void eeconfig_update_debug(uint8_t val) { eeprom_update_byte(EECONFIG_DEBUG, val); }
 140               		.loc 1 114 41 is_stmt 1 view -0
 141               		.cfi_startproc
 142               	/* prologue: function */
 143               	/* frame size = 0 */
 144               	/* stack size = 0 */
 145               	.L__stack_usage = 0
 146               		.loc 1 114 43 view .LVU18
 147 0000 682F      		mov r22,r24
 148 0002 82E0      		ldi r24,lo8(2)
 149 0004 90E0      		ldi r25,0
 150               	.LVL6:
 151               		.loc 1 114 43 is_stmt 0 view .LVU19
 152 0006 0C94 0000 		jmp eeprom_update_byte
 153               	.LVL7:
 154               		.loc 1 114 43 view .LVU20
 155               		.cfi_endproc
 156               	.LFE9:
 158               		.section	.text.eeconfig_read_default_layer,"ax",@progbits
 159               	.global	eeconfig_read_default_layer
 161               	eeconfig_read_default_layer:
 162               	.LFB10:
 115:tmk_core/common/eeconfig.c **** 
 116:tmk_core/common/eeconfig.c **** /** \brief eeconfig read default layer
 117:tmk_core/common/eeconfig.c ****  *
 118:tmk_core/common/eeconfig.c ****  * FIXME: needs doc
 119:tmk_core/common/eeconfig.c ****  */
 120:tmk_core/common/eeconfig.c **** uint8_t eeconfig_read_default_layer(void)      { return eeprom_read_byte(EECONFIG_DEFAULT_LAYER); }
 163               		.loc 1 120 48 is_stmt 1 view -0
 164               		.cfi_startproc
 165               	/* prologue: function */
 166               	/* frame size = 0 */
 167               	/* stack size = 0 */
 168               	.L__stack_usage = 0
 169               		.loc 1 120 50 view .LVU22
 170               		.loc 1 120 57 is_stmt 0 view .LVU23
 171 0000 83E0      		ldi r24,lo8(3)
 172 0002 90E0      		ldi r25,0
 173 0004 0C94 0000 		jmp eeprom_read_byte
 174               	.LVL8:
 175               		.cfi_endproc
 176               	.LFE10:
 178               		.section	.text.eeconfig_update_default_layer,"ax",@progbits
 179               	.global	eeconfig_update_default_layer
 181               	eeconfig_update_default_layer:
 182               	.LVL9:
 183               	.LFB11:
 121:tmk_core/common/eeconfig.c **** /** \brief eeconfig update default layer
 122:tmk_core/common/eeconfig.c ****  *
 123:tmk_core/common/eeconfig.c ****  * FIXME: needs doc
 124:tmk_core/common/eeconfig.c ****  */
 125:tmk_core/common/eeconfig.c **** void eeconfig_update_default_layer(uint8_t val) { eeprom_update_byte(EECONFIG_DEFAULT_LAYER, val); 
 184               		.loc 1 125 49 is_stmt 1 view -0
 185               		.cfi_startproc
 186               	/* prologue: function */
 187               	/* frame size = 0 */
 188               	/* stack size = 0 */
 189               	.L__stack_usage = 0
 190               		.loc 1 125 51 view .LVU25
 191 0000 682F      		mov r22,r24
 192 0002 83E0      		ldi r24,lo8(3)
 193 0004 90E0      		ldi r25,0
 194               	.LVL10:
 195               		.loc 1 125 51 is_stmt 0 view .LVU26
 196 0006 0C94 0000 		jmp eeprom_update_byte
 197               	.LVL11:
 198               		.loc 1 125 51 view .LVU27
 199               		.cfi_endproc
 200               	.LFE11:
 202               		.section	.text.eeconfig_read_keymap,"ax",@progbits
 203               	.global	eeconfig_read_keymap
 205               	eeconfig_read_keymap:
 206               	.LFB12:
 126:tmk_core/common/eeconfig.c **** 
 127:tmk_core/common/eeconfig.c **** /** \brief eeconfig read keymap
 128:tmk_core/common/eeconfig.c ****  *
 129:tmk_core/common/eeconfig.c ****  * FIXME: needs doc
 130:tmk_core/common/eeconfig.c ****  */
 131:tmk_core/common/eeconfig.c **** uint8_t eeconfig_read_keymap(void)      { return eeprom_read_byte(EECONFIG_KEYMAP); }
 207               		.loc 1 131 41 is_stmt 1 view -0
 208               		.cfi_startproc
 209               	/* prologue: function */
 210               	/* frame size = 0 */
 211               	/* stack size = 0 */
 212               	.L__stack_usage = 0
 213               		.loc 1 131 43 view .LVU29
 214               		.loc 1 131 50 is_stmt 0 view .LVU30
 215 0000 84E0      		ldi r24,lo8(4)
 216 0002 90E0      		ldi r25,0
 217 0004 0C94 0000 		jmp eeprom_read_byte
 218               	.LVL12:
 219               		.cfi_endproc
 220               	.LFE12:
 222               		.section	.text.eeconfig_update_keymap,"ax",@progbits
 223               	.global	eeconfig_update_keymap
 225               	eeconfig_update_keymap:
 226               	.LVL13:
 227               	.LFB13:
 132:tmk_core/common/eeconfig.c **** /** \brief eeconfig update keymap
 133:tmk_core/common/eeconfig.c ****  *
 134:tmk_core/common/eeconfig.c ****  * FIXME: needs doc
 135:tmk_core/common/eeconfig.c ****  */
 136:tmk_core/common/eeconfig.c **** void eeconfig_update_keymap(uint8_t val) { eeprom_update_byte(EECONFIG_KEYMAP, val); }
 228               		.loc 1 136 42 is_stmt 1 view -0
 229               		.cfi_startproc
 230               	/* prologue: function */
 231               	/* frame size = 0 */
 232               	/* stack size = 0 */
 233               	.L__stack_usage = 0
 234               		.loc 1 136 44 view .LVU32
 235 0000 682F      		mov r22,r24
 236 0002 84E0      		ldi r24,lo8(4)
 237 0004 90E0      		ldi r25,0
 238               	.LVL14:
 239               		.loc 1 136 44 is_stmt 0 view .LVU33
 240 0006 0C94 0000 		jmp eeprom_update_byte
 241               	.LVL15:
 242               		.loc 1 136 44 view .LVU34
 243               		.cfi_endproc
 244               	.LFE13:
 246               		.section	.text.eeconfig_read_backlight,"ax",@progbits
 247               	.global	eeconfig_read_backlight
 249               	eeconfig_read_backlight:
 250               	.LFB14:
 137:tmk_core/common/eeconfig.c **** 
 138:tmk_core/common/eeconfig.c **** /** \brief eeconfig read backlight
 139:tmk_core/common/eeconfig.c ****  *
 140:tmk_core/common/eeconfig.c ****  * FIXME: needs doc
 141:tmk_core/common/eeconfig.c ****  */
 142:tmk_core/common/eeconfig.c **** uint8_t eeconfig_read_backlight(void)      { return eeprom_read_byte(EECONFIG_BACKLIGHT); }
 251               		.loc 1 142 44 is_stmt 1 view -0
 252               		.cfi_startproc
 253               	/* prologue: function */
 254               	/* frame size = 0 */
 255               	/* stack size = 0 */
 256               	.L__stack_usage = 0
 257               		.loc 1 142 46 view .LVU36
 258               		.loc 1 142 53 is_stmt 0 view .LVU37
 259 0000 86E0      		ldi r24,lo8(6)
 260 0002 90E0      		ldi r25,0
 261 0004 0C94 0000 		jmp eeprom_read_byte
 262               	.LVL16:
 263               		.cfi_endproc
 264               	.LFE14:
 266               		.section	.text.eeconfig_update_backlight,"ax",@progbits
 267               	.global	eeconfig_update_backlight
 269               	eeconfig_update_backlight:
 270               	.LVL17:
 271               	.LFB15:
 143:tmk_core/common/eeconfig.c **** /** \brief eeconfig update backlight
 144:tmk_core/common/eeconfig.c ****  *
 145:tmk_core/common/eeconfig.c ****  * FIXME: needs doc
 146:tmk_core/common/eeconfig.c ****  */
 147:tmk_core/common/eeconfig.c **** void eeconfig_update_backlight(uint8_t val) { eeprom_update_byte(EECONFIG_BACKLIGHT, val); }
 272               		.loc 1 147 45 is_stmt 1 view -0
 273               		.cfi_startproc
 274               	/* prologue: function */
 275               	/* frame size = 0 */
 276               	/* stack size = 0 */
 277               	.L__stack_usage = 0
 278               		.loc 1 147 47 view .LVU39
 279 0000 682F      		mov r22,r24
 280 0002 86E0      		ldi r24,lo8(6)
 281 0004 90E0      		ldi r25,0
 282               	.LVL18:
 283               		.loc 1 147 47 is_stmt 0 view .LVU40
 284 0006 0C94 0000 		jmp eeprom_update_byte
 285               	.LVL19:
 286               		.loc 1 147 47 view .LVU41
 287               		.cfi_endproc
 288               	.LFE15:
 290               		.section	.text.eeconfig_read_audio,"ax",@progbits
 291               	.global	eeconfig_read_audio
 293               	eeconfig_read_audio:
 294               	.LFB16:
 148:tmk_core/common/eeconfig.c **** 
 149:tmk_core/common/eeconfig.c **** 
 150:tmk_core/common/eeconfig.c **** /** \brief eeconfig read audio
 151:tmk_core/common/eeconfig.c ****  *
 152:tmk_core/common/eeconfig.c ****  * FIXME: needs doc
 153:tmk_core/common/eeconfig.c ****  */
 154:tmk_core/common/eeconfig.c **** uint8_t eeconfig_read_audio(void)      { return eeprom_read_byte(EECONFIG_AUDIO); }
 295               		.loc 1 154 40 is_stmt 1 view -0
 296               		.cfi_startproc
 297               	/* prologue: function */
 298               	/* frame size = 0 */
 299               	/* stack size = 0 */
 300               	.L__stack_usage = 0
 301               		.loc 1 154 42 view .LVU43
 302               		.loc 1 154 49 is_stmt 0 view .LVU44
 303 0000 87E0      		ldi r24,lo8(7)
 304 0002 90E0      		ldi r25,0
 305 0004 0C94 0000 		jmp eeprom_read_byte
 306               	.LVL20:
 307               		.cfi_endproc
 308               	.LFE16:
 310               		.section	.text.eeconfig_update_audio,"ax",@progbits
 311               	.global	eeconfig_update_audio
 313               	eeconfig_update_audio:
 314               	.LVL21:
 315               	.LFB17:
 155:tmk_core/common/eeconfig.c **** /** \brief eeconfig update audio
 156:tmk_core/common/eeconfig.c ****  *
 157:tmk_core/common/eeconfig.c ****  * FIXME: needs doc
 158:tmk_core/common/eeconfig.c ****  */
 159:tmk_core/common/eeconfig.c **** void eeconfig_update_audio(uint8_t val) { eeprom_update_byte(EECONFIG_AUDIO, val); }
 316               		.loc 1 159 41 is_stmt 1 view -0
 317               		.cfi_startproc
 318               	/* prologue: function */
 319               	/* frame size = 0 */
 320               	/* stack size = 0 */
 321               	.L__stack_usage = 0
 322               		.loc 1 159 43 view .LVU46
 323 0000 682F      		mov r22,r24
 324 0002 87E0      		ldi r24,lo8(7)
 325 0004 90E0      		ldi r25,0
 326               	.LVL22:
 327               		.loc 1 159 43 is_stmt 0 view .LVU47
 328 0006 0C94 0000 		jmp eeprom_update_byte
 329               	.LVL23:
 330               		.loc 1 159 43 view .LVU48
 331               		.cfi_endproc
 332               	.LFE17:
 334               		.section	.text.eeconfig_read_kb,"ax",@progbits
 335               	.global	eeconfig_read_kb
 337               	eeconfig_read_kb:
 338               	.LFB18:
 160:tmk_core/common/eeconfig.c **** 
 161:tmk_core/common/eeconfig.c **** 
 162:tmk_core/common/eeconfig.c **** /** \brief eeconfig read kb
 163:tmk_core/common/eeconfig.c ****  *
 164:tmk_core/common/eeconfig.c ****  * FIXME: needs doc
 165:tmk_core/common/eeconfig.c ****  */
 166:tmk_core/common/eeconfig.c **** uint32_t eeconfig_read_kb(void)      { return eeprom_read_dword(EECONFIG_KEYBOARD); }
 339               		.loc 1 166 38 is_stmt 1 view -0
 340               		.cfi_startproc
 341               	/* prologue: function */
 342               	/* frame size = 0 */
 343               	/* stack size = 0 */
 344               	.L__stack_usage = 0
 345               		.loc 1 166 40 view .LVU50
 346               		.loc 1 166 47 is_stmt 0 view .LVU51
 347 0000 8FE0      		ldi r24,lo8(15)
 348 0002 90E0      		ldi r25,0
 349 0004 0C94 0000 		jmp eeprom_read_dword
 350               	.LVL24:
 351               		.cfi_endproc
 352               	.LFE18:
 354               		.section	.text.eeconfig_update_kb,"ax",@progbits
 355               	.global	eeconfig_update_kb
 357               	eeconfig_update_kb:
 358               	.LVL25:
 359               	.LFB19:
 167:tmk_core/common/eeconfig.c **** /** \brief eeconfig update kb
 168:tmk_core/common/eeconfig.c ****  *
 169:tmk_core/common/eeconfig.c ****  * FIXME: needs doc
 170:tmk_core/common/eeconfig.c ****  */
 171:tmk_core/common/eeconfig.c **** 
 172:tmk_core/common/eeconfig.c **** void eeconfig_update_kb(uint32_t val) { eeprom_update_dword(EECONFIG_KEYBOARD, val); }
 360               		.loc 1 172 39 is_stmt 1 view -0
 361               		.cfi_startproc
 362               	/* prologue: function */
 363               	/* frame size = 0 */
 364               	/* stack size = 0 */
 365               	.L__stack_usage = 0
 366               		.loc 1 172 39 is_stmt 0 view .LVU53
 367 0000 AB01      		movw r20,r22
 368 0002 BC01      		movw r22,r24
 369               	.LVL26:
 370               		.loc 1 172 41 is_stmt 1 view .LVU54
 371 0004 8FE0      		ldi r24,lo8(15)
 372 0006 90E0      		ldi r25,0
 373 0008 0C94 0000 		jmp eeprom_update_dword
 374               	.LVL27:
 375               		.cfi_endproc
 376               	.LFE19:
 378               		.section	.text.eeconfig_read_user,"ax",@progbits
 379               	.global	eeconfig_read_user
 381               	eeconfig_read_user:
 382               	.LFB20:
 173:tmk_core/common/eeconfig.c **** /** \brief eeconfig read user
 174:tmk_core/common/eeconfig.c ****  *
 175:tmk_core/common/eeconfig.c ****  * FIXME: needs doc
 176:tmk_core/common/eeconfig.c ****  */
 177:tmk_core/common/eeconfig.c **** uint32_t eeconfig_read_user(void)      { return eeprom_read_dword(EECONFIG_USER); }
 383               		.loc 1 177 40 view -0
 384               		.cfi_startproc
 385               	/* prologue: function */
 386               	/* frame size = 0 */
 387               	/* stack size = 0 */
 388               	.L__stack_usage = 0
 389               		.loc 1 177 42 view .LVU56
 390               		.loc 1 177 49 is_stmt 0 view .LVU57
 391 0000 83E1      		ldi r24,lo8(19)
 392 0002 90E0      		ldi r25,0
 393 0004 0C94 0000 		jmp eeprom_read_dword
 394               	.LVL28:
 395               		.cfi_endproc
 396               	.LFE20:
 398               		.section	.text.eeconfig_update_user,"ax",@progbits
 399               	.global	eeconfig_update_user
 401               	eeconfig_update_user:
 402               	.LVL29:
 403               	.LFB21:
 178:tmk_core/common/eeconfig.c **** /** \brief eeconfig update user
 179:tmk_core/common/eeconfig.c ****  *
 180:tmk_core/common/eeconfig.c ****  * FIXME: needs doc
 181:tmk_core/common/eeconfig.c ****  */
 182:tmk_core/common/eeconfig.c **** void eeconfig_update_user(uint32_t val) { eeprom_update_dword(EECONFIG_USER, val); }
 404               		.loc 1 182 41 is_stmt 1 view -0
 405               		.cfi_startproc
 406               	/* prologue: function */
 407               	/* frame size = 0 */
 408               	/* stack size = 0 */
 409               	.L__stack_usage = 0
 410               		.loc 1 182 41 is_stmt 0 view .LVU59
 411 0000 AB01      		movw r20,r22
 412 0002 BC01      		movw r22,r24
 413               	.LVL30:
 414               		.loc 1 182 43 is_stmt 1 view .LVU60
 415 0004 83E1      		ldi r24,lo8(19)
 416 0006 90E0      		ldi r25,0
 417 0008 0C94 0000 		jmp eeprom_update_dword
 418               	.LVL31:
 419               		.cfi_endproc
 420               	.LFE21:
 422               		.section	.text.eeconfig_init_user,"ax",@progbits
 423               		.weak	eeconfig_init_user
 425               	eeconfig_init_user:
 426               	.LFB0:
  17:tmk_core/common/eeconfig.c ****   // Reset user EEPROM value to blank, rather than to a set value
 427               		.loc 1 17 31 view -0
 428               		.cfi_startproc
 429               	/* prologue: function */
 430               	/* frame size = 0 */
 431               	/* stack size = 0 */
 432               	.L__stack_usage = 0
  19:tmk_core/common/eeconfig.c **** }
 433               		.loc 1 19 3 view .LVU62
 434 0000 60E0      		ldi r22,0
 435 0002 70E0      		ldi r23,0
 436 0004 CB01      		movw r24,r22
 437 0006 0C94 0000 		jmp eeconfig_update_user
 438               	.LVL32:
 439               		.cfi_endproc
 440               	.LFE0:
 442               		.section	.text.eeconfig_init_kb,"ax",@progbits
 443               		.weak	eeconfig_init_kb
 445               	eeconfig_init_kb:
 446               	.LFB1:
  23:tmk_core/common/eeconfig.c ****   // Reset Keyboard EEPROM value to blank, rather than to a set value
 447               		.loc 1 23 29 view -0
 448               		.cfi_startproc
 449               	/* prologue: function */
 450               	/* frame size = 0 */
 451               	/* stack size = 0 */
 452               	.L__stack_usage = 0
  25:tmk_core/common/eeconfig.c **** 
 453               		.loc 1 25 3 view .LVU64
 454 0000 60E0      		ldi r22,0
 455 0002 70E0      		ldi r23,0
 456 0004 CB01      		movw r24,r22
 457 0006 0E94 0000 		call eeconfig_update_kb
 458               	.LVL33:
  27:tmk_core/common/eeconfig.c **** }
 459               		.loc 1 27 3 view .LVU65
 460 000a 0C94 0000 		jmp eeconfig_init_user
 461               	.LVL34:
 462               		.cfi_endproc
 463               	.LFE1:
 465               		.section	.text.eeconfig_init_quantum,"ax",@progbits
 466               	.global	eeconfig_init_quantum
 468               	eeconfig_init_quantum:
 469               	.LFB2:
  34:tmk_core/common/eeconfig.c **** #ifdef STM32_EEPROM_ENABLE
 470               		.loc 1 34 34 view -0
 471               		.cfi_startproc
 472               	/* prologue: function */
 473               	/* frame size = 0 */
 474               	/* stack size = 0 */
 475               	.L__stack_usage = 0
  38:tmk_core/common/eeconfig.c ****   eeprom_update_byte(EECONFIG_DEBUG,          0);
 476               		.loc 1 38 3 view .LVU67
 477 0000 6DEE      		ldi r22,lo8(-19)
 478 0002 7EEF      		ldi r23,lo8(-2)
 479 0004 90E0      		ldi r25,0
 480 0006 80E0      		ldi r24,0
 481 0008 0E94 0000 		call eeprom_update_word
 482               	.LVL35:
  39:tmk_core/common/eeconfig.c ****   eeprom_update_byte(EECONFIG_DEFAULT_LAYER,  0);
 483               		.loc 1 39 3 view .LVU68
 484 000c 60E0      		ldi r22,0
 485 000e 82E0      		ldi r24,lo8(2)
 486 0010 90E0      		ldi r25,0
 487 0012 0E94 0000 		call eeprom_update_byte
 488               	.LVL36:
  40:tmk_core/common/eeconfig.c ****   default_layer_state = 0;
 489               		.loc 1 40 3 view .LVU69
 490 0016 60E0      		ldi r22,0
 491 0018 83E0      		ldi r24,lo8(3)
 492 001a 90E0      		ldi r25,0
 493 001c 0E94 0000 		call eeprom_update_byte
 494               	.LVL37:
  41:tmk_core/common/eeconfig.c ****   eeprom_update_byte(EECONFIG_KEYMAP,         0);
 495               		.loc 1 41 3 view .LVU70
  41:tmk_core/common/eeconfig.c ****   eeprom_update_byte(EECONFIG_KEYMAP,         0);
 496               		.loc 1 41 23 is_stmt 0 view .LVU71
 497 0020 1092 0000 		sts default_layer_state,__zero_reg__
 498 0024 1092 0000 		sts default_layer_state+1,__zero_reg__
 499 0028 1092 0000 		sts default_layer_state+2,__zero_reg__
 500 002c 1092 0000 		sts default_layer_state+3,__zero_reg__
  42:tmk_core/common/eeconfig.c ****   eeprom_update_byte(EECONFIG_MOUSEKEY_ACCEL, 0);
 501               		.loc 1 42 3 is_stmt 1 view .LVU72
 502 0030 60E0      		ldi r22,0
 503 0032 84E0      		ldi r24,lo8(4)
 504 0034 90E0      		ldi r25,0
 505 0036 0E94 0000 		call eeprom_update_byte
 506               	.LVL38:
  43:tmk_core/common/eeconfig.c ****   eeprom_update_byte(EECONFIG_BACKLIGHT,      0);
 507               		.loc 1 43 3 view .LVU73
 508 003a 60E0      		ldi r22,0
 509 003c 85E0      		ldi r24,lo8(5)
 510 003e 90E0      		ldi r25,0
 511 0040 0E94 0000 		call eeprom_update_byte
 512               	.LVL39:
  44:tmk_core/common/eeconfig.c ****   eeprom_update_byte(EECONFIG_AUDIO,             0xFF); // On by default
 513               		.loc 1 44 3 view .LVU74
 514 0044 60E0      		ldi r22,0
 515 0046 86E0      		ldi r24,lo8(6)
 516 0048 90E0      		ldi r25,0
 517 004a 0E94 0000 		call eeprom_update_byte
 518               	.LVL40:
  45:tmk_core/common/eeconfig.c ****   eeprom_update_dword(EECONFIG_RGBLIGHT,      0);
 519               		.loc 1 45 3 view .LVU75
 520 004e 6FEF      		ldi r22,lo8(-1)
 521 0050 87E0      		ldi r24,lo8(7)
 522 0052 90E0      		ldi r25,0
 523 0054 0E94 0000 		call eeprom_update_byte
 524               	.LVL41:
  46:tmk_core/common/eeconfig.c ****   eeprom_update_byte(EECONFIG_STENOMODE,      0);
 525               		.loc 1 46 3 view .LVU76
 526 0058 40E0      		ldi r20,0
 527 005a 50E0      		ldi r21,0
 528 005c BA01      		movw r22,r20
 529 005e 88E0      		ldi r24,lo8(8)
 530 0060 90E0      		ldi r25,0
 531 0062 0E94 0000 		call eeprom_update_dword
 532               	.LVL42:
  47:tmk_core/common/eeconfig.c ****   eeprom_update_dword(EECONFIG_HAPTIC,        0);
 533               		.loc 1 47 3 view .LVU77
 534 0066 60E0      		ldi r22,0
 535 0068 8DE0      		ldi r24,lo8(13)
 536 006a 90E0      		ldi r25,0
 537 006c 0E94 0000 		call eeprom_update_byte
 538               	.LVL43:
  48:tmk_core/common/eeconfig.c ****   eeprom_update_byte(EECONFIG_VELOCIKEY,      0);
 539               		.loc 1 48 3 view .LVU78
 540 0070 40E0      		ldi r20,0
 541 0072 50E0      		ldi r21,0
 542 0074 BA01      		movw r22,r20
 543 0076 88E1      		ldi r24,lo8(24)
 544 0078 90E0      		ldi r25,0
 545 007a 0E94 0000 		call eeprom_update_dword
 546               	.LVL44:
  49:tmk_core/common/eeconfig.c **** #ifdef EECONFIG_RGB_MATRIX
 547               		.loc 1 49 3 view .LVU79
 548 007e 60E0      		ldi r22,0
 549 0080 87E1      		ldi r24,lo8(23)
 550 0082 90E0      		ldi r25,0
 551 0084 0E94 0000 		call eeprom_update_byte
 552               	.LVL45:
  54:tmk_core/common/eeconfig.c **** }
 553               		.loc 1 54 3 view .LVU80
 554 0088 0C94 0000 		jmp eeconfig_init_kb
 555               	.LVL46:
 556               		.cfi_endproc
 557               	.LFE2:
 559               		.section	.text.eeconfig_init,"ax",@progbits
 560               	.global	eeconfig_init
 562               	eeconfig_init:
 563               	.LFB3:
  61:tmk_core/common/eeconfig.c **** 
 564               		.loc 1 61 26 view -0
 565               		.cfi_startproc
 566               	/* prologue: function */
 567               	/* frame size = 0 */
 568               	/* stack size = 0 */
 569               	.L__stack_usage = 0
  63:tmk_core/common/eeconfig.c **** }
 570               		.loc 1 63 3 view .LVU82
 571 0000 0C94 0000 		jmp eeconfig_init_quantum
 572               	.LVL47:
 573               		.cfi_endproc
 574               	.LFE3:
 576               		.section	.text.eeconfig_read_haptic,"ax",@progbits
 577               	.global	eeconfig_read_haptic
 579               	eeconfig_read_haptic:
 580               	.LFB22:
 183:tmk_core/common/eeconfig.c **** 
 184:tmk_core/common/eeconfig.c **** 
 185:tmk_core/common/eeconfig.c **** uint32_t eeconfig_read_haptic(void)      { return eeprom_read_dword(EECONFIG_HAPTIC); }
 581               		.loc 1 185 42 view -0
 582               		.cfi_startproc
 583               	/* prologue: function */
 584               	/* frame size = 0 */
 585               	/* stack size = 0 */
 586               	.L__stack_usage = 0
 587               		.loc 1 185 44 view .LVU84
 588               		.loc 1 185 51 is_stmt 0 view .LVU85
 589 0000 88E1      		ldi r24,lo8(24)
 590 0002 90E0      		ldi r25,0
 591 0004 0C94 0000 		jmp eeprom_read_dword
 592               	.LVL48:
 593               		.cfi_endproc
 594               	.LFE22:
 596               		.section	.text.eeconfig_update_haptic,"ax",@progbits
 597               	.global	eeconfig_update_haptic
 599               	eeconfig_update_haptic:
 600               	.LVL49:
 601               	.LFB23:
 186:tmk_core/common/eeconfig.c **** /** \brief eeconfig update user
 187:tmk_core/common/eeconfig.c ****  *
 188:tmk_core/common/eeconfig.c ****  * FIXME: needs doc
 189:tmk_core/common/eeconfig.c ****  */
 190:tmk_core/common/eeconfig.c **** void eeconfig_update_haptic(uint32_t val) { eeprom_update_dword(EECONFIG_HAPTIC, val); }
 602               		.loc 1 190 43 is_stmt 1 view -0
 603               		.cfi_startproc
 604               	/* prologue: function */
 605               	/* frame size = 0 */
 606               	/* stack size = 0 */
 607               	.L__stack_usage = 0
 608               		.loc 1 190 43 is_stmt 0 view .LVU87
 609 0000 AB01      		movw r20,r22
 610 0002 BC01      		movw r22,r24
 611               	.LVL50:
 612               		.loc 1 190 45 is_stmt 1 view .LVU88
 613 0004 88E1      		ldi r24,lo8(24)
 614 0006 90E0      		ldi r25,0
 615 0008 0C94 0000 		jmp eeprom_update_dword
 616               	.LVL51:
 617               		.cfi_endproc
 618               	.LFE23:
 620               		.text
 621               	.Letext0:
 622               		.file 2 "/usr/local/Cellar/avr-gcc/8.3.0/avr/include/stdint.h"
 623               		.file 3 "/usr/local/Cellar/avr-gcc/8.3.0/avr/include/avr/eeprom.h"
DEFINED SYMBOLS
                            *ABS*:0000000000000000 eeconfig.c
/var/folders/fs/52b7g59j2v54kt47tqq0zw4r0000gn/T//ccaGfRuh.s:2      *ABS*:000000000000003e __SP_H__
/var/folders/fs/52b7g59j2v54kt47tqq0zw4r0000gn/T//ccaGfRuh.s:3      *ABS*:000000000000003d __SP_L__
/var/folders/fs/52b7g59j2v54kt47tqq0zw4r0000gn/T//ccaGfRuh.s:4      *ABS*:000000000000003f __SREG__
/var/folders/fs/52b7g59j2v54kt47tqq0zw4r0000gn/T//ccaGfRuh.s:5      *ABS*:0000000000000000 __tmp_reg__
/var/folders/fs/52b7g59j2v54kt47tqq0zw4r0000gn/T//ccaGfRuh.s:6      *ABS*:0000000000000001 __zero_reg__
/var/folders/fs/52b7g59j2v54kt47tqq0zw4r0000gn/T//ccaGfRuh.s:13     .text.eeconfig_enable:0000000000000000 eeconfig_enable
/var/folders/fs/52b7g59j2v54kt47tqq0zw4r0000gn/T//ccaGfRuh.s:35     .text.eeconfig_disable:0000000000000000 eeconfig_disable
/var/folders/fs/52b7g59j2v54kt47tqq0zw4r0000gn/T//ccaGfRuh.s:56     .text.eeconfig_is_enabled:0000000000000000 eeconfig_is_enabled
/var/folders/fs/52b7g59j2v54kt47tqq0zw4r0000gn/T//ccaGfRuh.s:87     .text.eeconfig_is_disabled:0000000000000000 eeconfig_is_disabled
/var/folders/fs/52b7g59j2v54kt47tqq0zw4r0000gn/T//ccaGfRuh.s:117    .text.eeconfig_read_debug:0000000000000000 eeconfig_read_debug
/var/folders/fs/52b7g59j2v54kt47tqq0zw4r0000gn/T//ccaGfRuh.s:137    .text.eeconfig_update_debug:0000000000000000 eeconfig_update_debug
/var/folders/fs/52b7g59j2v54kt47tqq0zw4r0000gn/T//ccaGfRuh.s:161    .text.eeconfig_read_default_layer:0000000000000000 eeconfig_read_default_layer
/var/folders/fs/52b7g59j2v54kt47tqq0zw4r0000gn/T//ccaGfRuh.s:181    .text.eeconfig_update_default_layer:0000000000000000 eeconfig_update_default_layer
/var/folders/fs/52b7g59j2v54kt47tqq0zw4r0000gn/T//ccaGfRuh.s:205    .text.eeconfig_read_keymap:0000000000000000 eeconfig_read_keymap
/var/folders/fs/52b7g59j2v54kt47tqq0zw4r0000gn/T//ccaGfRuh.s:225    .text.eeconfig_update_keymap:0000000000000000 eeconfig_update_keymap
/var/folders/fs/52b7g59j2v54kt47tqq0zw4r0000gn/T//ccaGfRuh.s:249    .text.eeconfig_read_backlight:0000000000000000 eeconfig_read_backlight
/var/folders/fs/52b7g59j2v54kt47tqq0zw4r0000gn/T//ccaGfRuh.s:269    .text.eeconfig_update_backlight:0000000000000000 eeconfig_update_backlight
/var/folders/fs/52b7g59j2v54kt47tqq0zw4r0000gn/T//ccaGfRuh.s:293    .text.eeconfig_read_audio:0000000000000000 eeconfig_read_audio
/var/folders/fs/52b7g59j2v54kt47tqq0zw4r0000gn/T//ccaGfRuh.s:313    .text.eeconfig_update_audio:0000000000000000 eeconfig_update_audio
/var/folders/fs/52b7g59j2v54kt47tqq0zw4r0000gn/T//ccaGfRuh.s:337    .text.eeconfig_read_kb:0000000000000000 eeconfig_read_kb
/var/folders/fs/52b7g59j2v54kt47tqq0zw4r0000gn/T//ccaGfRuh.s:357    .text.eeconfig_update_kb:0000000000000000 eeconfig_update_kb
/var/folders/fs/52b7g59j2v54kt47tqq0zw4r0000gn/T//ccaGfRuh.s:381    .text.eeconfig_read_user:0000000000000000 eeconfig_read_user
/var/folders/fs/52b7g59j2v54kt47tqq0zw4r0000gn/T//ccaGfRuh.s:401    .text.eeconfig_update_user:0000000000000000 eeconfig_update_user
/var/folders/fs/52b7g59j2v54kt47tqq0zw4r0000gn/T//ccaGfRuh.s:425    .text.eeconfig_init_user:0000000000000000 eeconfig_init_user
/var/folders/fs/52b7g59j2v54kt47tqq0zw4r0000gn/T//ccaGfRuh.s:445    .text.eeconfig_init_kb:0000000000000000 eeconfig_init_kb
/var/folders/fs/52b7g59j2v54kt47tqq0zw4r0000gn/T//ccaGfRuh.s:468    .text.eeconfig_init_quantum:0000000000000000 eeconfig_init_quantum
/var/folders/fs/52b7g59j2v54kt47tqq0zw4r0000gn/T//ccaGfRuh.s:562    .text.eeconfig_init:0000000000000000 eeconfig_init
/var/folders/fs/52b7g59j2v54kt47tqq0zw4r0000gn/T//ccaGfRuh.s:579    .text.eeconfig_read_haptic:0000000000000000 eeconfig_read_haptic
/var/folders/fs/52b7g59j2v54kt47tqq0zw4r0000gn/T//ccaGfRuh.s:599    .text.eeconfig_update_haptic:0000000000000000 eeconfig_update_haptic

UNDEFINED SYMBOLS
eeprom_update_word
eeprom_read_word
eeprom_read_byte
eeprom_update_byte
eeprom_read_dword
eeprom_update_dword
default_layer_state
