   1               		.file	"magic.c"
   2               	__SP_H__ = 0x3e
   3               	__SP_L__ = 0x3d
   4               	__SREG__ = 0x3f
   5               	__tmp_reg__ = 0
   6               	__zero_reg__ = 1
   7               		.text
   8               	.Ltext0:
   9               		.cfi_sections	.debug_frame
  10               		.section	.text.magic,"ax",@progbits
  11               	.global	magic
  13               	magic:
  14               	.LFB103:
  15               		.file 1 "tmk_core/common/magic.c"
   1:tmk_core/common/magic.c **** #include <stdint.h>
   2:tmk_core/common/magic.c **** #include <stdbool.h>
   3:tmk_core/common/magic.c **** #if defined(__AVR__)
   4:tmk_core/common/magic.c **** #include <util/delay.h>
   5:tmk_core/common/magic.c **** #endif
   6:tmk_core/common/magic.c **** #include "matrix.h"
   7:tmk_core/common/magic.c **** #include "bootloader.h"
   8:tmk_core/common/magic.c **** #include "debug.h"
   9:tmk_core/common/magic.c **** #include "keymap.h"
  10:tmk_core/common/magic.c **** #include "host.h"
  11:tmk_core/common/magic.c **** #include "action_layer.h"
  12:tmk_core/common/magic.c **** #include "eeconfig.h"
  13:tmk_core/common/magic.c **** #include "magic.h"
  14:tmk_core/common/magic.c **** 
  15:tmk_core/common/magic.c **** keymap_config_t keymap_config;
  16:tmk_core/common/magic.c **** 
  17:tmk_core/common/magic.c **** /** \brief Magic
  18:tmk_core/common/magic.c ****  *
  19:tmk_core/common/magic.c ****  * FIXME: Needs doc
  20:tmk_core/common/magic.c ****  */
  21:tmk_core/common/magic.c **** void magic(void)
  22:tmk_core/common/magic.c **** {
  16               		.loc 1 22 1 view -0
  17               		.cfi_startproc
  18               	/* prologue: function */
  19               	/* frame size = 0 */
  20               	/* stack size = 0 */
  21               	.L__stack_usage = 0
  23:tmk_core/common/magic.c ****     /* check signature */
  24:tmk_core/common/magic.c ****     if (!eeconfig_is_enabled()) {
  22               		.loc 1 24 5 view .LVU1
  23               		.loc 1 24 10 is_stmt 0 view .LVU2
  24 0000 0E94 0000 		call eeconfig_is_enabled
  25               	.LVL0:
  26               		.loc 1 24 8 view .LVU3
  27 0004 8111      		cpse r24,__zero_reg__
  28 0006 00C0      		rjmp .L2
  25:tmk_core/common/magic.c ****         eeconfig_init();
  29               		.loc 1 25 9 is_stmt 1 view .LVU4
  30 0008 0E94 0000 		call eeconfig_init
  31               	.LVL1:
  32               	.L2:
  26:tmk_core/common/magic.c ****     }
  27:tmk_core/common/magic.c **** 
  28:tmk_core/common/magic.c ****     /* debug enable */
  29:tmk_core/common/magic.c ****     debug_config.raw = eeconfig_read_debug();
  33               		.loc 1 29 5 view .LVU5
  34               		.loc 1 29 24 is_stmt 0 view .LVU6
  35 000c 0E94 0000 		call eeconfig_read_debug
  36               	.LVL2:
  37               		.loc 1 29 22 view .LVU7
  38 0010 8093 0000 		sts debug_config,r24
  30:tmk_core/common/magic.c **** 
  31:tmk_core/common/magic.c ****     /* keymap config */
  32:tmk_core/common/magic.c ****     keymap_config.raw = eeconfig_read_keymap();
  39               		.loc 1 32 5 is_stmt 1 view .LVU8
  40               		.loc 1 32 25 is_stmt 0 view .LVU9
  41 0014 0E94 0000 		call eeconfig_read_keymap
  42               	.LVL3:
  43 0018 90E0      		ldi r25,0
  44 001a 9093 0000 		sts keymap_config+1,r25
  45 001e 8093 0000 		sts keymap_config,r24
  33:tmk_core/common/magic.c **** 
  34:tmk_core/common/magic.c ****     uint8_t default_layer = 0;
  46               		.loc 1 34 5 is_stmt 1 view .LVU10
  47               	.LVL4:
  35:tmk_core/common/magic.c ****     default_layer = eeconfig_read_default_layer();
  48               		.loc 1 35 5 view .LVU11
  49               		.loc 1 35 21 is_stmt 0 view .LVU12
  50 0022 0E94 0000 		call eeconfig_read_default_layer
  51               	.LVL5:
  36:tmk_core/common/magic.c ****     default_layer_set((uint32_t)default_layer);
  52               		.loc 1 36 5 is_stmt 1 view .LVU13
  53 0026 682F      		mov r22,r24
  54 0028 70E0      		ldi r23,0
  55 002a 90E0      		ldi r25,0
  56 002c 80E0      		ldi r24,0
  57               	.LVL6:
  58               		.loc 1 36 5 is_stmt 0 view .LVU14
  59 002e 0C94 0000 		jmp default_layer_set
  60               	.LVL7:
  61               		.loc 1 36 5 view .LVU15
  62               		.cfi_endproc
  63               	.LFE103:
  65               		.comm	keymap_config,2,1
  66               		.text
  67               	.Letext0:
  68               		.file 2 "/usr/local/Cellar/avr-gcc/8.3.0/avr/include/stdint.h"
  69               		.file 3 "tmk_core/common/debug.h"
  70               		.file 4 "tmk_core/common/keyboard.h"
  71               		.file 5 "tmk_core/common/action.h"
  72               		.file 6 "lib/lufa/LUFA/Drivers/USB/Core/AVR8/../StdRequestType.h"
  73               		.file 7 "lib/lufa/LUFA/Drivers/USB/Core/AVR8/../DeviceStandardReq.h"
  74               		.file 8 "lib/lufa/LUFA/Drivers/USB/Core/USBTask.h"
  75               		.file 9 "lib/lufa/LUFA/Drivers/USB/Core/HostStandardReq.h"
  76               		.file 10 "/usr/local/Cellar/avr-gcc/8.3.0/avr/include/stdio.h"
  77               		.file 11 "tmk_core/common/host.h"
  78               		.file 12 "quantum/keycode_config.h"
  79               		.file 13 "quantum/keymap.h"
  80               		.file 14 "tmk_core/common/action_layer.h"
  81               		.file 15 "tmk_core/common/eeconfig.h"
DEFINED SYMBOLS
                            *ABS*:0000000000000000 magic.c
/var/folders/fs/52b7g59j2v54kt47tqq0zw4r0000gn/T//ccUfjcei.s:2      *ABS*:000000000000003e __SP_H__
/var/folders/fs/52b7g59j2v54kt47tqq0zw4r0000gn/T//ccUfjcei.s:3      *ABS*:000000000000003d __SP_L__
/var/folders/fs/52b7g59j2v54kt47tqq0zw4r0000gn/T//ccUfjcei.s:4      *ABS*:000000000000003f __SREG__
/var/folders/fs/52b7g59j2v54kt47tqq0zw4r0000gn/T//ccUfjcei.s:5      *ABS*:0000000000000000 __tmp_reg__
/var/folders/fs/52b7g59j2v54kt47tqq0zw4r0000gn/T//ccUfjcei.s:6      *ABS*:0000000000000001 __zero_reg__
/var/folders/fs/52b7g59j2v54kt47tqq0zw4r0000gn/T//ccUfjcei.s:13     .text.magic:0000000000000000 magic
                            *COM*:0000000000000002 keymap_config

UNDEFINED SYMBOLS
eeconfig_is_enabled
eeconfig_init
eeconfig_read_debug
debug_config
eeconfig_read_keymap
eeconfig_read_default_layer
default_layer_set
__do_clear_bss
