   1               		.file	"mousekey.c"
   2               	__SP_H__ = 0x3e
   3               	__SP_L__ = 0x3d
   4               	__SREG__ = 0x3f
   5               	__tmp_reg__ = 0
   6               	__zero_reg__ = 1
   7               		.text
   8               	.Ltext0:
   9               		.cfi_sections	.debug_frame
  10               		.section	.text.move_unit,"ax",@progbits
  12               	move_unit:
  13               	.LFB101:
  14               		.file 1 "tmk_core/common/mousekey.c"
   1:tmk_core/common/mousekey.c **** /*
   2:tmk_core/common/mousekey.c **** Copyright 2011 Jun Wako <wakojun@gmail.com>
   3:tmk_core/common/mousekey.c **** 
   4:tmk_core/common/mousekey.c **** This program is free software: you can redistribute it and/or modify
   5:tmk_core/common/mousekey.c **** it under the terms of the GNU General Public License as published by
   6:tmk_core/common/mousekey.c **** the Free Software Foundation, either version 2 of the License, or
   7:tmk_core/common/mousekey.c **** (at your option) any later version.
   8:tmk_core/common/mousekey.c **** 
   9:tmk_core/common/mousekey.c **** This program is distributed in the hope that it will be useful,
  10:tmk_core/common/mousekey.c **** but WITHOUT ANY WARRANTY; without even the implied warranty of
  11:tmk_core/common/mousekey.c **** MERCHANTABILITY or FITNESS FOR A PARTICULAR PURPOSE.  See the
  12:tmk_core/common/mousekey.c **** GNU General Public License for more details.
  13:tmk_core/common/mousekey.c **** 
  14:tmk_core/common/mousekey.c **** You should have received a copy of the GNU General Public License
  15:tmk_core/common/mousekey.c **** along with this program.  If not, see <http://www.gnu.org/licenses/>.
  16:tmk_core/common/mousekey.c **** */
  17:tmk_core/common/mousekey.c **** 
  18:tmk_core/common/mousekey.c **** #include <stdint.h>
  19:tmk_core/common/mousekey.c **** #include "keycode.h"
  20:tmk_core/common/mousekey.c **** #include "host.h"
  21:tmk_core/common/mousekey.c **** #include "timer.h"
  22:tmk_core/common/mousekey.c **** #include "print.h"
  23:tmk_core/common/mousekey.c **** #include "debug.h"
  24:tmk_core/common/mousekey.c **** #include "mousekey.h"
  25:tmk_core/common/mousekey.c **** 
  26:tmk_core/common/mousekey.c **** inline int8_t times_inv_sqrt2(int8_t x) {
  27:tmk_core/common/mousekey.c ****   // 181/256 is pretty close to 1/sqrt(2)
  28:tmk_core/common/mousekey.c ****   // 0.70703125                 0.707106781
  29:tmk_core/common/mousekey.c ****   // 1 too small for x=99 and x=198
  30:tmk_core/common/mousekey.c ****   // This ends up being a mult and discard lower 8 bits
  31:tmk_core/common/mousekey.c ****   return (x * 181) >> 8;
  32:tmk_core/common/mousekey.c **** }
  33:tmk_core/common/mousekey.c **** 
  34:tmk_core/common/mousekey.c **** static report_mouse_t mouse_report = {0};
  35:tmk_core/common/mousekey.c **** static void mousekey_debug(void);
  36:tmk_core/common/mousekey.c **** static uint8_t mousekey_accel = 0;
  37:tmk_core/common/mousekey.c **** static uint8_t mousekey_repeat =  0;
  38:tmk_core/common/mousekey.c **** static uint16_t last_timer = 0;
  39:tmk_core/common/mousekey.c **** 
  40:tmk_core/common/mousekey.c **** 
  41:tmk_core/common/mousekey.c **** 
  42:tmk_core/common/mousekey.c **** #ifndef MK_3_SPEED
  43:tmk_core/common/mousekey.c **** 
  44:tmk_core/common/mousekey.c **** 
  45:tmk_core/common/mousekey.c **** 
  46:tmk_core/common/mousekey.c **** /*
  47:tmk_core/common/mousekey.c ****  * Mouse keys  acceleration algorithm
  48:tmk_core/common/mousekey.c ****  *  http://en.wikipedia.org/wiki/Mouse_keys
  49:tmk_core/common/mousekey.c ****  *
  50:tmk_core/common/mousekey.c ****  *  speed = delta * max_speed * (repeat / time_to_max)**((1000+curve)/1000)
  51:tmk_core/common/mousekey.c ****  */
  52:tmk_core/common/mousekey.c **** /* milliseconds between the initial key press and first repeated motion event (0-2550) */
  53:tmk_core/common/mousekey.c **** uint8_t mk_delay = MOUSEKEY_DELAY/10;
  54:tmk_core/common/mousekey.c **** /* milliseconds between repeated motion events (0-255) */
  55:tmk_core/common/mousekey.c **** uint8_t mk_interval = MOUSEKEY_INTERVAL;
  56:tmk_core/common/mousekey.c **** /* steady speed (in action_delta units) applied each event (0-255) */
  57:tmk_core/common/mousekey.c **** uint8_t mk_max_speed = MOUSEKEY_MAX_SPEED;
  58:tmk_core/common/mousekey.c **** /* number of events (count) accelerating to steady speed (0-255) */
  59:tmk_core/common/mousekey.c **** uint8_t mk_time_to_max = MOUSEKEY_TIME_TO_MAX;
  60:tmk_core/common/mousekey.c **** /* ramp used to reach maximum pointer speed (NOT SUPPORTED) */
  61:tmk_core/common/mousekey.c **** //int8_t mk_curve = 0;
  62:tmk_core/common/mousekey.c **** /* wheel params */
  63:tmk_core/common/mousekey.c **** uint8_t mk_wheel_max_speed = MOUSEKEY_WHEEL_MAX_SPEED;
  64:tmk_core/common/mousekey.c **** uint8_t mk_wheel_time_to_max = MOUSEKEY_WHEEL_TIME_TO_MAX;
  65:tmk_core/common/mousekey.c **** 
  66:tmk_core/common/mousekey.c **** static uint8_t move_unit(void) {
  15               		.loc 1 66 32 view -0
  16               		.cfi_startproc
  17               	/* prologue: function */
  18               	/* frame size = 0 */
  19               	/* stack size = 0 */
  20               	.L__stack_usage = 0
  67:tmk_core/common/mousekey.c ****   uint16_t unit;
  21               		.loc 1 67 3 view .LVU1
  68:tmk_core/common/mousekey.c ****   if (mousekey_accel & (1<<0)) {
  22               		.loc 1 68 3 view .LVU2
  23               		.loc 1 68 22 is_stmt 0 view .LVU3
  24 0000 8091 0000 		lds r24,mousekey_accel
  25               		.loc 1 68 6 view .LVU4
  26 0004 80FF      		sbrs r24,0
  27 0006 00C0      		rjmp .L2
  69:tmk_core/common/mousekey.c ****     unit = (MOUSEKEY_MOVE_DELTA * mk_max_speed)/4;
  28               		.loc 1 69 5 is_stmt 1 view .LVU5
  29               		.loc 1 69 33 is_stmt 0 view .LVU6
  30 0008 6091 0000 		lds r22,mk_max_speed
  31 000c 85E0      		ldi r24,lo8(5)
  32 000e 689F      		mul r22,r24
  33 0010 B001      		movw r22,r0
  34 0012 1124      		clr __zero_reg__
  35               		.loc 1 69 48 view .LVU7
  36 0014 7595      		asr r23
  37 0016 6795      		ror r22
  38 0018 7595      		asr r23
  39 001a 6795      		ror r22
  40               	.LVL0:
  41               	.L3:
  70:tmk_core/common/mousekey.c ****   } else if (mousekey_accel & (1<<1)) {
  71:tmk_core/common/mousekey.c ****     unit = (MOUSEKEY_MOVE_DELTA * mk_max_speed)/2;
  72:tmk_core/common/mousekey.c ****   } else if (mousekey_accel & (1<<2)) {
  73:tmk_core/common/mousekey.c ****     unit = (MOUSEKEY_MOVE_DELTA * mk_max_speed);
  74:tmk_core/common/mousekey.c ****   } else if (mousekey_repeat == 0) {
  75:tmk_core/common/mousekey.c ****     unit = MOUSEKEY_MOVE_DELTA;
  76:tmk_core/common/mousekey.c ****   } else if (mousekey_repeat >= mk_time_to_max) {
  77:tmk_core/common/mousekey.c ****     unit = MOUSEKEY_MOVE_DELTA * mk_max_speed;
  78:tmk_core/common/mousekey.c ****   } else {
  79:tmk_core/common/mousekey.c ****     unit = (MOUSEKEY_MOVE_DELTA * mk_max_speed * mousekey_repeat) / mk_time_to_max;
  80:tmk_core/common/mousekey.c ****   }
  81:tmk_core/common/mousekey.c ****   return (unit > MOUSEKEY_MOVE_MAX ? MOUSEKEY_MOVE_MAX : (unit == 0 ? 1 : unit));
  42               		.loc 1 81 3 is_stmt 1 view .LVU8
  43               		.loc 1 81 56 is_stmt 0 view .LVU9
  44 001c 6038      		cpi r22,-128
  45 001e 7105      		cpc r23,__zero_reg__
  46 0020 00F4      		brsh .L10
  47               		.loc 1 81 56 discriminator 1 view .LVU10
  48 0022 6115      		cp r22,__zero_reg__
  49 0024 7105      		cpc r23,__zero_reg__
  50 0026 01F0      		breq .L11
  51               	.LVL1:
  52               	.L6:
  53               		.loc 1 81 56 discriminator 3 view .LVU11
  54 0028 862F      		mov r24,r22
  55 002a 0895      		ret
  56               	.L2:
  70:tmk_core/common/mousekey.c ****   } else if (mousekey_accel & (1<<1)) {
  57               		.loc 1 70 10 is_stmt 1 view .LVU12
  70:tmk_core/common/mousekey.c ****   } else if (mousekey_accel & (1<<1)) {
  58               		.loc 1 70 13 is_stmt 0 view .LVU13
  59 002c 81FF      		sbrs r24,1
  60 002e 00C0      		rjmp .L4
  71:tmk_core/common/mousekey.c ****   } else if (mousekey_accel & (1<<2)) {
  61               		.loc 1 71 5 is_stmt 1 view .LVU14
  71:tmk_core/common/mousekey.c ****   } else if (mousekey_accel & (1<<2)) {
  62               		.loc 1 71 33 is_stmt 0 view .LVU15
  63 0030 6091 0000 		lds r22,mk_max_speed
  64 0034 85E0      		ldi r24,lo8(5)
  65 0036 689F      		mul r22,r24
  66 0038 B001      		movw r22,r0
  67 003a 1124      		clr __zero_reg__
  71:tmk_core/common/mousekey.c ****   } else if (mousekey_accel & (1<<2)) {
  68               		.loc 1 71 48 view .LVU16
  69 003c 7595      		asr r23
  70 003e 6795      		ror r22
  71               	.LVL2:
  71:tmk_core/common/mousekey.c ****   } else if (mousekey_accel & (1<<2)) {
  72               		.loc 1 71 48 view .LVU17
  73 0040 00C0      		rjmp .L3
  74               	.LVL3:
  75               	.L4:
  72:tmk_core/common/mousekey.c ****     unit = (MOUSEKEY_MOVE_DELTA * mk_max_speed);
  76               		.loc 1 72 10 is_stmt 1 view .LVU18
  73:tmk_core/common/mousekey.c ****   } else if (mousekey_repeat == 0) {
  77               		.loc 1 73 33 is_stmt 0 view .LVU19
  78 0042 6091 0000 		lds r22,mk_max_speed
  72:tmk_core/common/mousekey.c ****     unit = (MOUSEKEY_MOVE_DELTA * mk_max_speed);
  79               		.loc 1 72 13 view .LVU20
  80 0046 82FD      		sbrc r24,2
  81 0048 00C0      		rjmp .L12
  74:tmk_core/common/mousekey.c ****     unit = MOUSEKEY_MOVE_DELTA;
  82               		.loc 1 74 10 is_stmt 1 view .LVU21
  74:tmk_core/common/mousekey.c ****     unit = MOUSEKEY_MOVE_DELTA;
  83               		.loc 1 74 30 is_stmt 0 view .LVU22
  84 004a 8091 0000 		lds r24,mousekey_repeat
  74:tmk_core/common/mousekey.c ****     unit = MOUSEKEY_MOVE_DELTA;
  85               		.loc 1 74 13 view .LVU23
  86 004e 8823      		tst r24
  87 0050 01F0      		breq .L9
  76:tmk_core/common/mousekey.c ****     unit = MOUSEKEY_MOVE_DELTA * mk_max_speed;
  88               		.loc 1 76 10 is_stmt 1 view .LVU24
  76:tmk_core/common/mousekey.c ****     unit = MOUSEKEY_MOVE_DELTA * mk_max_speed;
  89               		.loc 1 76 30 is_stmt 0 view .LVU25
  90 0052 9091 0000 		lds r25,mk_time_to_max
  91 0056 6091 0000 		lds r22,mk_max_speed
  76:tmk_core/common/mousekey.c ****     unit = MOUSEKEY_MOVE_DELTA * mk_max_speed;
  92               		.loc 1 76 13 view .LVU26
  93 005a 8917      		cp r24,r25
  94 005c 00F0      		brlo .L7
  95               	.L12:
  77:tmk_core/common/mousekey.c ****   } else {
  96               		.loc 1 77 5 is_stmt 1 view .LVU27
  77:tmk_core/common/mousekey.c ****   } else {
  97               		.loc 1 77 32 is_stmt 0 view .LVU28
  98 005e 85E0      		ldi r24,lo8(5)
  99 0060 689F      		mul r22,r24
 100 0062 B001      		movw r22,r0
 101 0064 1124      		clr __zero_reg__
 102               	.LVL4:
  77:tmk_core/common/mousekey.c ****   } else {
 103               		.loc 1 77 32 view .LVU29
 104 0066 00C0      		rjmp .L3
 105               	.LVL5:
 106               	.L7:
  79:tmk_core/common/mousekey.c ****   }
 107               		.loc 1 79 5 is_stmt 1 view .LVU30
  79:tmk_core/common/mousekey.c ****   }
 108               		.loc 1 79 48 is_stmt 0 view .LVU31
 109 0068 869F      		mul r24,r22
 110 006a B001      		movw r22,r0
 111 006c 1124      		clr __zero_reg__
 112 006e 85E0      		ldi r24,lo8(5)
 113 0070 869F      		mul r24,r22
 114 0072 9001      		movw r18,r0
 115 0074 879F      		mul r24,r23
 116 0076 300D      		add r19,r0
 117 0078 1124      		clr __zero_reg__
  79:tmk_core/common/mousekey.c ****   }
 118               		.loc 1 79 67 view .LVU32
 119 007a 692F      		mov r22,r25
 120 007c 70E0      		ldi r23,0
  79:tmk_core/common/mousekey.c ****   }
 121               		.loc 1 79 10 view .LVU33
 122 007e C901      		movw r24,r18
 123 0080 0E94 0000 		call __divmodhi4
 124               	.LVL6:
  79:tmk_core/common/mousekey.c ****   }
 125               		.loc 1 79 10 view .LVU34
 126 0084 00C0      		rjmp .L3
 127               	.LVL7:
 128               	.L9:
  75:tmk_core/common/mousekey.c ****   } else if (mousekey_repeat >= mk_time_to_max) {
 129               		.loc 1 75 10 view .LVU35
 130 0086 65E0      		ldi r22,lo8(5)
 131 0088 70E0      		ldi r23,0
 132 008a 00C0      		rjmp .L6
 133               	.LVL8:
 134               	.L10:
 135               		.loc 1 81 56 view .LVU36
 136 008c 8FE7      		ldi r24,lo8(127)
 137 008e 0895      		ret
 138               	.L11:
 139 0090 81E0      		ldi r24,lo8(1)
 140               	/* epilogue start */
  82:tmk_core/common/mousekey.c **** }
 141               		.loc 1 82 1 view .LVU37
 142 0092 0895      		ret
 143               		.cfi_endproc
 144               	.LFE101:
 146               		.section	.text.wheel_unit,"ax",@progbits
 148               	wheel_unit:
 149               	.LFB102:
  83:tmk_core/common/mousekey.c **** 
  84:tmk_core/common/mousekey.c **** static uint8_t wheel_unit(void) {
 150               		.loc 1 84 33 is_stmt 1 view -0
 151               		.cfi_startproc
 152               	/* prologue: function */
 153               	/* frame size = 0 */
 154               	/* stack size = 0 */
 155               	.L__stack_usage = 0
  85:tmk_core/common/mousekey.c ****   uint16_t unit;
 156               		.loc 1 85 3 view .LVU39
  86:tmk_core/common/mousekey.c ****   if (mousekey_accel & (1<<0)) {
 157               		.loc 1 86 3 view .LVU40
 158               		.loc 1 86 22 is_stmt 0 view .LVU41
 159 0000 8091 0000 		lds r24,mousekey_accel
 160               		.loc 1 86 6 view .LVU42
 161 0004 80FF      		sbrs r24,0
 162 0006 00C0      		rjmp .L14
  87:tmk_core/common/mousekey.c ****     unit = (MOUSEKEY_WHEEL_DELTA * mk_wheel_max_speed)/4;
 163               		.loc 1 87 5 is_stmt 1 view .LVU43
 164               		.loc 1 87 34 is_stmt 0 view .LVU44
 165 0008 6091 0000 		lds r22,mk_wheel_max_speed
 166 000c 70E0      		ldi r23,0
 167               		.loc 1 87 55 view .LVU45
 168 000e 7595      		asr r23
 169 0010 6795      		ror r22
 170 0012 7595      		asr r23
 171 0014 6795      		ror r22
 172               	.LVL9:
 173               	.L15:
  88:tmk_core/common/mousekey.c ****   } else if (mousekey_accel & (1<<1)) {
  89:tmk_core/common/mousekey.c ****     unit = (MOUSEKEY_WHEEL_DELTA * mk_wheel_max_speed)/2;
  90:tmk_core/common/mousekey.c ****   } else if (mousekey_accel & (1<<2)) {
  91:tmk_core/common/mousekey.c ****     unit = (MOUSEKEY_WHEEL_DELTA * mk_wheel_max_speed);
  92:tmk_core/common/mousekey.c ****   } else if (mousekey_repeat == 0) {
  93:tmk_core/common/mousekey.c ****     unit = MOUSEKEY_WHEEL_DELTA;
  94:tmk_core/common/mousekey.c ****   } else if (mousekey_repeat >= mk_wheel_time_to_max) {
  95:tmk_core/common/mousekey.c ****     unit = MOUSEKEY_WHEEL_DELTA * mk_wheel_max_speed;
  96:tmk_core/common/mousekey.c ****   } else {
  97:tmk_core/common/mousekey.c ****     unit = (MOUSEKEY_WHEEL_DELTA * mk_wheel_max_speed * mousekey_repeat) / mk_wheel_time_to_max;
  98:tmk_core/common/mousekey.c ****   }
  99:tmk_core/common/mousekey.c ****   return (unit > MOUSEKEY_WHEEL_MAX ? MOUSEKEY_WHEEL_MAX : (unit == 0 ? 1 : unit));
 174               		.loc 1 99 58 discriminator 1 view .LVU46
 175 0016 6115      		cp r22,__zero_reg__
 176 0018 7105      		cpc r23,__zero_reg__
 177 001a 01F0      		breq .L24
 178               	.L19:
 179               		.loc 1 99 58 discriminator 3 view .LVU47
 180 001c 862F      		mov r24,r22
 181 001e 0895      		ret
 182               	.L14:
  88:tmk_core/common/mousekey.c ****   } else if (mousekey_accel & (1<<1)) {
 183               		.loc 1 88 10 is_stmt 1 view .LVU48
  88:tmk_core/common/mousekey.c ****   } else if (mousekey_accel & (1<<1)) {
 184               		.loc 1 88 13 is_stmt 0 view .LVU49
 185 0020 81FF      		sbrs r24,1
 186 0022 00C0      		rjmp .L16
  89:tmk_core/common/mousekey.c ****   } else if (mousekey_accel & (1<<2)) {
 187               		.loc 1 89 5 is_stmt 1 view .LVU50
  89:tmk_core/common/mousekey.c ****   } else if (mousekey_accel & (1<<2)) {
 188               		.loc 1 89 34 is_stmt 0 view .LVU51
 189 0024 6091 0000 		lds r22,mk_wheel_max_speed
 190 0028 70E0      		ldi r23,0
  89:tmk_core/common/mousekey.c ****   } else if (mousekey_accel & (1<<2)) {
 191               		.loc 1 89 55 view .LVU52
 192 002a 7595      		asr r23
 193 002c 6795      		ror r22
 194               	.LVL10:
  89:tmk_core/common/mousekey.c ****   } else if (mousekey_accel & (1<<2)) {
 195               		.loc 1 89 55 view .LVU53
 196 002e 00C0      		rjmp .L15
 197               	.LVL11:
 198               	.L16:
  90:tmk_core/common/mousekey.c ****     unit = (MOUSEKEY_WHEEL_DELTA * mk_wheel_max_speed);
 199               		.loc 1 90 10 is_stmt 1 view .LVU54
  91:tmk_core/common/mousekey.c ****   } else if (mousekey_repeat == 0) {
 200               		.loc 1 91 10 is_stmt 0 view .LVU55
 201 0030 6091 0000 		lds r22,mk_wheel_max_speed
  90:tmk_core/common/mousekey.c ****     unit = (MOUSEKEY_WHEEL_DELTA * mk_wheel_max_speed);
 202               		.loc 1 90 13 view .LVU56
 203 0034 82FD      		sbrc r24,2
 204 0036 00C0      		rjmp .L25
  92:tmk_core/common/mousekey.c ****     unit = MOUSEKEY_WHEEL_DELTA;
 205               		.loc 1 92 10 is_stmt 1 view .LVU57
  92:tmk_core/common/mousekey.c ****     unit = MOUSEKEY_WHEEL_DELTA;
 206               		.loc 1 92 30 is_stmt 0 view .LVU58
 207 0038 9091 0000 		lds r25,mousekey_repeat
  92:tmk_core/common/mousekey.c ****     unit = MOUSEKEY_WHEEL_DELTA;
 208               		.loc 1 92 13 view .LVU59
 209 003c 9923      		tst r25
 210 003e 01F0      		breq .L22
  94:tmk_core/common/mousekey.c ****     unit = MOUSEKEY_WHEEL_DELTA * mk_wheel_max_speed;
 211               		.loc 1 94 10 is_stmt 1 view .LVU60
  94:tmk_core/common/mousekey.c ****     unit = MOUSEKEY_WHEEL_DELTA * mk_wheel_max_speed;
 212               		.loc 1 94 30 is_stmt 0 view .LVU61
 213 0040 6091 0000 		lds r22,mk_wheel_time_to_max
 214 0044 8091 0000 		lds r24,mk_wheel_max_speed
  94:tmk_core/common/mousekey.c ****     unit = MOUSEKEY_WHEEL_DELTA * mk_wheel_max_speed;
 215               		.loc 1 94 13 view .LVU62
 216 0048 9617      		cp r25,r22
 217 004a 00F0      		brlo .L20
  95:tmk_core/common/mousekey.c ****   } else {
 218               		.loc 1 95 5 is_stmt 1 view .LVU63
  95:tmk_core/common/mousekey.c ****   } else {
 219               		.loc 1 95 10 is_stmt 0 view .LVU64
 220 004c 682F      		mov r22,r24
 221               	.L25:
 222 004e 70E0      		ldi r23,0
 223               	.LVL12:
 224               	.L18:
 225               		.loc 1 99 3 is_stmt 1 view .LVU65
 226               		.loc 1 99 58 is_stmt 0 view .LVU66
 227 0050 6038      		cpi r22,-128
 228 0052 7105      		cpc r23,__zero_reg__
 229 0054 00F0      		brlo .L15
 230 0056 8FE7      		ldi r24,lo8(127)
 231 0058 0895      		ret
 232               	.LVL13:
 233               	.L20:
  97:tmk_core/common/mousekey.c ****   }
 234               		.loc 1 97 5 is_stmt 1 view .LVU67
  97:tmk_core/common/mousekey.c ****   }
 235               		.loc 1 97 55 is_stmt 0 view .LVU68
 236 005a 899F      		mul r24,r25
 237 005c C001      		movw r24,r0
 238 005e 1124      		clr __zero_reg__
  97:tmk_core/common/mousekey.c ****   }
 239               		.loc 1 97 74 view .LVU69
 240 0060 70E0      		ldi r23,0
  97:tmk_core/common/mousekey.c ****   }
 241               		.loc 1 97 10 view .LVU70
 242 0062 0E94 0000 		call __divmodhi4
 243               	.LVL14:
  97:tmk_core/common/mousekey.c ****   }
 244               		.loc 1 97 10 view .LVU71
 245 0066 00C0      		rjmp .L18
 246               	.LVL15:
 247               	.L22:
  93:tmk_core/common/mousekey.c ****   } else if (mousekey_repeat >= mk_wheel_time_to_max) {
 248               		.loc 1 93 10 view .LVU72
 249 0068 61E0      		ldi r22,lo8(1)
 250 006a 70E0      		ldi r23,0
 251 006c 00C0      		rjmp .L19
 252               	.L24:
 253               		.loc 1 99 58 view .LVU73
 254 006e 81E0      		ldi r24,lo8(1)
 255               	/* epilogue start */
 100:tmk_core/common/mousekey.c **** }
 256               		.loc 1 100 1 view .LVU74
 257 0070 0895      		ret
 258               		.cfi_endproc
 259               	.LFE102:
 261               		.section	.text.mousekey_on,"ax",@progbits
 262               	.global	mousekey_on
 264               	mousekey_on:
 265               	.LVL16:
 266               	.LFB104:
 101:tmk_core/common/mousekey.c **** 
 102:tmk_core/common/mousekey.c **** void mousekey_task(void) {
 103:tmk_core/common/mousekey.c ****   if (timer_elapsed(last_timer) < (mousekey_repeat ? mk_interval : mk_delay*10)) {
 104:tmk_core/common/mousekey.c ****     return;
 105:tmk_core/common/mousekey.c ****   }
 106:tmk_core/common/mousekey.c ****   if (mouse_report.x == 0 && mouse_report.y == 0 && mouse_report.v == 0 && mouse_report.h == 0) {
 107:tmk_core/common/mousekey.c ****     return;
 108:tmk_core/common/mousekey.c **** 	}
 109:tmk_core/common/mousekey.c ****   if (mousekey_repeat != UINT8_MAX) mousekey_repeat++;
 110:tmk_core/common/mousekey.c ****   if (mouse_report.x > 0) mouse_report.x = move_unit();
 111:tmk_core/common/mousekey.c ****   if (mouse_report.x < 0) mouse_report.x = move_unit() * -1;
 112:tmk_core/common/mousekey.c ****   if (mouse_report.y > 0) mouse_report.y = move_unit();
 113:tmk_core/common/mousekey.c ****   if (mouse_report.y < 0) mouse_report.y = move_unit() * -1;
 114:tmk_core/common/mousekey.c ****   /* diagonal move [1/sqrt(2)] */
 115:tmk_core/common/mousekey.c ****   if (mouse_report.x && mouse_report.y) {
 116:tmk_core/common/mousekey.c ****     mouse_report.x = times_inv_sqrt2(mouse_report.x);
 117:tmk_core/common/mousekey.c ****     if (mouse_report.x == 0) { mouse_report.x = 1; }
 118:tmk_core/common/mousekey.c ****     mouse_report.y = times_inv_sqrt2(mouse_report.y);
 119:tmk_core/common/mousekey.c ****     if (mouse_report.y == 0) { mouse_report.y = 1; }
 120:tmk_core/common/mousekey.c ****   }
 121:tmk_core/common/mousekey.c ****   if (mouse_report.v > 0) mouse_report.v = wheel_unit();
 122:tmk_core/common/mousekey.c ****   if (mouse_report.v < 0) mouse_report.v = wheel_unit() * -1;
 123:tmk_core/common/mousekey.c ****   if (mouse_report.h > 0) mouse_report.h = wheel_unit();
 124:tmk_core/common/mousekey.c ****   if (mouse_report.h < 0) mouse_report.h = wheel_unit() * -1;
 125:tmk_core/common/mousekey.c ****   mousekey_send();
 126:tmk_core/common/mousekey.c **** }
 127:tmk_core/common/mousekey.c **** 
 128:tmk_core/common/mousekey.c **** void mousekey_on(uint8_t code) {
 267               		.loc 1 128 32 is_stmt 1 view -0
 268               		.cfi_startproc
 269               	/* prologue: function */
 270               	/* frame size = 0 */
 271               	/* stack size = 0 */
 272               	.L__stack_usage = 0
 129:tmk_core/common/mousekey.c ****   if      (code == KC_MS_UP)       mouse_report.y = move_unit() * -1;
 273               		.loc 1 129 3 view .LVU76
 274               		.loc 1 129 11 is_stmt 0 view .LVU77
 275 0000 803F      		cpi r24,lo8(-16)
 276 0002 01F4      		brne .L27
 277               		.loc 1 129 36 is_stmt 1 discriminator 1 view .LVU78
 278               		.loc 1 129 53 is_stmt 0 discriminator 1 view .LVU79
 279 0004 0E94 0000 		call move_unit
 280               	.LVL17:
 281               		.loc 1 129 51 discriminator 1 view .LVU80
 282 0008 8195      		neg r24
 283               	.L43:
 130:tmk_core/common/mousekey.c ****   else if (code == KC_MS_DOWN)     mouse_report.y = move_unit();
 284               		.loc 1 130 51 discriminator 1 view .LVU81
 285 000a 8093 0000 		sts mouse_report+3,r24
 286 000e 0895      		ret
 287               	.LVL18:
 288               	.L27:
 289               		.loc 1 130 8 is_stmt 1 view .LVU82
 290               		.loc 1 130 11 is_stmt 0 view .LVU83
 291 0010 813F      		cpi r24,lo8(-15)
 292 0012 01F4      		brne .L29
 293               		.loc 1 130 36 is_stmt 1 discriminator 1 view .LVU84
 294               		.loc 1 130 53 is_stmt 0 discriminator 1 view .LVU85
 295 0014 0E94 0000 		call move_unit
 296               	.LVL19:
 297               		.loc 1 130 53 discriminator 1 view .LVU86
 298 0018 00C0      		rjmp .L43
 299               	.LVL20:
 300               	.L29:
 131:tmk_core/common/mousekey.c ****   else if (code == KC_MS_LEFT)     mouse_report.x = move_unit() * -1;
 301               		.loc 1 131 8 is_stmt 1 view .LVU87
 302               		.loc 1 131 11 is_stmt 0 view .LVU88
 303 001a 823F      		cpi r24,lo8(-14)
 304 001c 01F4      		brne .L30
 305               		.loc 1 131 36 is_stmt 1 discriminator 1 view .LVU89
 306               		.loc 1 131 53 is_stmt 0 discriminator 1 view .LVU90
 307 001e 0E94 0000 		call move_unit
 308               	.LVL21:
 309               		.loc 1 131 51 discriminator 1 view .LVU91
 310 0022 8195      		neg r24
 311               	.L45:
 132:tmk_core/common/mousekey.c ****   else if (code == KC_MS_RIGHT)    mouse_report.x = move_unit();
 312               		.loc 1 132 51 discriminator 1 view .LVU92
 313 0024 8093 0000 		sts mouse_report+2,r24
 314 0028 0895      		ret
 315               	.LVL22:
 316               	.L30:
 317               		.loc 1 132 8 is_stmt 1 view .LVU93
 318               		.loc 1 132 11 is_stmt 0 view .LVU94
 319 002a 833F      		cpi r24,lo8(-13)
 320 002c 01F4      		brne .L31
 321               		.loc 1 132 36 is_stmt 1 discriminator 1 view .LVU95
 322               		.loc 1 132 53 is_stmt 0 discriminator 1 view .LVU96
 323 002e 0E94 0000 		call move_unit
 324               	.LVL23:
 325               		.loc 1 132 53 discriminator 1 view .LVU97
 326 0032 00C0      		rjmp .L45
 327               	.LVL24:
 328               	.L31:
 133:tmk_core/common/mousekey.c ****   else if (code == KC_MS_WH_UP)    mouse_report.v = wheel_unit();
 329               		.loc 1 133 8 is_stmt 1 view .LVU98
 330               		.loc 1 133 11 is_stmt 0 view .LVU99
 331 0034 893F      		cpi r24,lo8(-7)
 332 0036 01F4      		brne .L32
 333               		.loc 1 133 36 is_stmt 1 discriminator 1 view .LVU100
 334               		.loc 1 133 53 is_stmt 0 discriminator 1 view .LVU101
 335 0038 0E94 0000 		call wheel_unit
 336               	.LVL25:
 337               	.L47:
 134:tmk_core/common/mousekey.c ****   else if (code == KC_MS_WH_DOWN)  mouse_report.v = wheel_unit() * -1;
 338               		.loc 1 134 51 discriminator 1 view .LVU102
 339 003c 8093 0000 		sts mouse_report+4,r24
 340 0040 0895      		ret
 341               	.LVL26:
 342               	.L32:
 343               		.loc 1 134 8 is_stmt 1 view .LVU103
 344               		.loc 1 134 11 is_stmt 0 view .LVU104
 345 0042 8A3F      		cpi r24,lo8(-6)
 346 0044 01F4      		brne .L33
 347               		.loc 1 134 36 is_stmt 1 discriminator 1 view .LVU105
 348               		.loc 1 134 53 is_stmt 0 discriminator 1 view .LVU106
 349 0046 0E94 0000 		call wheel_unit
 350               	.LVL27:
 351               		.loc 1 134 51 discriminator 1 view .LVU107
 352 004a 8195      		neg r24
 353 004c 00C0      		rjmp .L47
 354               	.LVL28:
 355               	.L33:
 135:tmk_core/common/mousekey.c ****   else if (code == KC_MS_WH_LEFT)  mouse_report.h = wheel_unit() * -1;
 356               		.loc 1 135 8 is_stmt 1 view .LVU108
 357               		.loc 1 135 11 is_stmt 0 view .LVU109
 358 004e 8B3F      		cpi r24,lo8(-5)
 359 0050 01F4      		brne .L34
 360               		.loc 1 135 36 is_stmt 1 discriminator 1 view .LVU110
 361               		.loc 1 135 53 is_stmt 0 discriminator 1 view .LVU111
 362 0052 0E94 0000 		call wheel_unit
 363               	.LVL29:
 364               		.loc 1 135 51 discriminator 1 view .LVU112
 365 0056 8195      		neg r24
 366               	.L48:
 136:tmk_core/common/mousekey.c ****   else if (code == KC_MS_WH_RIGHT) mouse_report.h = wheel_unit();
 367               		.loc 1 136 51 discriminator 1 view .LVU113
 368 0058 8093 0000 		sts mouse_report+5,r24
 369 005c 0895      		ret
 370               	.LVL30:
 371               	.L34:
 372               		.loc 1 136 8 is_stmt 1 view .LVU114
 373               		.loc 1 136 11 is_stmt 0 view .LVU115
 374 005e 8C3F      		cpi r24,lo8(-4)
 375 0060 01F4      		brne .L35
 376               		.loc 1 136 36 is_stmt 1 discriminator 1 view .LVU116
 377               		.loc 1 136 53 is_stmt 0 discriminator 1 view .LVU117
 378 0062 0E94 0000 		call wheel_unit
 379               	.LVL31:
 380               		.loc 1 136 53 discriminator 1 view .LVU118
 381 0066 00C0      		rjmp .L48
 382               	.LVL32:
 383               	.L35:
 137:tmk_core/common/mousekey.c ****   else if (code == KC_MS_BTN1)     mouse_report.buttons |= MOUSE_BTN1;
 384               		.loc 1 137 8 is_stmt 1 view .LVU119
 385               		.loc 1 137 11 is_stmt 0 view .LVU120
 386 0068 843F      		cpi r24,lo8(-12)
 387 006a 01F4      		brne .L36
 388               		.loc 1 137 36 is_stmt 1 discriminator 1 view .LVU121
 389               		.loc 1 137 57 is_stmt 0 discriminator 1 view .LVU122
 390 006c 8091 0000 		lds r24,mouse_report+1
 391               	.LVL33:
 392               		.loc 1 137 57 discriminator 1 view .LVU123
 393 0070 8160      		ori r24,lo8(1)
 394               	.L46:
 138:tmk_core/common/mousekey.c ****   else if (code == KC_MS_BTN2)     mouse_report.buttons |= MOUSE_BTN2;
 139:tmk_core/common/mousekey.c ****   else if (code == KC_MS_BTN3)     mouse_report.buttons |= MOUSE_BTN3;
 140:tmk_core/common/mousekey.c ****   else if (code == KC_MS_BTN4)     mouse_report.buttons |= MOUSE_BTN4;
 141:tmk_core/common/mousekey.c ****   else if (code == KC_MS_BTN5)     mouse_report.buttons |= MOUSE_BTN5;
 395               		.loc 1 141 57 discriminator 1 view .LVU124
 396 0072 8093 0000 		sts mouse_report+1,r24
 397 0076 0895      		ret
 398               	.LVL34:
 399               	.L36:
 138:tmk_core/common/mousekey.c ****   else if (code == KC_MS_BTN2)     mouse_report.buttons |= MOUSE_BTN2;
 400               		.loc 1 138 8 is_stmt 1 view .LVU125
 138:tmk_core/common/mousekey.c ****   else if (code == KC_MS_BTN2)     mouse_report.buttons |= MOUSE_BTN2;
 401               		.loc 1 138 11 is_stmt 0 view .LVU126
 402 0078 853F      		cpi r24,lo8(-11)
 403 007a 01F4      		brne .L37
 138:tmk_core/common/mousekey.c ****   else if (code == KC_MS_BTN2)     mouse_report.buttons |= MOUSE_BTN2;
 404               		.loc 1 138 36 is_stmt 1 discriminator 1 view .LVU127
 138:tmk_core/common/mousekey.c ****   else if (code == KC_MS_BTN2)     mouse_report.buttons |= MOUSE_BTN2;
 405               		.loc 1 138 57 is_stmt 0 discriminator 1 view .LVU128
 406 007c 8091 0000 		lds r24,mouse_report+1
 407               	.LVL35:
 138:tmk_core/common/mousekey.c ****   else if (code == KC_MS_BTN2)     mouse_report.buttons |= MOUSE_BTN2;
 408               		.loc 1 138 57 discriminator 1 view .LVU129
 409 0080 8260      		ori r24,lo8(2)
 410 0082 00C0      		rjmp .L46
 411               	.LVL36:
 412               	.L37:
 139:tmk_core/common/mousekey.c ****   else if (code == KC_MS_BTN4)     mouse_report.buttons |= MOUSE_BTN4;
 413               		.loc 1 139 8 is_stmt 1 view .LVU130
 139:tmk_core/common/mousekey.c ****   else if (code == KC_MS_BTN4)     mouse_report.buttons |= MOUSE_BTN4;
 414               		.loc 1 139 11 is_stmt 0 view .LVU131
 415 0084 863F      		cpi r24,lo8(-10)
 416 0086 01F4      		brne .L38
 139:tmk_core/common/mousekey.c ****   else if (code == KC_MS_BTN4)     mouse_report.buttons |= MOUSE_BTN4;
 417               		.loc 1 139 36 is_stmt 1 discriminator 1 view .LVU132
 139:tmk_core/common/mousekey.c ****   else if (code == KC_MS_BTN4)     mouse_report.buttons |= MOUSE_BTN4;
 418               		.loc 1 139 57 is_stmt 0 discriminator 1 view .LVU133
 419 0088 8091 0000 		lds r24,mouse_report+1
 420               	.LVL37:
 139:tmk_core/common/mousekey.c ****   else if (code == KC_MS_BTN4)     mouse_report.buttons |= MOUSE_BTN4;
 421               		.loc 1 139 57 discriminator 1 view .LVU134
 422 008c 8460      		ori r24,lo8(4)
 423 008e 00C0      		rjmp .L46
 424               	.LVL38:
 425               	.L38:
 140:tmk_core/common/mousekey.c ****   else if (code == KC_MS_BTN5)     mouse_report.buttons |= MOUSE_BTN5;
 426               		.loc 1 140 8 is_stmt 1 view .LVU135
 140:tmk_core/common/mousekey.c ****   else if (code == KC_MS_BTN5)     mouse_report.buttons |= MOUSE_BTN5;
 427               		.loc 1 140 11 is_stmt 0 view .LVU136
 428 0090 873F      		cpi r24,lo8(-9)
 429 0092 01F4      		brne .L39
 140:tmk_core/common/mousekey.c ****   else if (code == KC_MS_BTN5)     mouse_report.buttons |= MOUSE_BTN5;
 430               		.loc 1 140 36 is_stmt 1 discriminator 1 view .LVU137
 140:tmk_core/common/mousekey.c ****   else if (code == KC_MS_BTN5)     mouse_report.buttons |= MOUSE_BTN5;
 431               		.loc 1 140 57 is_stmt 0 discriminator 1 view .LVU138
 432 0094 8091 0000 		lds r24,mouse_report+1
 433               	.LVL39:
 140:tmk_core/common/mousekey.c ****   else if (code == KC_MS_BTN5)     mouse_report.buttons |= MOUSE_BTN5;
 434               		.loc 1 140 57 discriminator 1 view .LVU139
 435 0098 8860      		ori r24,lo8(8)
 436 009a 00C0      		rjmp .L46
 437               	.LVL40:
 438               	.L39:
 439               		.loc 1 141 8 is_stmt 1 view .LVU140
 440               		.loc 1 141 11 is_stmt 0 view .LVU141
 441 009c 883F      		cpi r24,lo8(-8)
 442 009e 01F4      		brne .L40
 443               		.loc 1 141 36 is_stmt 1 discriminator 1 view .LVU142
 444               		.loc 1 141 57 is_stmt 0 discriminator 1 view .LVU143
 445 00a0 8091 0000 		lds r24,mouse_report+1
 446               	.LVL41:
 447               		.loc 1 141 57 discriminator 1 view .LVU144
 448 00a4 8061      		ori r24,lo8(16)
 449 00a6 00C0      		rjmp .L46
 450               	.LVL42:
 451               	.L40:
 142:tmk_core/common/mousekey.c ****   else if (code == KC_MS_ACCEL0)   mousekey_accel |= (1<<0);
 452               		.loc 1 142 8 is_stmt 1 view .LVU145
 453               		.loc 1 142 11 is_stmt 0 view .LVU146
 454 00a8 8D3F      		cpi r24,lo8(-3)
 455 00aa 01F4      		brne .L41
 456               		.loc 1 142 36 is_stmt 1 discriminator 1 view .LVU147
 457               		.loc 1 142 51 is_stmt 0 discriminator 1 view .LVU148
 458 00ac 8091 0000 		lds r24,mousekey_accel
 459               	.LVL43:
 460               		.loc 1 142 51 discriminator 1 view .LVU149
 461 00b0 8160      		ori r24,lo8(1)
 462               	.L44:
 143:tmk_core/common/mousekey.c ****   else if (code == KC_MS_ACCEL1)   mousekey_accel |= (1<<1);
 144:tmk_core/common/mousekey.c ****   else if (code == KC_MS_ACCEL2)   mousekey_accel |= (1<<2);
 463               		.loc 1 144 51 discriminator 1 view .LVU150
 464 00b2 8093 0000 		sts mousekey_accel,r24
 465               	.L26:
 466               	/* epilogue start */
 145:tmk_core/common/mousekey.c **** }
 467               		.loc 1 145 1 view .LVU151
 468 00b6 0895      		ret
 469               	.LVL44:
 470               	.L41:
 143:tmk_core/common/mousekey.c ****   else if (code == KC_MS_ACCEL1)   mousekey_accel |= (1<<1);
 471               		.loc 1 143 8 is_stmt 1 view .LVU152
 143:tmk_core/common/mousekey.c ****   else if (code == KC_MS_ACCEL1)   mousekey_accel |= (1<<1);
 472               		.loc 1 143 11 is_stmt 0 view .LVU153
 473 00b8 8E3F      		cpi r24,lo8(-2)
 474 00ba 01F4      		brne .L42
 143:tmk_core/common/mousekey.c ****   else if (code == KC_MS_ACCEL1)   mousekey_accel |= (1<<1);
 475               		.loc 1 143 36 is_stmt 1 discriminator 1 view .LVU154
 143:tmk_core/common/mousekey.c ****   else if (code == KC_MS_ACCEL1)   mousekey_accel |= (1<<1);
 476               		.loc 1 143 51 is_stmt 0 discriminator 1 view .LVU155
 477 00bc 8091 0000 		lds r24,mousekey_accel
 478               	.LVL45:
 143:tmk_core/common/mousekey.c ****   else if (code == KC_MS_ACCEL1)   mousekey_accel |= (1<<1);
 479               		.loc 1 143 51 discriminator 1 view .LVU156
 480 00c0 8260      		ori r24,lo8(2)
 481 00c2 00C0      		rjmp .L44
 482               	.LVL46:
 483               	.L42:
 144:tmk_core/common/mousekey.c **** }
 484               		.loc 1 144 8 is_stmt 1 view .LVU157
 144:tmk_core/common/mousekey.c **** }
 485               		.loc 1 144 11 is_stmt 0 view .LVU158
 486 00c4 8F3F      		cpi r24,lo8(-1)
 487 00c6 01F4      		brne .L26
 144:tmk_core/common/mousekey.c **** }
 488               		.loc 1 144 36 is_stmt 1 discriminator 1 view .LVU159
 144:tmk_core/common/mousekey.c **** }
 489               		.loc 1 144 51 is_stmt 0 discriminator 1 view .LVU160
 490 00c8 8091 0000 		lds r24,mousekey_accel
 491               	.LVL47:
 144:tmk_core/common/mousekey.c **** }
 492               		.loc 1 144 51 discriminator 1 view .LVU161
 493 00cc 8460      		ori r24,lo8(4)
 494 00ce 00C0      		rjmp .L44
 495               		.cfi_endproc
 496               	.LFE104:
 498               		.section	.text.mousekey_off,"ax",@progbits
 499               	.global	mousekey_off
 501               	mousekey_off:
 502               	.LVL48:
 503               	.LFB105:
 146:tmk_core/common/mousekey.c **** 
 147:tmk_core/common/mousekey.c **** void mousekey_off(uint8_t code) {
 504               		.loc 1 147 33 is_stmt 1 view -0
 505               		.cfi_startproc
 506               	/* prologue: function */
 507               	/* frame size = 0 */
 508               	/* stack size = 0 */
 509               	.L__stack_usage = 0
 148:tmk_core/common/mousekey.c ****   if      (code == KC_MS_UP       && mouse_report.y < 0) mouse_report.y = 0;
 510               		.loc 1 148 3 view .LVU163
 511 0000 9091 0000 		lds r25,mouse_report+2
 512               		.loc 1 148 11 is_stmt 0 view .LVU164
 513 0004 803F      		cpi r24,lo8(-16)
 514 0006 01F4      		brne .L50
 515               		.loc 1 148 35 discriminator 1 view .LVU165
 516 0008 8091 0000 		lds r24,mouse_report+3
 517               	.LVL49:
 518               		.loc 1 148 35 discriminator 1 view .LVU166
 519 000c 87FD      		sbrc r24,7
 520               	.L53:
 521               		.loc 1 148 58 is_stmt 1 discriminator 2 view .LVU167
 522               		.loc 1 148 73 is_stmt 0 discriminator 2 view .LVU168
 523 000e 1092 0000 		sts mouse_report+3,__zero_reg__
 524               	.L51:
 149:tmk_core/common/mousekey.c ****   else if (code == KC_MS_DOWN     && mouse_report.y > 0) mouse_report.y = 0;
 150:tmk_core/common/mousekey.c ****   else if (code == KC_MS_LEFT     && mouse_report.x < 0) mouse_report.x = 0;
 151:tmk_core/common/mousekey.c ****   else if (code == KC_MS_RIGHT    && mouse_report.x > 0) mouse_report.x = 0;
 152:tmk_core/common/mousekey.c ****   else if (code == KC_MS_WH_UP    && mouse_report.v > 0) mouse_report.v = 0;
 153:tmk_core/common/mousekey.c ****   else if (code == KC_MS_WH_DOWN  && mouse_report.v < 0) mouse_report.v = 0;
 154:tmk_core/common/mousekey.c ****   else if (code == KC_MS_WH_LEFT  && mouse_report.h < 0) mouse_report.h = 0;
 155:tmk_core/common/mousekey.c ****   else if (code == KC_MS_WH_RIGHT && mouse_report.h > 0) mouse_report.h = 0;
 156:tmk_core/common/mousekey.c ****   else if (code == KC_MS_BTN1) mouse_report.buttons &= ~MOUSE_BTN1;
 157:tmk_core/common/mousekey.c ****   else if (code == KC_MS_BTN2) mouse_report.buttons &= ~MOUSE_BTN2;
 158:tmk_core/common/mousekey.c ****   else if (code == KC_MS_BTN3) mouse_report.buttons &= ~MOUSE_BTN3;
 159:tmk_core/common/mousekey.c ****   else if (code == KC_MS_BTN4) mouse_report.buttons &= ~MOUSE_BTN4;
 160:tmk_core/common/mousekey.c ****   else if (code == KC_MS_BTN5) mouse_report.buttons &= ~MOUSE_BTN5;
 161:tmk_core/common/mousekey.c ****   else if (code == KC_MS_ACCEL0) mousekey_accel &= ~(1<<0);
 162:tmk_core/common/mousekey.c ****   else if (code == KC_MS_ACCEL1) mousekey_accel &= ~(1<<1);
 163:tmk_core/common/mousekey.c ****   else if (code == KC_MS_ACCEL2) mousekey_accel &= ~(1<<2);
 164:tmk_core/common/mousekey.c ****   if (mouse_report.x == 0 && mouse_report.y == 0 && mouse_report.v == 0 && mouse_report.h == 0)
 525               		.loc 1 164 3 is_stmt 1 view .LVU169
 526               		.loc 1 164 6 is_stmt 0 view .LVU170
 527 0012 9923      		tst r25
 528 0014 01F0      		breq .L55
 529               	.L49:
 530               	/* epilogue start */
 165:tmk_core/common/mousekey.c ****     mousekey_repeat = 0;
 166:tmk_core/common/mousekey.c **** }
 531               		.loc 1 166 1 view .LVU171
 532 0016 0895      		ret
 533               	.LVL50:
 534               	.L50:
 149:tmk_core/common/mousekey.c ****   else if (code == KC_MS_DOWN     && mouse_report.y > 0) mouse_report.y = 0;
 535               		.loc 1 149 8 is_stmt 1 view .LVU172
 149:tmk_core/common/mousekey.c ****   else if (code == KC_MS_DOWN     && mouse_report.y > 0) mouse_report.y = 0;
 536               		.loc 1 149 11 is_stmt 0 view .LVU173
 537 0018 813F      		cpi r24,lo8(-15)
 538 001a 01F4      		brne .L52
 149:tmk_core/common/mousekey.c ****   else if (code == KC_MS_DOWN     && mouse_report.y > 0) mouse_report.y = 0;
 539               		.loc 1 149 35 discriminator 1 view .LVU174
 540 001c 8091 0000 		lds r24,mouse_report+3
 541               	.LVL51:
 149:tmk_core/common/mousekey.c ****   else if (code == KC_MS_DOWN     && mouse_report.y > 0) mouse_report.y = 0;
 542               		.loc 1 149 35 discriminator 1 view .LVU175
 543 0020 1816      		cp __zero_reg__,r24
 544 0022 04F0      		brlt .L53
 545 0024 00C0      		rjmp .L51
 546               	.LVL52:
 547               	.L52:
 150:tmk_core/common/mousekey.c ****   else if (code == KC_MS_RIGHT    && mouse_report.x > 0) mouse_report.x = 0;
 548               		.loc 1 150 8 is_stmt 1 view .LVU176
 150:tmk_core/common/mousekey.c ****   else if (code == KC_MS_RIGHT    && mouse_report.x > 0) mouse_report.x = 0;
 549               		.loc 1 150 11 is_stmt 0 view .LVU177
 550 0026 823F      		cpi r24,lo8(-14)
 551 0028 01F4      		brne .L54
 150:tmk_core/common/mousekey.c ****   else if (code == KC_MS_RIGHT    && mouse_report.x > 0) mouse_report.x = 0;
 552               		.loc 1 150 35 discriminator 1 view .LVU178
 553 002a 97FF      		sbrs r25,7
 554 002c 00C0      		rjmp .L51
 555               	.L57:
 150:tmk_core/common/mousekey.c ****   else if (code == KC_MS_RIGHT    && mouse_report.x > 0) mouse_report.x = 0;
 556               		.loc 1 150 58 is_stmt 1 discriminator 2 view .LVU179
 150:tmk_core/common/mousekey.c ****   else if (code == KC_MS_RIGHT    && mouse_report.x > 0) mouse_report.x = 0;
 557               		.loc 1 150 73 is_stmt 0 discriminator 2 view .LVU180
 558 002e 1092 0000 		sts mouse_report+2,__zero_reg__
 559               	.LVL53:
 560               	.L55:
 164:tmk_core/common/mousekey.c ****     mousekey_repeat = 0;
 561               		.loc 1 164 3 is_stmt 1 view .LVU181
 164:tmk_core/common/mousekey.c ****     mousekey_repeat = 0;
 562               		.loc 1 164 73 is_stmt 0 view .LVU182
 563 0032 8091 0000 		lds r24,mouse_report+3
 564 0036 9091 0000 		lds r25,mouse_report+4
 565 003a 892B      		or r24,r25
 566 003c 9091 0000 		lds r25,mouse_report+5
 567 0040 892B      		or r24,r25
 568 0042 01F4      		brne .L49
 165:tmk_core/common/mousekey.c ****     mousekey_repeat = 0;
 569               		.loc 1 165 5 is_stmt 1 view .LVU183
 165:tmk_core/common/mousekey.c ****     mousekey_repeat = 0;
 570               		.loc 1 165 21 is_stmt 0 view .LVU184
 571 0044 1092 0000 		sts mousekey_repeat,__zero_reg__
 572               		.loc 1 166 1 view .LVU185
 573 0048 0895      		ret
 574               	.LVL54:
 575               	.L54:
 151:tmk_core/common/mousekey.c ****   else if (code == KC_MS_WH_UP    && mouse_report.v > 0) mouse_report.v = 0;
 576               		.loc 1 151 8 is_stmt 1 view .LVU186
 151:tmk_core/common/mousekey.c ****   else if (code == KC_MS_WH_UP    && mouse_report.v > 0) mouse_report.v = 0;
 577               		.loc 1 151 11 is_stmt 0 view .LVU187
 578 004a 833F      		cpi r24,lo8(-13)
 579 004c 01F4      		brne .L56
 151:tmk_core/common/mousekey.c ****   else if (code == KC_MS_WH_UP    && mouse_report.v > 0) mouse_report.v = 0;
 580               		.loc 1 151 35 discriminator 1 view .LVU188
 581 004e 1916      		cp __zero_reg__,r25
 582 0050 04F0      		brlt .L57
 583 0052 00C0      		rjmp .L51
 584               	.L56:
 152:tmk_core/common/mousekey.c ****   else if (code == KC_MS_WH_DOWN  && mouse_report.v < 0) mouse_report.v = 0;
 585               		.loc 1 152 8 is_stmt 1 view .LVU189
 152:tmk_core/common/mousekey.c ****   else if (code == KC_MS_WH_DOWN  && mouse_report.v < 0) mouse_report.v = 0;
 586               		.loc 1 152 11 is_stmt 0 view .LVU190
 587 0054 893F      		cpi r24,lo8(-7)
 588 0056 01F4      		brne .L58
 152:tmk_core/common/mousekey.c ****   else if (code == KC_MS_WH_DOWN  && mouse_report.v < 0) mouse_report.v = 0;
 589               		.loc 1 152 35 discriminator 1 view .LVU191
 590 0058 8091 0000 		lds r24,mouse_report+4
 591               	.LVL55:
 152:tmk_core/common/mousekey.c ****   else if (code == KC_MS_WH_DOWN  && mouse_report.v < 0) mouse_report.v = 0;
 592               		.loc 1 152 35 discriminator 1 view .LVU192
 593 005c 1816      		cp __zero_reg__,r24
 594 005e 04F4      		brge .L51
 595               	.L60:
 152:tmk_core/common/mousekey.c ****   else if (code == KC_MS_WH_DOWN  && mouse_report.v < 0) mouse_report.v = 0;
 596               		.loc 1 152 58 is_stmt 1 discriminator 2 view .LVU193
 152:tmk_core/common/mousekey.c ****   else if (code == KC_MS_WH_DOWN  && mouse_report.v < 0) mouse_report.v = 0;
 597               		.loc 1 152 73 is_stmt 0 discriminator 2 view .LVU194
 598 0060 1092 0000 		sts mouse_report+4,__zero_reg__
 599 0064 00C0      		rjmp .L51
 600               	.LVL56:
 601               	.L58:
 153:tmk_core/common/mousekey.c ****   else if (code == KC_MS_WH_LEFT  && mouse_report.h < 0) mouse_report.h = 0;
 602               		.loc 1 153 8 is_stmt 1 view .LVU195
 153:tmk_core/common/mousekey.c ****   else if (code == KC_MS_WH_LEFT  && mouse_report.h < 0) mouse_report.h = 0;
 603               		.loc 1 153 11 is_stmt 0 view .LVU196
 604 0066 8A3F      		cpi r24,lo8(-6)
 605 0068 01F4      		brne .L59
 153:tmk_core/common/mousekey.c ****   else if (code == KC_MS_WH_LEFT  && mouse_report.h < 0) mouse_report.h = 0;
 606               		.loc 1 153 35 discriminator 1 view .LVU197
 607 006a 8091 0000 		lds r24,mouse_report+4
 608               	.LVL57:
 153:tmk_core/common/mousekey.c ****   else if (code == KC_MS_WH_LEFT  && mouse_report.h < 0) mouse_report.h = 0;
 609               		.loc 1 153 35 discriminator 1 view .LVU198
 610 006e 87FF      		sbrs r24,7
 611 0070 00C0      		rjmp .L51
 612 0072 00C0      		rjmp .L60
 613               	.LVL58:
 614               	.L59:
 154:tmk_core/common/mousekey.c ****   else if (code == KC_MS_WH_RIGHT && mouse_report.h > 0) mouse_report.h = 0;
 615               		.loc 1 154 8 is_stmt 1 view .LVU199
 154:tmk_core/common/mousekey.c ****   else if (code == KC_MS_WH_RIGHT && mouse_report.h > 0) mouse_report.h = 0;
 616               		.loc 1 154 11 is_stmt 0 view .LVU200
 617 0074 8B3F      		cpi r24,lo8(-5)
 618 0076 01F4      		brne .L61
 154:tmk_core/common/mousekey.c ****   else if (code == KC_MS_WH_RIGHT && mouse_report.h > 0) mouse_report.h = 0;
 619               		.loc 1 154 35 discriminator 1 view .LVU201
 620 0078 8091 0000 		lds r24,mouse_report+5
 621               	.LVL59:
 154:tmk_core/common/mousekey.c ****   else if (code == KC_MS_WH_RIGHT && mouse_report.h > 0) mouse_report.h = 0;
 622               		.loc 1 154 35 discriminator 1 view .LVU202
 623 007c 87FF      		sbrs r24,7
 624 007e 00C0      		rjmp .L51
 625               	.L63:
 154:tmk_core/common/mousekey.c ****   else if (code == KC_MS_WH_RIGHT && mouse_report.h > 0) mouse_report.h = 0;
 626               		.loc 1 154 58 is_stmt 1 discriminator 2 view .LVU203
 154:tmk_core/common/mousekey.c ****   else if (code == KC_MS_WH_RIGHT && mouse_report.h > 0) mouse_report.h = 0;
 627               		.loc 1 154 73 is_stmt 0 discriminator 2 view .LVU204
 628 0080 1092 0000 		sts mouse_report+5,__zero_reg__
 629 0084 00C0      		rjmp .L51
 630               	.LVL60:
 631               	.L61:
 155:tmk_core/common/mousekey.c ****   else if (code == KC_MS_BTN1) mouse_report.buttons &= ~MOUSE_BTN1;
 632               		.loc 1 155 8 is_stmt 1 view .LVU205
 155:tmk_core/common/mousekey.c ****   else if (code == KC_MS_BTN1) mouse_report.buttons &= ~MOUSE_BTN1;
 633               		.loc 1 155 11 is_stmt 0 view .LVU206
 634 0086 8C3F      		cpi r24,lo8(-4)
 635 0088 01F4      		brne .L62
 155:tmk_core/common/mousekey.c ****   else if (code == KC_MS_BTN1) mouse_report.buttons &= ~MOUSE_BTN1;
 636               		.loc 1 155 35 discriminator 1 view .LVU207
 637 008a 8091 0000 		lds r24,mouse_report+5
 638               	.LVL61:
 155:tmk_core/common/mousekey.c ****   else if (code == KC_MS_BTN1) mouse_report.buttons &= ~MOUSE_BTN1;
 639               		.loc 1 155 35 discriminator 1 view .LVU208
 640 008e 1816      		cp __zero_reg__,r24
 641 0090 04F0      		brlt .L63
 642 0092 00C0      		rjmp .L51
 643               	.LVL62:
 644               	.L62:
 156:tmk_core/common/mousekey.c ****   else if (code == KC_MS_BTN2) mouse_report.buttons &= ~MOUSE_BTN2;
 645               		.loc 1 156 8 is_stmt 1 view .LVU209
 156:tmk_core/common/mousekey.c ****   else if (code == KC_MS_BTN2) mouse_report.buttons &= ~MOUSE_BTN2;
 646               		.loc 1 156 11 is_stmt 0 view .LVU210
 647 0094 843F      		cpi r24,lo8(-12)
 648 0096 01F4      		brne .L64
 156:tmk_core/common/mousekey.c ****   else if (code == KC_MS_BTN2) mouse_report.buttons &= ~MOUSE_BTN2;
 649               		.loc 1 156 32 is_stmt 1 discriminator 1 view .LVU211
 156:tmk_core/common/mousekey.c ****   else if (code == KC_MS_BTN2) mouse_report.buttons &= ~MOUSE_BTN2;
 650               		.loc 1 156 53 is_stmt 0 discriminator 1 view .LVU212
 651 0098 8091 0000 		lds r24,mouse_report+1
 652               	.LVL63:
 156:tmk_core/common/mousekey.c ****   else if (code == KC_MS_BTN2) mouse_report.buttons &= ~MOUSE_BTN2;
 653               		.loc 1 156 53 discriminator 1 view .LVU213
 654 009c 8E7F      		andi r24,lo8(-2)
 655               	.L77:
 160:tmk_core/common/mousekey.c ****   else if (code == KC_MS_ACCEL0) mousekey_accel &= ~(1<<0);
 656               		.loc 1 160 53 discriminator 1 view .LVU214
 657 009e 8093 0000 		sts mouse_report+1,r24
 658 00a2 00C0      		rjmp .L51
 659               	.LVL64:
 660               	.L64:
 157:tmk_core/common/mousekey.c ****   else if (code == KC_MS_BTN3) mouse_report.buttons &= ~MOUSE_BTN3;
 661               		.loc 1 157 8 is_stmt 1 view .LVU215
 157:tmk_core/common/mousekey.c ****   else if (code == KC_MS_BTN3) mouse_report.buttons &= ~MOUSE_BTN3;
 662               		.loc 1 157 11 is_stmt 0 view .LVU216
 663 00a4 853F      		cpi r24,lo8(-11)
 664 00a6 01F4      		brne .L65
 157:tmk_core/common/mousekey.c ****   else if (code == KC_MS_BTN3) mouse_report.buttons &= ~MOUSE_BTN3;
 665               		.loc 1 157 32 is_stmt 1 discriminator 1 view .LVU217
 157:tmk_core/common/mousekey.c ****   else if (code == KC_MS_BTN3) mouse_report.buttons &= ~MOUSE_BTN3;
 666               		.loc 1 157 53 is_stmt 0 discriminator 1 view .LVU218
 667 00a8 8091 0000 		lds r24,mouse_report+1
 668               	.LVL65:
 157:tmk_core/common/mousekey.c ****   else if (code == KC_MS_BTN3) mouse_report.buttons &= ~MOUSE_BTN3;
 669               		.loc 1 157 53 discriminator 1 view .LVU219
 670 00ac 8D7F      		andi r24,lo8(-3)
 671 00ae 00C0      		rjmp .L77
 672               	.LVL66:
 673               	.L65:
 158:tmk_core/common/mousekey.c ****   else if (code == KC_MS_BTN4) mouse_report.buttons &= ~MOUSE_BTN4;
 674               		.loc 1 158 8 is_stmt 1 view .LVU220
 158:tmk_core/common/mousekey.c ****   else if (code == KC_MS_BTN4) mouse_report.buttons &= ~MOUSE_BTN4;
 675               		.loc 1 158 11 is_stmt 0 view .LVU221
 676 00b0 863F      		cpi r24,lo8(-10)
 677 00b2 01F4      		brne .L66
 158:tmk_core/common/mousekey.c ****   else if (code == KC_MS_BTN4) mouse_report.buttons &= ~MOUSE_BTN4;
 678               		.loc 1 158 32 is_stmt 1 discriminator 1 view .LVU222
 158:tmk_core/common/mousekey.c ****   else if (code == KC_MS_BTN4) mouse_report.buttons &= ~MOUSE_BTN4;
 679               		.loc 1 158 53 is_stmt 0 discriminator 1 view .LVU223
 680 00b4 8091 0000 		lds r24,mouse_report+1
 681               	.LVL67:
 158:tmk_core/common/mousekey.c ****   else if (code == KC_MS_BTN4) mouse_report.buttons &= ~MOUSE_BTN4;
 682               		.loc 1 158 53 discriminator 1 view .LVU224
 683 00b8 8B7F      		andi r24,lo8(-5)
 684 00ba 00C0      		rjmp .L77
 685               	.LVL68:
 686               	.L66:
 159:tmk_core/common/mousekey.c ****   else if (code == KC_MS_BTN5) mouse_report.buttons &= ~MOUSE_BTN5;
 687               		.loc 1 159 8 is_stmt 1 view .LVU225
 159:tmk_core/common/mousekey.c ****   else if (code == KC_MS_BTN5) mouse_report.buttons &= ~MOUSE_BTN5;
 688               		.loc 1 159 11 is_stmt 0 view .LVU226
 689 00bc 873F      		cpi r24,lo8(-9)
 690 00be 01F4      		brne .L67
 159:tmk_core/common/mousekey.c ****   else if (code == KC_MS_BTN5) mouse_report.buttons &= ~MOUSE_BTN5;
 691               		.loc 1 159 32 is_stmt 1 discriminator 1 view .LVU227
 159:tmk_core/common/mousekey.c ****   else if (code == KC_MS_BTN5) mouse_report.buttons &= ~MOUSE_BTN5;
 692               		.loc 1 159 53 is_stmt 0 discriminator 1 view .LVU228
 693 00c0 8091 0000 		lds r24,mouse_report+1
 694               	.LVL69:
 159:tmk_core/common/mousekey.c ****   else if (code == KC_MS_BTN5) mouse_report.buttons &= ~MOUSE_BTN5;
 695               		.loc 1 159 53 discriminator 1 view .LVU229
 696 00c4 877F      		andi r24,lo8(-9)
 697 00c6 00C0      		rjmp .L77
 698               	.LVL70:
 699               	.L67:
 160:tmk_core/common/mousekey.c ****   else if (code == KC_MS_ACCEL0) mousekey_accel &= ~(1<<0);
 700               		.loc 1 160 8 is_stmt 1 view .LVU230
 160:tmk_core/common/mousekey.c ****   else if (code == KC_MS_ACCEL0) mousekey_accel &= ~(1<<0);
 701               		.loc 1 160 11 is_stmt 0 view .LVU231
 702 00c8 883F      		cpi r24,lo8(-8)
 703 00ca 01F4      		brne .L68
 160:tmk_core/common/mousekey.c ****   else if (code == KC_MS_ACCEL0) mousekey_accel &= ~(1<<0);
 704               		.loc 1 160 32 is_stmt 1 discriminator 1 view .LVU232
 160:tmk_core/common/mousekey.c ****   else if (code == KC_MS_ACCEL0) mousekey_accel &= ~(1<<0);
 705               		.loc 1 160 53 is_stmt 0 discriminator 1 view .LVU233
 706 00cc 8091 0000 		lds r24,mouse_report+1
 707               	.LVL71:
 160:tmk_core/common/mousekey.c ****   else if (code == KC_MS_ACCEL0) mousekey_accel &= ~(1<<0);
 708               		.loc 1 160 53 discriminator 1 view .LVU234
 709 00d0 8F7E      		andi r24,lo8(-17)
 710 00d2 00C0      		rjmp .L77
 711               	.LVL72:
 712               	.L68:
 161:tmk_core/common/mousekey.c ****   else if (code == KC_MS_ACCEL1) mousekey_accel &= ~(1<<1);
 713               		.loc 1 161 8 is_stmt 1 view .LVU235
 161:tmk_core/common/mousekey.c ****   else if (code == KC_MS_ACCEL1) mousekey_accel &= ~(1<<1);
 714               		.loc 1 161 11 is_stmt 0 view .LVU236
 715 00d4 8D3F      		cpi r24,lo8(-3)
 716 00d6 01F4      		brne .L69
 161:tmk_core/common/mousekey.c ****   else if (code == KC_MS_ACCEL1) mousekey_accel &= ~(1<<1);
 717               		.loc 1 161 34 is_stmt 1 discriminator 1 view .LVU237
 161:tmk_core/common/mousekey.c ****   else if (code == KC_MS_ACCEL1) mousekey_accel &= ~(1<<1);
 718               		.loc 1 161 49 is_stmt 0 discriminator 1 view .LVU238
 719 00d8 8091 0000 		lds r24,mousekey_accel
 720               	.LVL73:
 161:tmk_core/common/mousekey.c ****   else if (code == KC_MS_ACCEL1) mousekey_accel &= ~(1<<1);
 721               		.loc 1 161 49 discriminator 1 view .LVU239
 722 00dc 8E7F      		andi r24,lo8(-2)
 723               	.L78:
 163:tmk_core/common/mousekey.c ****   if (mouse_report.x == 0 && mouse_report.y == 0 && mouse_report.v == 0 && mouse_report.h == 0)
 724               		.loc 1 163 49 discriminator 1 view .LVU240
 725 00de 8093 0000 		sts mousekey_accel,r24
 726 00e2 00C0      		rjmp .L51
 727               	.LVL74:
 728               	.L69:
 162:tmk_core/common/mousekey.c ****   else if (code == KC_MS_ACCEL2) mousekey_accel &= ~(1<<2);
 729               		.loc 1 162 8 is_stmt 1 view .LVU241
 162:tmk_core/common/mousekey.c ****   else if (code == KC_MS_ACCEL2) mousekey_accel &= ~(1<<2);
 730               		.loc 1 162 11 is_stmt 0 view .LVU242
 731 00e4 8E3F      		cpi r24,lo8(-2)
 732 00e6 01F4      		brne .L70
 162:tmk_core/common/mousekey.c ****   else if (code == KC_MS_ACCEL2) mousekey_accel &= ~(1<<2);
 733               		.loc 1 162 34 is_stmt 1 discriminator 1 view .LVU243
 162:tmk_core/common/mousekey.c ****   else if (code == KC_MS_ACCEL2) mousekey_accel &= ~(1<<2);
 734               		.loc 1 162 49 is_stmt 0 discriminator 1 view .LVU244
 735 00e8 8091 0000 		lds r24,mousekey_accel
 736               	.LVL75:
 162:tmk_core/common/mousekey.c ****   else if (code == KC_MS_ACCEL2) mousekey_accel &= ~(1<<2);
 737               		.loc 1 162 49 discriminator 1 view .LVU245
 738 00ec 8D7F      		andi r24,lo8(-3)
 739 00ee 00C0      		rjmp .L78
 740               	.LVL76:
 741               	.L70:
 163:tmk_core/common/mousekey.c ****   if (mouse_report.x == 0 && mouse_report.y == 0 && mouse_report.v == 0 && mouse_report.h == 0)
 742               		.loc 1 163 8 is_stmt 1 view .LVU246
 163:tmk_core/common/mousekey.c ****   if (mouse_report.x == 0 && mouse_report.y == 0 && mouse_report.v == 0 && mouse_report.h == 0)
 743               		.loc 1 163 11 is_stmt 0 view .LVU247
 744 00f0 8F3F      		cpi r24,lo8(-1)
 745 00f2 01F0      		breq .+2
 746 00f4 00C0      		rjmp .L51
 163:tmk_core/common/mousekey.c ****   if (mouse_report.x == 0 && mouse_report.y == 0 && mouse_report.v == 0 && mouse_report.h == 0)
 747               		.loc 1 163 34 is_stmt 1 discriminator 1 view .LVU248
 163:tmk_core/common/mousekey.c ****   if (mouse_report.x == 0 && mouse_report.y == 0 && mouse_report.v == 0 && mouse_report.h == 0)
 748               		.loc 1 163 49 is_stmt 0 discriminator 1 view .LVU249
 749 00f6 8091 0000 		lds r24,mousekey_accel
 750               	.LVL77:
 163:tmk_core/common/mousekey.c ****   if (mouse_report.x == 0 && mouse_report.y == 0 && mouse_report.v == 0 && mouse_report.h == 0)
 751               		.loc 1 163 49 discriminator 1 view .LVU250
 752 00fa 8B7F      		andi r24,lo8(-5)
 753 00fc 00C0      		rjmp .L78
 754               		.cfi_endproc
 755               	.LFE105:
 757               		.section	.text.mousekey_send,"ax",@progbits
 758               	.global	mousekey_send
 760               	mousekey_send:
 761               	.LFB106:
 167:tmk_core/common/mousekey.c **** 
 168:tmk_core/common/mousekey.c **** 
 169:tmk_core/common/mousekey.c **** 
 170:tmk_core/common/mousekey.c **** 
 171:tmk_core/common/mousekey.c **** #else  /* #ifndef MK_3_SPEED */
 172:tmk_core/common/mousekey.c **** 
 173:tmk_core/common/mousekey.c **** 
 174:tmk_core/common/mousekey.c **** 
 175:tmk_core/common/mousekey.c **** enum {
 176:tmk_core/common/mousekey.c ****   mkspd_unmod,
 177:tmk_core/common/mousekey.c ****   mkspd_0,
 178:tmk_core/common/mousekey.c ****   mkspd_1,
 179:tmk_core/common/mousekey.c ****   mkspd_2,
 180:tmk_core/common/mousekey.c ****   mkspd_COUNT
 181:tmk_core/common/mousekey.c **** };
 182:tmk_core/common/mousekey.c **** #ifndef MK_MOMENTARY_ACCEL
 183:tmk_core/common/mousekey.c **** static uint8_t mk_speed = mkspd_1;
 184:tmk_core/common/mousekey.c **** #else
 185:tmk_core/common/mousekey.c **** static uint8_t mk_speed = mkspd_unmod;
 186:tmk_core/common/mousekey.c **** static uint8_t mkspd_DEFAULT = mkspd_unmod;
 187:tmk_core/common/mousekey.c **** #endif
 188:tmk_core/common/mousekey.c **** static uint16_t last_timer_c = 0;
 189:tmk_core/common/mousekey.c **** static uint16_t last_timer_w = 0;
 190:tmk_core/common/mousekey.c **** uint16_t c_offsets[mkspd_COUNT] = {
 191:tmk_core/common/mousekey.c ****   MK_C_OFFSET_UNMOD, MK_C_OFFSET_0, MK_C_OFFSET_1, MK_C_OFFSET_2
 192:tmk_core/common/mousekey.c **** };
 193:tmk_core/common/mousekey.c **** uint16_t c_intervals[mkspd_COUNT] = {
 194:tmk_core/common/mousekey.c ****   MK_C_INTERVAL_UNMOD, MK_C_INTERVAL_0, MK_C_INTERVAL_1, MK_C_INTERVAL_2
 195:tmk_core/common/mousekey.c **** };
 196:tmk_core/common/mousekey.c **** uint16_t w_offsets[mkspd_COUNT] = {
 197:tmk_core/common/mousekey.c ****   MK_W_OFFSET_UNMOD, MK_W_OFFSET_0, MK_W_OFFSET_1, MK_W_OFFSET_2
 198:tmk_core/common/mousekey.c **** };
 199:tmk_core/common/mousekey.c **** uint16_t w_intervals[mkspd_COUNT] = {
 200:tmk_core/common/mousekey.c ****   MK_W_INTERVAL_UNMOD, MK_W_INTERVAL_0, MK_W_INTERVAL_1, MK_W_INTERVAL_2
 201:tmk_core/common/mousekey.c **** };
 202:tmk_core/common/mousekey.c **** 
 203:tmk_core/common/mousekey.c **** 
 204:tmk_core/common/mousekey.c **** void mousekey_task(void) {
 205:tmk_core/common/mousekey.c ****   // report cursor and scroll movement independently
 206:tmk_core/common/mousekey.c ****   report_mouse_t const tmpmr = mouse_report;
 207:tmk_core/common/mousekey.c ****   if ((mouse_report.x  ||  mouse_report.y)  &&  timer_elapsed(last_timer_c) > c_intervals[mk_speed]
 208:tmk_core/common/mousekey.c ****   mouse_report.h = 0;
 209:tmk_core/common/mousekey.c ****   mouse_report.v = 0;
 210:tmk_core/common/mousekey.c ****   mousekey_send();
 211:tmk_core/common/mousekey.c ****   last_timer_c = last_timer;
 212:tmk_core/common/mousekey.c ****   mouse_report = tmpmr;
 213:tmk_core/common/mousekey.c ****   }
 214:tmk_core/common/mousekey.c ****   if ((mouse_report.h  ||  mouse_report.v)  &&  timer_elapsed(last_timer_w) > w_intervals[mk_speed]
 215:tmk_core/common/mousekey.c ****   mouse_report.x = 0;
 216:tmk_core/common/mousekey.c ****   mouse_report.y = 0;
 217:tmk_core/common/mousekey.c ****   mousekey_send();
 218:tmk_core/common/mousekey.c ****   last_timer_w = last_timer;
 219:tmk_core/common/mousekey.c ****   mouse_report = tmpmr;
 220:tmk_core/common/mousekey.c ****   }
 221:tmk_core/common/mousekey.c **** }
 222:tmk_core/common/mousekey.c **** 
 223:tmk_core/common/mousekey.c **** void adjust_speed(void) {
 224:tmk_core/common/mousekey.c ****   uint16_t const c_offset = c_offsets[mk_speed];
 225:tmk_core/common/mousekey.c ****   uint16_t const w_offset = w_offsets[mk_speed];
 226:tmk_core/common/mousekey.c ****   if (mouse_report.x > 0) mouse_report.x = c_offset;
 227:tmk_core/common/mousekey.c ****   if (mouse_report.x < 0) mouse_report.x = c_offset * -1;
 228:tmk_core/common/mousekey.c ****   if (mouse_report.y > 0) mouse_report.y = c_offset;
 229:tmk_core/common/mousekey.c ****   if (mouse_report.y < 0) mouse_report.y = c_offset * -1;
 230:tmk_core/common/mousekey.c ****   if (mouse_report.h > 0) mouse_report.h = w_offset;
 231:tmk_core/common/mousekey.c ****   if (mouse_report.h < 0) mouse_report.h = w_offset * -1;
 232:tmk_core/common/mousekey.c ****   if (mouse_report.v > 0) mouse_report.v = w_offset;
 233:tmk_core/common/mousekey.c ****   if (mouse_report.v < 0) mouse_report.v = w_offset * -1;
 234:tmk_core/common/mousekey.c ****   // adjust for diagonals
 235:tmk_core/common/mousekey.c ****   if (mouse_report.x && mouse_report.y) {
 236:tmk_core/common/mousekey.c ****   mouse_report.x = times_inv_sqrt2(mouse_report.x);
 237:tmk_core/common/mousekey.c ****   if (mouse_report.x == 0) { mouse_report.x = 1; }
 238:tmk_core/common/mousekey.c ****   mouse_report.y = times_inv_sqrt2(mouse_report.y);
 239:tmk_core/common/mousekey.c ****   if (mouse_report.y == 0) { mouse_report.y = 1; }
 240:tmk_core/common/mousekey.c ****   }
 241:tmk_core/common/mousekey.c ****   if (mouse_report.h && mouse_report.v) {
 242:tmk_core/common/mousekey.c ****   mouse_report.h = times_inv_sqrt2(mouse_report.h);
 243:tmk_core/common/mousekey.c ****   mouse_report.v = times_inv_sqrt2(mouse_report.v);
 244:tmk_core/common/mousekey.c ****   }
 245:tmk_core/common/mousekey.c **** }
 246:tmk_core/common/mousekey.c **** 
 247:tmk_core/common/mousekey.c **** void mousekey_on(uint8_t code) {
 248:tmk_core/common/mousekey.c ****   uint16_t const c_offset = c_offsets[mk_speed];
 249:tmk_core/common/mousekey.c ****   uint16_t const w_offset = w_offsets[mk_speed];
 250:tmk_core/common/mousekey.c ****   uint8_t const old_speed = mk_speed;
 251:tmk_core/common/mousekey.c ****   if      (code == KC_MS_UP)       mouse_report.y = c_offset * -1;
 252:tmk_core/common/mousekey.c ****   else if (code == KC_MS_DOWN)     mouse_report.y = c_offset;
 253:tmk_core/common/mousekey.c ****   else if (code == KC_MS_LEFT)     mouse_report.x = c_offset * -1;
 254:tmk_core/common/mousekey.c ****   else if (code == KC_MS_RIGHT)    mouse_report.x = c_offset;
 255:tmk_core/common/mousekey.c ****   else if (code == KC_MS_WH_UP)    mouse_report.v = w_offset;
 256:tmk_core/common/mousekey.c ****   else if (code == KC_MS_WH_DOWN)  mouse_report.v = w_offset * -1;
 257:tmk_core/common/mousekey.c ****   else if (code == KC_MS_WH_LEFT)  mouse_report.h = w_offset * -1;
 258:tmk_core/common/mousekey.c ****   else if (code == KC_MS_WH_RIGHT) mouse_report.h = w_offset;
 259:tmk_core/common/mousekey.c ****   else if (code == KC_MS_BTN1)     mouse_report.buttons |= MOUSE_BTN1;
 260:tmk_core/common/mousekey.c ****   else if (code == KC_MS_BTN2)     mouse_report.buttons |= MOUSE_BTN2;
 261:tmk_core/common/mousekey.c ****   else if (code == KC_MS_BTN3)     mouse_report.buttons |= MOUSE_BTN3;
 262:tmk_core/common/mousekey.c ****   else if (code == KC_MS_BTN4)     mouse_report.buttons |= MOUSE_BTN4;
 263:tmk_core/common/mousekey.c ****   else if (code == KC_MS_BTN5)     mouse_report.buttons |= MOUSE_BTN5;
 264:tmk_core/common/mousekey.c ****   else if (code == KC_MS_ACCEL0)   mk_speed = mkspd_0;
 265:tmk_core/common/mousekey.c ****   else if (code == KC_MS_ACCEL1)   mk_speed = mkspd_1;
 266:tmk_core/common/mousekey.c ****   else if (code == KC_MS_ACCEL2)   mk_speed = mkspd_2;
 267:tmk_core/common/mousekey.c ****   if (mk_speed != old_speed) adjust_speed();
 268:tmk_core/common/mousekey.c **** }
 269:tmk_core/common/mousekey.c **** 
 270:tmk_core/common/mousekey.c **** void mousekey_off(uint8_t code) {
 271:tmk_core/common/mousekey.c **** #ifdef MK_MOMENTARY_ACCEL
 272:tmk_core/common/mousekey.c ****   uint8_t const old_speed = mk_speed;
 273:tmk_core/common/mousekey.c **** #endif
 274:tmk_core/common/mousekey.c ****   if      (code == KC_MS_UP       && mouse_report.y < 0) mouse_report.y = 0;
 275:tmk_core/common/mousekey.c ****   else if (code == KC_MS_DOWN     && mouse_report.y > 0) mouse_report.y = 0;
 276:tmk_core/common/mousekey.c ****   else if (code == KC_MS_LEFT     && mouse_report.x < 0) mouse_report.x = 0;
 277:tmk_core/common/mousekey.c ****   else if (code == KC_MS_RIGHT    && mouse_report.x > 0) mouse_report.x = 0;
 278:tmk_core/common/mousekey.c ****   else if (code == KC_MS_WH_UP    && mouse_report.v > 0) mouse_report.v = 0;
 279:tmk_core/common/mousekey.c ****   else if (code == KC_MS_WH_DOWN  && mouse_report.v < 0) mouse_report.v = 0;
 280:tmk_core/common/mousekey.c ****   else if (code == KC_MS_WH_LEFT  && mouse_report.h < 0) mouse_report.h = 0;
 281:tmk_core/common/mousekey.c ****   else if (code == KC_MS_WH_RIGHT && mouse_report.h > 0) mouse_report.h = 0;
 282:tmk_core/common/mousekey.c ****   else if (code == KC_MS_BTN1) mouse_report.buttons &= ~MOUSE_BTN1;
 283:tmk_core/common/mousekey.c ****   else if (code == KC_MS_BTN2) mouse_report.buttons &= ~MOUSE_BTN2;
 284:tmk_core/common/mousekey.c ****   else if (code == KC_MS_BTN3) mouse_report.buttons &= ~MOUSE_BTN3;
 285:tmk_core/common/mousekey.c ****   else if (code == KC_MS_BTN4) mouse_report.buttons &= ~MOUSE_BTN4;
 286:tmk_core/common/mousekey.c ****   else if (code == KC_MS_BTN5) mouse_report.buttons &= ~MOUSE_BTN5;
 287:tmk_core/common/mousekey.c **** #ifdef MK_MOMENTARY_ACCEL
 288:tmk_core/common/mousekey.c ****   else if (code == KC_MS_ACCEL0) mk_speed = mkspd_DEFAULT;
 289:tmk_core/common/mousekey.c ****   else if (code == KC_MS_ACCEL1) mk_speed = mkspd_DEFAULT;
 290:tmk_core/common/mousekey.c ****   else if (code == KC_MS_ACCEL2) mk_speed = mkspd_DEFAULT;
 291:tmk_core/common/mousekey.c ****   if (mk_speed != old_speed) adjust_speed();
 292:tmk_core/common/mousekey.c **** #endif
 293:tmk_core/common/mousekey.c **** }
 294:tmk_core/common/mousekey.c **** 
 295:tmk_core/common/mousekey.c **** 
 296:tmk_core/common/mousekey.c **** 
 297:tmk_core/common/mousekey.c **** 
 298:tmk_core/common/mousekey.c **** #endif /* #ifndef MK_3_SPEED */
 299:tmk_core/common/mousekey.c **** 
 300:tmk_core/common/mousekey.c **** 
 301:tmk_core/common/mousekey.c **** 
 302:tmk_core/common/mousekey.c **** 
 303:tmk_core/common/mousekey.c **** void mousekey_send(void) {
 762               		.loc 1 303 26 is_stmt 1 view -0
 763               		.cfi_startproc
 764               	/* prologue: function */
 765               	/* frame size = 0 */
 766               	/* stack size = 0 */
 767               	.L__stack_usage = 0
 304:tmk_core/common/mousekey.c ****   mousekey_debug();
 768               		.loc 1 304 3 view .LVU252
 305:tmk_core/common/mousekey.c ****   host_mouse_send(&mouse_report);
 769               		.loc 1 305 3 view .LVU253
 770 0000 80E0      		ldi r24,lo8(mouse_report)
 771 0002 90E0      		ldi r25,hi8(mouse_report)
 772 0004 0E94 0000 		call host_mouse_send
 773               	.LVL78:
 306:tmk_core/common/mousekey.c ****   last_timer = timer_read();
 774               		.loc 1 306 3 view .LVU254
 775               		.loc 1 306 16 is_stmt 0 view .LVU255
 776 0008 0E94 0000 		call timer_read
 777               	.LVL79:
 778               		.loc 1 306 14 view .LVU256
 779 000c 9093 0000 		sts last_timer+1,r25
 780 0010 8093 0000 		sts last_timer,r24
 781               	/* epilogue start */
 307:tmk_core/common/mousekey.c **** }
 782               		.loc 1 307 1 view .LVU257
 783 0014 0895      		ret
 784               		.cfi_endproc
 785               	.LFE106:
 787               		.section	.text.mousekey_task,"ax",@progbits
 788               	.global	mousekey_task
 790               	mousekey_task:
 791               	.LFB103:
 102:tmk_core/common/mousekey.c ****   if (timer_elapsed(last_timer) < (mousekey_repeat ? mk_interval : mk_delay*10)) {
 792               		.loc 1 102 26 is_stmt 1 view -0
 793               		.cfi_startproc
 794 0000 1F93      		push r17
 795               	.LCFI0:
 796               		.cfi_def_cfa_offset 3
 797               		.cfi_offset 17, -2
 798 0002 CF93      		push r28
 799               	.LCFI1:
 800               		.cfi_def_cfa_offset 4
 801               		.cfi_offset 28, -3
 802 0004 DF93      		push r29
 803               	.LCFI2:
 804               		.cfi_def_cfa_offset 5
 805               		.cfi_offset 29, -4
 806               	/* prologue: function */
 807               	/* frame size = 0 */
 808               	/* stack size = 3 */
 809               	.L__stack_usage = 3
 103:tmk_core/common/mousekey.c ****     return;
 810               		.loc 1 103 3 view .LVU259
 103:tmk_core/common/mousekey.c ****     return;
 811               		.loc 1 103 7 is_stmt 0 view .LVU260
 812 0006 8091 0000 		lds r24,last_timer
 813 000a 9091 0000 		lds r25,last_timer+1
 814 000e 0E94 0000 		call timer_elapsed
 815               	.LVL80:
 816 0012 AC01      		movw r20,r24
 103:tmk_core/common/mousekey.c ****     return;
 817               		.loc 1 103 52 view .LVU261
 818 0014 9091 0000 		lds r25,mousekey_repeat
 103:tmk_core/common/mousekey.c ****     return;
 819               		.loc 1 103 66 view .LVU262
 820 0018 2091 0000 		lds r18,mk_interval
 821 001c 30E0      		ldi r19,0
 822 001e 9111      		cpse r25,__zero_reg__
 823 0020 00C0      		rjmp .L82
 103:tmk_core/common/mousekey.c ****     return;
 824               		.loc 1 103 76 discriminator 2 view .LVU263
 825 0022 2091 0000 		lds r18,mk_delay
 826 0026 8AE0      		ldi r24,lo8(10)
 827 0028 289F      		mul r18,r24
 828 002a 9001      		movw r18,r0
 829 002c 1124      		clr __zero_reg__
 830               	.L82:
 103:tmk_core/common/mousekey.c ****     return;
 831               		.loc 1 103 6 discriminator 4 view .LVU264
 832 002e 4217      		cp r20,r18
 833 0030 5307      		cpc r21,r19
 834 0032 00F0      		brlo .L80
 106:tmk_core/common/mousekey.c ****     return;
 835               		.loc 1 106 3 is_stmt 1 view .LVU265
 106:tmk_core/common/mousekey.c ****     return;
 836               		.loc 1 106 19 is_stmt 0 view .LVU266
 837 0034 2091 0000 		lds r18,mouse_report+2
 838 0038 C091 0000 		lds r28,mouse_report+3
 839 003c D091 0000 		lds r29,mouse_report+4
 840 0040 1091 0000 		lds r17,mouse_report+5
 106:tmk_core/common/mousekey.c ****     return;
 841               		.loc 1 106 6 view .LVU267
 842 0044 2111      		cpse r18,__zero_reg__
 843 0046 00C0      		rjmp .L84
 106:tmk_core/common/mousekey.c ****     return;
 844               		.loc 1 106 73 discriminator 1 view .LVU268
 845 0048 8C2F      		mov r24,r28
 846 004a 8D2B      		or r24,r29
 847 004c 812B      		or r24,r17
 848 004e 01F0      		breq .+2
 849 0050 00C0      		rjmp .L111
 850               	.L80:
 851               	/* epilogue start */
 126:tmk_core/common/mousekey.c **** 
 852               		.loc 1 126 1 view .LVU269
 853 0052 DF91      		pop r29
 854 0054 CF91      		pop r28
 855 0056 1F91      		pop r17
 856 0058 0895      		ret
 857               	.L84:
 109:tmk_core/common/mousekey.c ****   if (mouse_report.x > 0) mouse_report.x = move_unit();
 858               		.loc 1 109 3 is_stmt 1 view .LVU270
 109:tmk_core/common/mousekey.c ****   if (mouse_report.x > 0) mouse_report.x = move_unit();
 859               		.loc 1 109 6 is_stmt 0 view .LVU271
 860 005a 9F3F      		cpi r25,lo8(-1)
 861 005c 01F0      		breq .L86
 862               	.L101:
 109:tmk_core/common/mousekey.c ****   if (mouse_report.x > 0) mouse_report.x = move_unit();
 863               		.loc 1 109 37 is_stmt 1 discriminator 1 view .LVU272
 109:tmk_core/common/mousekey.c ****   if (mouse_report.x > 0) mouse_report.x = move_unit();
 864               		.loc 1 109 52 is_stmt 0 discriminator 1 view .LVU273
 865 005e 9F5F      		subi r25,lo8(-(1))
 866 0060 9093 0000 		sts mousekey_repeat,r25
 867               	.L86:
 110:tmk_core/common/mousekey.c ****   if (mouse_report.x < 0) mouse_report.x = move_unit() * -1;
 868               		.loc 1 110 3 is_stmt 1 view .LVU274
 110:tmk_core/common/mousekey.c ****   if (mouse_report.x < 0) mouse_report.x = move_unit() * -1;
 869               		.loc 1 110 6 is_stmt 0 view .LVU275
 870 0064 1216      		cp __zero_reg__,r18
 871 0066 04F4      		brge .L87
 110:tmk_core/common/mousekey.c ****   if (mouse_report.x < 0) mouse_report.x = move_unit() * -1;
 872               		.loc 1 110 27 is_stmt 1 discriminator 1 view .LVU276
 110:tmk_core/common/mousekey.c ****   if (mouse_report.x < 0) mouse_report.x = move_unit() * -1;
 873               		.loc 1 110 44 is_stmt 0 discriminator 1 view .LVU277
 874 0068 0E94 0000 		call move_unit
 875               	.LVL81:
 110:tmk_core/common/mousekey.c ****   if (mouse_report.x < 0) mouse_report.x = move_unit() * -1;
 876               		.loc 1 110 42 discriminator 1 view .LVU278
 877 006c 8093 0000 		sts mouse_report+2,r24
 878               	.L87:
 111:tmk_core/common/mousekey.c ****   if (mouse_report.y > 0) mouse_report.y = move_unit();
 879               		.loc 1 111 3 is_stmt 1 view .LVU279
 111:tmk_core/common/mousekey.c ****   if (mouse_report.y > 0) mouse_report.y = move_unit();
 880               		.loc 1 111 6 is_stmt 0 view .LVU280
 881 0070 8091 0000 		lds r24,mouse_report+2
 882 0074 87FF      		sbrs r24,7
 883 0076 00C0      		rjmp .L88
 111:tmk_core/common/mousekey.c ****   if (mouse_report.y > 0) mouse_report.y = move_unit();
 884               		.loc 1 111 27 is_stmt 1 discriminator 1 view .LVU281
 111:tmk_core/common/mousekey.c ****   if (mouse_report.y > 0) mouse_report.y = move_unit();
 885               		.loc 1 111 44 is_stmt 0 discriminator 1 view .LVU282
 886 0078 0E94 0000 		call move_unit
 887               	.LVL82:
 111:tmk_core/common/mousekey.c ****   if (mouse_report.y > 0) mouse_report.y = move_unit();
 888               		.loc 1 111 42 discriminator 1 view .LVU283
 889 007c 8195      		neg r24
 890 007e 8093 0000 		sts mouse_report+2,r24
 891               	.L88:
 112:tmk_core/common/mousekey.c ****   if (mouse_report.y < 0) mouse_report.y = move_unit() * -1;
 892               		.loc 1 112 3 is_stmt 1 view .LVU284
 112:tmk_core/common/mousekey.c ****   if (mouse_report.y < 0) mouse_report.y = move_unit() * -1;
 893               		.loc 1 112 6 is_stmt 0 view .LVU285
 894 0082 1C16      		cp __zero_reg__,r28
 895 0084 04F4      		brge .L89
 112:tmk_core/common/mousekey.c ****   if (mouse_report.y < 0) mouse_report.y = move_unit() * -1;
 896               		.loc 1 112 27 is_stmt 1 discriminator 1 view .LVU286
 112:tmk_core/common/mousekey.c ****   if (mouse_report.y < 0) mouse_report.y = move_unit() * -1;
 897               		.loc 1 112 44 is_stmt 0 discriminator 1 view .LVU287
 898 0086 0E94 0000 		call move_unit
 899               	.LVL83:
 112:tmk_core/common/mousekey.c ****   if (mouse_report.y < 0) mouse_report.y = move_unit() * -1;
 900               		.loc 1 112 42 discriminator 1 view .LVU288
 901 008a 8093 0000 		sts mouse_report+3,r24
 902               	.L89:
 113:tmk_core/common/mousekey.c ****   /* diagonal move [1/sqrt(2)] */
 903               		.loc 1 113 3 is_stmt 1 view .LVU289
 113:tmk_core/common/mousekey.c ****   /* diagonal move [1/sqrt(2)] */
 904               		.loc 1 113 6 is_stmt 0 view .LVU290
 905 008e 8091 0000 		lds r24,mouse_report+3
 906 0092 87FF      		sbrs r24,7
 907 0094 00C0      		rjmp .L90
 113:tmk_core/common/mousekey.c ****   /* diagonal move [1/sqrt(2)] */
 908               		.loc 1 113 27 is_stmt 1 discriminator 1 view .LVU291
 113:tmk_core/common/mousekey.c ****   /* diagonal move [1/sqrt(2)] */
 909               		.loc 1 113 44 is_stmt 0 discriminator 1 view .LVU292
 910 0096 0E94 0000 		call move_unit
 911               	.LVL84:
 113:tmk_core/common/mousekey.c ****   /* diagonal move [1/sqrt(2)] */
 912               		.loc 1 113 42 discriminator 1 view .LVU293
 913 009a 8195      		neg r24
 914 009c 8093 0000 		sts mouse_report+3,r24
 915               	.L90:
 115:tmk_core/common/mousekey.c ****     mouse_report.x = times_inv_sqrt2(mouse_report.x);
 916               		.loc 1 115 3 is_stmt 1 view .LVU294
 115:tmk_core/common/mousekey.c ****     mouse_report.x = times_inv_sqrt2(mouse_report.x);
 917               		.loc 1 115 19 is_stmt 0 view .LVU295
 918 00a0 3091 0000 		lds r19,mouse_report+2
 115:tmk_core/common/mousekey.c ****     mouse_report.x = times_inv_sqrt2(mouse_report.x);
 919               		.loc 1 115 6 view .LVU296
 920 00a4 3323      		tst r19
 921 00a6 01F0      		breq .L92
 115:tmk_core/common/mousekey.c ****     mouse_report.x = times_inv_sqrt2(mouse_report.x);
 922               		.loc 1 115 37 discriminator 1 view .LVU297
 923 00a8 2091 0000 		lds r18,mouse_report+3
 115:tmk_core/common/mousekey.c ****     mouse_report.x = times_inv_sqrt2(mouse_report.x);
 924               		.loc 1 115 22 discriminator 1 view .LVU298
 925 00ac 2223      		tst r18
 926 00ae 01F0      		breq .L92
 116:tmk_core/common/mousekey.c ****     if (mouse_report.x == 0) { mouse_report.x = 1; }
 927               		.loc 1 116 5 is_stmt 1 view .LVU299
 928               	.LVL85:
 929               	.LBB6:
 930               	.LBI6:
  26:tmk_core/common/mousekey.c ****   // 181/256 is pretty close to 1/sqrt(2)
 931               		.loc 1 26 15 view .LVU300
 932               	.LBB7:
  31:tmk_core/common/mousekey.c **** }
 933               		.loc 1 31 3 view .LVU301
  31:tmk_core/common/mousekey.c **** }
 934               		.loc 1 31 13 is_stmt 0 view .LVU302
 935 00b0 45EB      		ldi r20,lo8(-75)
 936 00b2 3403      		mulsu r19,r20
 937 00b4 C001      		movw r24,r0
 938 00b6 1124      		clr __zero_reg__
 939               	.LVL86:
  31:tmk_core/common/mousekey.c **** }
 940               		.loc 1 31 13 view .LVU303
 941               	.LBE7:
 942               	.LBE6:
 117:tmk_core/common/mousekey.c ****     mouse_report.y = times_inv_sqrt2(mouse_report.y);
 943               		.loc 1 117 5 is_stmt 1 view .LVU304
 117:tmk_core/common/mousekey.c ****     mouse_report.y = times_inv_sqrt2(mouse_report.y);
 944               		.loc 1 117 8 is_stmt 0 view .LVU305
 945 00b8 9923      		tst r25
 946 00ba 01F0      		breq .L94
 116:tmk_core/common/mousekey.c ****     if (mouse_report.x == 0) { mouse_report.x = 1; }
 947               		.loc 1 116 20 view .LVU306
 948 00bc 9093 0000 		sts mouse_report+2,r25
 949               	.L95:
 118:tmk_core/common/mousekey.c ****     if (mouse_report.y == 0) { mouse_report.y = 1; }
 950               		.loc 1 118 5 is_stmt 1 view .LVU307
 951               	.LVL87:
 952               	.LBB8:
 953               	.LBI8:
  26:tmk_core/common/mousekey.c ****   // 181/256 is pretty close to 1/sqrt(2)
 954               		.loc 1 26 15 view .LVU308
 955               	.LBB9:
  31:tmk_core/common/mousekey.c **** }
 956               		.loc 1 31 3 view .LVU309
  31:tmk_core/common/mousekey.c **** }
 957               		.loc 1 31 13 is_stmt 0 view .LVU310
 958 00c0 45EB      		ldi r20,lo8(-75)
 959 00c2 2403      		mulsu r18,r20
 960 00c4 9001      		movw r18,r0
 961 00c6 1124      		clr __zero_reg__
 962               	.LVL88:
  31:tmk_core/common/mousekey.c **** }
 963               		.loc 1 31 13 view .LVU311
 964               	.LBE9:
 965               	.LBE8:
 119:tmk_core/common/mousekey.c ****   }
 966               		.loc 1 119 5 is_stmt 1 view .LVU312
 119:tmk_core/common/mousekey.c ****   }
 967               		.loc 1 119 8 is_stmt 0 view .LVU313
 968 00c8 3323      		tst r19
 969 00ca 01F0      		breq .L96
 118:tmk_core/common/mousekey.c ****     if (mouse_report.y == 0) { mouse_report.y = 1; }
 970               		.loc 1 118 20 view .LVU314
 971 00cc 3093 0000 		sts mouse_report+3,r19
 972               	.L92:
 121:tmk_core/common/mousekey.c ****   if (mouse_report.v < 0) mouse_report.v = wheel_unit() * -1;
 973               		.loc 1 121 3 is_stmt 1 view .LVU315
 121:tmk_core/common/mousekey.c ****   if (mouse_report.v < 0) mouse_report.v = wheel_unit() * -1;
 974               		.loc 1 121 6 is_stmt 0 view .LVU316
 975 00d0 1D16      		cp __zero_reg__,r29
 976 00d2 04F4      		brge .L97
 121:tmk_core/common/mousekey.c ****   if (mouse_report.v < 0) mouse_report.v = wheel_unit() * -1;
 977               		.loc 1 121 27 is_stmt 1 discriminator 1 view .LVU317
 121:tmk_core/common/mousekey.c ****   if (mouse_report.v < 0) mouse_report.v = wheel_unit() * -1;
 978               		.loc 1 121 44 is_stmt 0 discriminator 1 view .LVU318
 979 00d4 0E94 0000 		call wheel_unit
 980               	.LVL89:
 121:tmk_core/common/mousekey.c ****   if (mouse_report.v < 0) mouse_report.v = wheel_unit() * -1;
 981               		.loc 1 121 42 discriminator 1 view .LVU319
 982 00d8 8093 0000 		sts mouse_report+4,r24
 983               	.L97:
 122:tmk_core/common/mousekey.c ****   if (mouse_report.h > 0) mouse_report.h = wheel_unit();
 984               		.loc 1 122 3 is_stmt 1 view .LVU320
 122:tmk_core/common/mousekey.c ****   if (mouse_report.h > 0) mouse_report.h = wheel_unit();
 985               		.loc 1 122 6 is_stmt 0 view .LVU321
 986 00dc 8091 0000 		lds r24,mouse_report+4
 987 00e0 87FF      		sbrs r24,7
 988 00e2 00C0      		rjmp .L98
 122:tmk_core/common/mousekey.c ****   if (mouse_report.h > 0) mouse_report.h = wheel_unit();
 989               		.loc 1 122 27 is_stmt 1 discriminator 1 view .LVU322
 122:tmk_core/common/mousekey.c ****   if (mouse_report.h > 0) mouse_report.h = wheel_unit();
 990               		.loc 1 122 44 is_stmt 0 discriminator 1 view .LVU323
 991 00e4 0E94 0000 		call wheel_unit
 992               	.LVL90:
 122:tmk_core/common/mousekey.c ****   if (mouse_report.h > 0) mouse_report.h = wheel_unit();
 993               		.loc 1 122 42 discriminator 1 view .LVU324
 994 00e8 8195      		neg r24
 995 00ea 8093 0000 		sts mouse_report+4,r24
 996               	.L98:
 123:tmk_core/common/mousekey.c ****   if (mouse_report.h < 0) mouse_report.h = wheel_unit() * -1;
 997               		.loc 1 123 3 is_stmt 1 view .LVU325
 123:tmk_core/common/mousekey.c ****   if (mouse_report.h < 0) mouse_report.h = wheel_unit() * -1;
 998               		.loc 1 123 6 is_stmt 0 view .LVU326
 999 00ee 1116      		cp __zero_reg__,r17
 1000 00f0 04F4      		brge .L99
 123:tmk_core/common/mousekey.c ****   if (mouse_report.h < 0) mouse_report.h = wheel_unit() * -1;
 1001               		.loc 1 123 27 is_stmt 1 discriminator 1 view .LVU327
 123:tmk_core/common/mousekey.c ****   if (mouse_report.h < 0) mouse_report.h = wheel_unit() * -1;
 1002               		.loc 1 123 44 is_stmt 0 discriminator 1 view .LVU328
 1003 00f2 0E94 0000 		call wheel_unit
 1004               	.LVL91:
 123:tmk_core/common/mousekey.c ****   if (mouse_report.h < 0) mouse_report.h = wheel_unit() * -1;
 1005               		.loc 1 123 42 discriminator 1 view .LVU329
 1006 00f6 8093 0000 		sts mouse_report+5,r24
 1007               	.L99:
 124:tmk_core/common/mousekey.c ****   mousekey_send();
 1008               		.loc 1 124 3 is_stmt 1 view .LVU330
 124:tmk_core/common/mousekey.c ****   mousekey_send();
 1009               		.loc 1 124 6 is_stmt 0 view .LVU331
 1010 00fa 8091 0000 		lds r24,mouse_report+5
 1011 00fe 87FF      		sbrs r24,7
 1012 0100 00C0      		rjmp .L100
 124:tmk_core/common/mousekey.c ****   mousekey_send();
 1013               		.loc 1 124 27 is_stmt 1 discriminator 1 view .LVU332
 124:tmk_core/common/mousekey.c ****   mousekey_send();
 1014               		.loc 1 124 44 is_stmt 0 discriminator 1 view .LVU333
 1015 0102 0E94 0000 		call wheel_unit
 1016               	.LVL92:
 124:tmk_core/common/mousekey.c ****   mousekey_send();
 1017               		.loc 1 124 42 discriminator 1 view .LVU334
 1018 0106 8195      		neg r24
 1019 0108 8093 0000 		sts mouse_report+5,r24
 1020               	.L100:
 125:tmk_core/common/mousekey.c **** }
 1021               		.loc 1 125 3 is_stmt 1 view .LVU335
 1022               	/* epilogue start */
 126:tmk_core/common/mousekey.c **** 
 1023               		.loc 1 126 1 is_stmt 0 view .LVU336
 1024 010c DF91      		pop r29
 1025 010e CF91      		pop r28
 1026 0110 1F91      		pop r17
 125:tmk_core/common/mousekey.c **** }
 1027               		.loc 1 125 3 view .LVU337
 1028 0112 0C94 0000 		jmp mousekey_send
 1029               	.LVL93:
 1030               	.L94:
 117:tmk_core/common/mousekey.c ****     mouse_report.y = times_inv_sqrt2(mouse_report.y);
 1031               		.loc 1 117 32 is_stmt 1 discriminator 1 view .LVU338
 117:tmk_core/common/mousekey.c ****     mouse_report.y = times_inv_sqrt2(mouse_report.y);
 1032               		.loc 1 117 47 is_stmt 0 discriminator 1 view .LVU339
 1033 0116 81E0      		ldi r24,lo8(1)
 1034 0118 8093 0000 		sts mouse_report+2,r24
 1035 011c 00C0      		rjmp .L95
 1036               	.L96:
 119:tmk_core/common/mousekey.c ****   }
 1037               		.loc 1 119 32 is_stmt 1 discriminator 1 view .LVU340
 119:tmk_core/common/mousekey.c ****   }
 1038               		.loc 1 119 47 is_stmt 0 discriminator 1 view .LVU341
 1039 011e 81E0      		ldi r24,lo8(1)
 1040 0120 8093 0000 		sts mouse_report+3,r24
 1041 0124 00C0      		rjmp .L92
 1042               	.L111:
 109:tmk_core/common/mousekey.c ****   if (mouse_report.x > 0) mouse_report.x = move_unit();
 1043               		.loc 1 109 3 is_stmt 1 view .LVU342
 109:tmk_core/common/mousekey.c ****   if (mouse_report.x > 0) mouse_report.x = move_unit();
 1044               		.loc 1 109 6 is_stmt 0 view .LVU343
 1045 0126 9F3F      		cpi r25,lo8(-1)
 1046 0128 01F0      		breq .+2
 1047 012a 00C0      		rjmp .L101
 1048 012c 00C0      		rjmp .L88
 1049               		.cfi_endproc
 1050               	.LFE103:
 1052               		.section	.text.mousekey_clear,"ax",@progbits
 1053               	.global	mousekey_clear
 1055               	mousekey_clear:
 1056               	.LFB107:
 308:tmk_core/common/mousekey.c **** 
 309:tmk_core/common/mousekey.c **** void mousekey_clear(void) {
 1057               		.loc 1 309 27 is_stmt 1 view -0
 1058               		.cfi_startproc
 1059               	/* prologue: function */
 1060               	/* frame size = 0 */
 1061               	/* stack size = 0 */
 1062               	.L__stack_usage = 0
 310:tmk_core/common/mousekey.c ****   mouse_report = (report_mouse_t){};
 1063               		.loc 1 310 3 view .LVU345
 1064               		.loc 1 310 16 is_stmt 0 view .LVU346
 1065 0000 86E0      		ldi r24,lo8(6)
 1066 0002 E0E0      		ldi r30,lo8(mouse_report)
 1067 0004 F0E0      		ldi r31,hi8(mouse_report)
 1068 0006 DF01      		movw r26,r30
 1069               		0:
 1070 0008 1D92      		st X+,__zero_reg__
 1071 000a 8A95      		dec r24
 1072 000c 01F4      		brne 0b
 311:tmk_core/common/mousekey.c ****   mousekey_repeat = 0;
 1073               		.loc 1 311 3 is_stmt 1 view .LVU347
 1074               		.loc 1 311 19 is_stmt 0 view .LVU348
 1075 000e 1092 0000 		sts mousekey_repeat,__zero_reg__
 312:tmk_core/common/mousekey.c ****   mousekey_accel = 0;
 1076               		.loc 1 312 3 is_stmt 1 view .LVU349
 1077               		.loc 1 312 18 is_stmt 0 view .LVU350
 1078 0012 1092 0000 		sts mousekey_accel,__zero_reg__
 1079               	/* epilogue start */
 313:tmk_core/common/mousekey.c **** }
 1080               		.loc 1 313 1 view .LVU351
 1081 0016 0895      		ret
 1082               		.cfi_endproc
 1083               	.LFE107:
 1085               	.global	mk_wheel_time_to_max
 1086               		.section	.data.mk_wheel_time_to_max,"aw"
 1089               	mk_wheel_time_to_max:
 1090 0000 28        		.byte	40
 1091               	.global	mk_wheel_max_speed
 1092               		.section	.data.mk_wheel_max_speed,"aw"
 1095               	mk_wheel_max_speed:
 1096 0000 08        		.byte	8
 1097               	.global	mk_time_to_max
 1098               		.section	.data.mk_time_to_max,"aw"
 1101               	mk_time_to_max:
 1102 0000 3C        		.byte	60
 1103               	.global	mk_max_speed
 1104               		.section	.data.mk_max_speed,"aw"
 1107               	mk_max_speed:
 1108 0000 07        		.byte	7
 1109               	.global	mk_interval
 1110               		.section	.data.mk_interval,"aw"
 1113               	mk_interval:
 1114 0000 14        		.byte	20
 1115               	.global	mk_delay
 1116               		.section	.bss.mk_delay,"aw",@nobits
 1119               	mk_delay:
 1120 0000 00        		.zero	1
 1121               		.section	.bss.last_timer,"aw",@nobits
 1124               	last_timer:
 1125 0000 0000      		.zero	2
 1126               		.section	.bss.mousekey_repeat,"aw",@nobits
 1129               	mousekey_repeat:
 1130 0000 00        		.zero	1
 1131               		.section	.bss.mousekey_accel,"aw",@nobits
 1134               	mousekey_accel:
 1135 0000 00        		.zero	1
 1136               		.section	.bss.mouse_report,"aw",@nobits
 1139               	mouse_report:
 1140 0000 0000 0000 		.zero	6
 1140      0000 
 1141               		.text
 1142               	.Letext0:
 1143               		.file 2 "/usr/local/Cellar/avr-gcc/8.3.0/avr/include/stdint.h"
 1144               		.file 3 "lib/lufa/LUFA/Drivers/USB/Core/AVR8/../StdRequestType.h"
 1145               		.file 4 "lib/lufa/LUFA/Drivers/USB/Core/AVR8/../DeviceStandardReq.h"
 1146               		.file 5 "lib/lufa/LUFA/Drivers/USB/Core/USBTask.h"
 1147               		.file 6 "lib/lufa/LUFA/Drivers/USB/Core/HostStandardReq.h"
 1148               		.file 7 "/usr/local/Cellar/avr-gcc/8.3.0/avr/include/stdio.h"
 1149               		.file 8 "tmk_core/common/report.h"
 1150               		.file 9 "tmk_core/common/host.h"
 1151               		.file 10 "tmk_core/common/timer.h"
 1152               		.file 11 "tmk_core/common/debug.h"
 1153               		.file 12 "tmk_core/common/mousekey.h"
 1154               		.file 13 "tmk_core/common/keycode.h"
DEFINED SYMBOLS
                            *ABS*:0000000000000000 mousekey.c
/var/folders/fs/52b7g59j2v54kt47tqq0zw4r0000gn/T//ccEdzFAb.s:2      *ABS*:000000000000003e __SP_H__
/var/folders/fs/52b7g59j2v54kt47tqq0zw4r0000gn/T//ccEdzFAb.s:3      *ABS*:000000000000003d __SP_L__
/var/folders/fs/52b7g59j2v54kt47tqq0zw4r0000gn/T//ccEdzFAb.s:4      *ABS*:000000000000003f __SREG__
/var/folders/fs/52b7g59j2v54kt47tqq0zw4r0000gn/T//ccEdzFAb.s:5      *ABS*:0000000000000000 __tmp_reg__
/var/folders/fs/52b7g59j2v54kt47tqq0zw4r0000gn/T//ccEdzFAb.s:6      *ABS*:0000000000000001 __zero_reg__
/var/folders/fs/52b7g59j2v54kt47tqq0zw4r0000gn/T//ccEdzFAb.s:12     .text.move_unit:0000000000000000 move_unit
/var/folders/fs/52b7g59j2v54kt47tqq0zw4r0000gn/T//ccEdzFAb.s:1134   .bss.mousekey_accel:0000000000000000 mousekey_accel
/var/folders/fs/52b7g59j2v54kt47tqq0zw4r0000gn/T//ccEdzFAb.s:1107   .data.mk_max_speed:0000000000000000 mk_max_speed
/var/folders/fs/52b7g59j2v54kt47tqq0zw4r0000gn/T//ccEdzFAb.s:1129   .bss.mousekey_repeat:0000000000000000 mousekey_repeat
/var/folders/fs/52b7g59j2v54kt47tqq0zw4r0000gn/T//ccEdzFAb.s:1101   .data.mk_time_to_max:0000000000000000 mk_time_to_max
/var/folders/fs/52b7g59j2v54kt47tqq0zw4r0000gn/T//ccEdzFAb.s:148    .text.wheel_unit:0000000000000000 wheel_unit
/var/folders/fs/52b7g59j2v54kt47tqq0zw4r0000gn/T//ccEdzFAb.s:1095   .data.mk_wheel_max_speed:0000000000000000 mk_wheel_max_speed
/var/folders/fs/52b7g59j2v54kt47tqq0zw4r0000gn/T//ccEdzFAb.s:1089   .data.mk_wheel_time_to_max:0000000000000000 mk_wheel_time_to_max
/var/folders/fs/52b7g59j2v54kt47tqq0zw4r0000gn/T//ccEdzFAb.s:264    .text.mousekey_on:0000000000000000 mousekey_on
/var/folders/fs/52b7g59j2v54kt47tqq0zw4r0000gn/T//ccEdzFAb.s:1139   .bss.mouse_report:0000000000000000 mouse_report
/var/folders/fs/52b7g59j2v54kt47tqq0zw4r0000gn/T//ccEdzFAb.s:501    .text.mousekey_off:0000000000000000 mousekey_off
/var/folders/fs/52b7g59j2v54kt47tqq0zw4r0000gn/T//ccEdzFAb.s:760    .text.mousekey_send:0000000000000000 mousekey_send
/var/folders/fs/52b7g59j2v54kt47tqq0zw4r0000gn/T//ccEdzFAb.s:1124   .bss.last_timer:0000000000000000 last_timer
/var/folders/fs/52b7g59j2v54kt47tqq0zw4r0000gn/T//ccEdzFAb.s:790    .text.mousekey_task:0000000000000000 mousekey_task
/var/folders/fs/52b7g59j2v54kt47tqq0zw4r0000gn/T//ccEdzFAb.s:1113   .data.mk_interval:0000000000000000 mk_interval
/var/folders/fs/52b7g59j2v54kt47tqq0zw4r0000gn/T//ccEdzFAb.s:1119   .bss.mk_delay:0000000000000000 mk_delay
/var/folders/fs/52b7g59j2v54kt47tqq0zw4r0000gn/T//ccEdzFAb.s:1055   .text.mousekey_clear:0000000000000000 mousekey_clear

UNDEFINED SYMBOLS
__divmodhi4
host_mouse_send
timer_read
timer_elapsed
__do_copy_data
__do_clear_bss
