   1               		.file	"keymap.c"
   2               	__SP_H__ = 0x3e
   3               	__SP_L__ = 0x3d
   4               	__SREG__ = 0x3f
   5               	__tmp_reg__ = 0
   6               	__zero_reg__ = 1
   7               		.text
   8               	.Ltext0:
   9               		.cfi_sections	.debug_frame
  10               		.section	.text.process_record_user,"ax",@progbits
  11               	.global	process_record_user
  13               	process_record_user:
  14               	.LVL0:
  15               	.LFB128:
  16               		.file 1 "keyboards/ergodox_ez/keymaps/default/keymap.c"
   1:keyboards/ergodox_ez/keymaps/default/keymap.c **** #include QMK_KEYBOARD_H
   2:keyboards/ergodox_ez/keymaps/default/keymap.c **** #include "version.h"
   3:keyboards/ergodox_ez/keymaps/default/keymap.c **** 
   4:keyboards/ergodox_ez/keymaps/default/keymap.c **** #define BASE 0 // default layer
   5:keyboards/ergodox_ez/keymaps/default/keymap.c **** #define SYMB 1 // symbols
   6:keyboards/ergodox_ez/keymaps/default/keymap.c **** #define MDIA 2 // media keys
   7:keyboards/ergodox_ez/keymaps/default/keymap.c **** 
   8:keyboards/ergodox_ez/keymaps/default/keymap.c **** enum custom_keycodes {
   9:keyboards/ergodox_ez/keymaps/default/keymap.c ****   EPRM = SAFE_RANGE,
  10:keyboards/ergodox_ez/keymaps/default/keymap.c ****   VRSN,
  11:keyboards/ergodox_ez/keymaps/default/keymap.c ****   RGB_SLD
  12:keyboards/ergodox_ez/keymaps/default/keymap.c **** };
  13:keyboards/ergodox_ez/keymaps/default/keymap.c **** 
  14:keyboards/ergodox_ez/keymaps/default/keymap.c **** const uint16_t PROGMEM keymaps[][MATRIX_ROWS][MATRIX_COLS] = {
  15:keyboards/ergodox_ez/keymaps/default/keymap.c **** /* Keymap 0: Basic layer
  16:keyboards/ergodox_ez/keymaps/default/keymap.c ****  *
  17:keyboards/ergodox_ez/keymaps/default/keymap.c ****  * ,--------------------------------------------------.           ,--------------------------------
  18:keyboards/ergodox_ez/keymaps/default/keymap.c ****  * |   =    |   1  |   2  |   3  |   4  |   5  | LEFT |           | RIGHT|   6  |   7  |   8  |   9
  19:keyboards/ergodox_ez/keymaps/default/keymap.c ****  * |--------+------+------+------+------+-------------|           |------+------+------+------+----
  20:keyboards/ergodox_ez/keymaps/default/keymap.c ****  * | Del    |   Q  |   W  |   E  |   R  |   T  |  L1  |           |  L1  |   Y  |   U  |   I  |   O
  21:keyboards/ergodox_ez/keymaps/default/keymap.c ****  * |--------+------+------+------+------+------|      |           |      |------+------+------+----
  22:keyboards/ergodox_ez/keymaps/default/keymap.c ****  * | BkSp   |   A  |   S  |   D  |   F  |   G  |------|           |------|   H  |   J  |   K  |   L
  23:keyboards/ergodox_ez/keymaps/default/keymap.c ****  * |--------+------+------+------+------+------| Hyper|           | Meh  |------+------+------+----
  24:keyboards/ergodox_ez/keymaps/default/keymap.c ****  * | LShift |Z/Ctrl|   X  |   C  |   V  |   B  |      |           |      |   N  |   M  |   ,  |   .
  25:keyboards/ergodox_ez/keymaps/default/keymap.c ****  * `--------+------+------+------+------+-------------'           `-------------+------+------+----
  26:keyboards/ergodox_ez/keymaps/default/keymap.c ****  *   |Grv/L1|  '"  |AltShf| Left | Right|                                       |  Up  | Down |   [
  27:keyboards/ergodox_ez/keymaps/default/keymap.c ****  *   `----------------------------------'                                       `------------------
  28:keyboards/ergodox_ez/keymaps/default/keymap.c ****  *                                        ,-------------.       ,-------------.
  29:keyboards/ergodox_ez/keymaps/default/keymap.c ****  *                                        | App  | LGui |       | Alt  |Ctrl/Esc|
  30:keyboards/ergodox_ez/keymaps/default/keymap.c ****  *                                 ,------|------|------|       |------+--------+------.
  31:keyboards/ergodox_ez/keymaps/default/keymap.c ****  *                                 |      |      | Home |       | PgUp |        |      |
  32:keyboards/ergodox_ez/keymaps/default/keymap.c ****  *                                 | Space|Backsp|------|       |------|  Tab   |Enter |
  33:keyboards/ergodox_ez/keymaps/default/keymap.c ****  *                                 |      |ace   | End  |       | PgDn |        |      |
  34:keyboards/ergodox_ez/keymaps/default/keymap.c ****  *                                 `--------------------'       `----------------------'
  35:keyboards/ergodox_ez/keymaps/default/keymap.c ****  */
  36:keyboards/ergodox_ez/keymaps/default/keymap.c **** [BASE] = LAYOUT_ergodox(
  37:keyboards/ergodox_ez/keymaps/default/keymap.c ****   // left hand
  38:keyboards/ergodox_ez/keymaps/default/keymap.c ****   KC_EQL,          KC_1,        KC_2,          KC_3,    KC_4,    KC_5,    KC_LEFT,
  39:keyboards/ergodox_ez/keymaps/default/keymap.c ****   KC_DELT,         KC_Q,        KC_W,          KC_E,    KC_R,    KC_T,    TG(SYMB),
  40:keyboards/ergodox_ez/keymaps/default/keymap.c ****   KC_BSPC,         KC_A,        KC_S,          KC_D,    KC_F,    KC_G,
  41:keyboards/ergodox_ez/keymaps/default/keymap.c ****   KC_LSFT,         CTL_T(KC_Z), KC_X,          KC_C,    KC_V,    KC_B,    ALL_T(KC_NO),
  42:keyboards/ergodox_ez/keymaps/default/keymap.c ****   LT(SYMB,KC_GRV), KC_QUOT,     LALT(KC_LSFT), KC_LEFT, KC_RGHT,
  43:keyboards/ergodox_ez/keymaps/default/keymap.c ****                                                            ALT_T(KC_APP), KC_LGUI,
  44:keyboards/ergodox_ez/keymaps/default/keymap.c ****                                                                           KC_HOME,
  45:keyboards/ergodox_ez/keymaps/default/keymap.c ****                                                          KC_SPC, KC_BSPC, KC_END,
  46:keyboards/ergodox_ez/keymaps/default/keymap.c ****   // right hand
  47:keyboards/ergodox_ez/keymaps/default/keymap.c ****   KC_RGHT,      KC_6,    KC_7,    KC_8,    KC_9,              KC_0,           KC_MINS,
  48:keyboards/ergodox_ez/keymaps/default/keymap.c ****   TG(SYMB),     KC_Y,    KC_U,    KC_I,    KC_O,              KC_P,           KC_BSLS,
  49:keyboards/ergodox_ez/keymaps/default/keymap.c ****   KC_H,         KC_J,    KC_K,    KC_L,    LT(MDIA, KC_SCLN), GUI_T(KC_QUOT),
  50:keyboards/ergodox_ez/keymaps/default/keymap.c ****   MEH_T(KC_NO), KC_N,    KC_M,    KC_COMM, KC_DOT,            CTL_T(KC_SLSH), KC_RSFT,
  51:keyboards/ergodox_ez/keymaps/default/keymap.c ****   KC_UP,        KC_DOWN, KC_LBRC, KC_RBRC, TT(SYMB),
  52:keyboards/ergodox_ez/keymaps/default/keymap.c ****   KC_LALT, CTL_T(KC_ESC),
  53:keyboards/ergodox_ez/keymaps/default/keymap.c ****   KC_PGUP,
  54:keyboards/ergodox_ez/keymaps/default/keymap.c ****   KC_PGDN, KC_TAB, KC_ENT
  55:keyboards/ergodox_ez/keymaps/default/keymap.c **** ),
  56:keyboards/ergodox_ez/keymaps/default/keymap.c **** /* Keymap 1: Symbol Layer
  57:keyboards/ergodox_ez/keymaps/default/keymap.c ****  *
  58:keyboards/ergodox_ez/keymaps/default/keymap.c ****  * ,---------------------------------------------------.           ,-------------------------------
  59:keyboards/ergodox_ez/keymaps/default/keymap.c ****  * |Version  |  F1  |  F2  |  F3  |  F4  |  F5  |      |           |      |  F6  |  F7  |  F8  |  F
  60:keyboards/ergodox_ez/keymaps/default/keymap.c ****  * |---------+------+------+------+------+------+------|           |------+------+------+------+---
  61:keyboards/ergodox_ez/keymaps/default/keymap.c ****  * |         |   !  |   @  |   {  |   }  |   |  |      |           |      |   Up |   7  |   8  |   
  62:keyboards/ergodox_ez/keymaps/default/keymap.c ****  * |---------+------+------+------+------+------|      |           |      |------+------+------+---
  63:keyboards/ergodox_ez/keymaps/default/keymap.c ****  * |         |   #  |   $  |   (  |   )  |   `  |------|           |------| Down |   4  |   5  |   
  64:keyboards/ergodox_ez/keymaps/default/keymap.c ****  * |---------+------+------+------+------+------|      |           |      |------+------+------+---
  65:keyboards/ergodox_ez/keymaps/default/keymap.c ****  * |         |   %  |   ^  |   [  |   ]  |   ~  |      |           |      |   &  |   1  |   2  |   
  66:keyboards/ergodox_ez/keymaps/default/keymap.c ****  * `---------+------+------+------+------+-------------'           `-------------+------+------+---
  67:keyboards/ergodox_ez/keymaps/default/keymap.c ****  *   | EPRM  |      |      |      |      |                                       |      |    . |   
  68:keyboards/ergodox_ez/keymaps/default/keymap.c ****  *   `-----------------------------------'                                       `-----------------
  69:keyboards/ergodox_ez/keymaps/default/keymap.c ****  *                                        ,-------------.       ,-------------.
  70:keyboards/ergodox_ez/keymaps/default/keymap.c ****  *                                        |Animat|      |       |Toggle|Solid |
  71:keyboards/ergodox_ez/keymaps/default/keymap.c ****  *                                 ,------|------|------|       |------+------+------.
  72:keyboards/ergodox_ez/keymaps/default/keymap.c ****  *                                 |Bright|Bright|      |       |      |Hue-  |Hue+  |
  73:keyboards/ergodox_ez/keymaps/default/keymap.c ****  *                                 |ness- |ness+ |------|       |------|      |      |
  74:keyboards/ergodox_ez/keymaps/default/keymap.c ****  *                                 |      |      |      |       |      |      |      |
  75:keyboards/ergodox_ez/keymaps/default/keymap.c ****  *                                 `--------------------'       `--------------------'
  76:keyboards/ergodox_ez/keymaps/default/keymap.c ****  */
  77:keyboards/ergodox_ez/keymaps/default/keymap.c **** [SYMB] = LAYOUT_ergodox(
  78:keyboards/ergodox_ez/keymaps/default/keymap.c ****   // left hand
  79:keyboards/ergodox_ez/keymaps/default/keymap.c ****   VRSN,    KC_F1,   KC_F2,   KC_F3,   KC_F4,   KC_F5,   KC_TRNS,
  80:keyboards/ergodox_ez/keymaps/default/keymap.c ****   KC_TRNS, KC_EXLM, KC_AT,   KC_LCBR, KC_RCBR, KC_PIPE, KC_TRNS,
  81:keyboards/ergodox_ez/keymaps/default/keymap.c ****   KC_TRNS, KC_HASH, KC_DLR,  KC_LPRN, KC_RPRN, KC_GRV,
  82:keyboards/ergodox_ez/keymaps/default/keymap.c ****   KC_TRNS, KC_PERC, KC_CIRC, KC_LBRC, KC_RBRC, KC_TILD, KC_TRNS,
  83:keyboards/ergodox_ez/keymaps/default/keymap.c ****   EPRM,    KC_TRNS, KC_TRNS, KC_TRNS, KC_TRNS,
  84:keyboards/ergodox_ez/keymaps/default/keymap.c ****                                                RGB_MOD, KC_TRNS,
  85:keyboards/ergodox_ez/keymaps/default/keymap.c ****                                                         KC_TRNS,
  86:keyboards/ergodox_ez/keymaps/default/keymap.c ****                                       RGB_VAD, RGB_VAI, KC_TRNS,
  87:keyboards/ergodox_ez/keymaps/default/keymap.c ****   // right hand
  88:keyboards/ergodox_ez/keymaps/default/keymap.c ****   KC_TRNS, KC_F6,   KC_F7,   KC_F8,   KC_F9,   KC_F10,  KC_F11,
  89:keyboards/ergodox_ez/keymaps/default/keymap.c ****   KC_TRNS, KC_UP,   KC_7,    KC_8,    KC_9,    KC_ASTR, KC_F12,
  90:keyboards/ergodox_ez/keymaps/default/keymap.c ****   KC_DOWN, KC_4,    KC_5,    KC_6,    KC_PLUS, KC_TRNS,
  91:keyboards/ergodox_ez/keymaps/default/keymap.c ****   KC_TRNS, KC_AMPR, KC_1,    KC_2,    KC_3,    KC_BSLS, KC_TRNS,
  92:keyboards/ergodox_ez/keymaps/default/keymap.c ****   KC_TRNS, KC_DOT,  KC_0,    KC_EQL,  KC_TRNS,
  93:keyboards/ergodox_ez/keymaps/default/keymap.c ****   RGB_TOG, RGB_SLD,
  94:keyboards/ergodox_ez/keymaps/default/keymap.c ****   KC_TRNS,
  95:keyboards/ergodox_ez/keymaps/default/keymap.c ****   KC_TRNS, RGB_HUD, RGB_HUI
  96:keyboards/ergodox_ez/keymaps/default/keymap.c **** ),
  97:keyboards/ergodox_ez/keymaps/default/keymap.c **** /* Keymap 2: Media and mouse keys
  98:keyboards/ergodox_ez/keymaps/default/keymap.c ****  *
  99:keyboards/ergodox_ez/keymaps/default/keymap.c ****  * ,--------------------------------------------------.           ,--------------------------------
 100:keyboards/ergodox_ez/keymaps/default/keymap.c ****  * |        |      |      |      |      |      |      |           |      |      |      |      |    
 101:keyboards/ergodox_ez/keymaps/default/keymap.c ****  * |--------+------+------+------+------+-------------|           |------+------+------+------+----
 102:keyboards/ergodox_ez/keymaps/default/keymap.c ****  * |        |      |      | MsUp |      |      |      |           |      |      |      |      |    
 103:keyboards/ergodox_ez/keymaps/default/keymap.c ****  * |--------+------+------+------+------+------|      |           |      |------+------+------+----
 104:keyboards/ergodox_ez/keymaps/default/keymap.c ****  * |        |      |MsLeft|MsDown|MsRght|      |------|           |------|      |      |      |    
 105:keyboards/ergodox_ez/keymaps/default/keymap.c ****  * |--------+------+------+------+------+------|      |           |      |------+------+------+----
 106:keyboards/ergodox_ez/keymaps/default/keymap.c ****  * |        |      |      |      |      |      |      |           |      |      |      | Prev | Nex
 107:keyboards/ergodox_ez/keymaps/default/keymap.c ****  * `--------+------+------+------+------+-------------'           `-------------+------+------+----
 108:keyboards/ergodox_ez/keymaps/default/keymap.c ****  *   |      |      |      | Lclk | Rclk |                                       |VolUp |VolDn | Mut
 109:keyboards/ergodox_ez/keymaps/default/keymap.c ****  *   `----------------------------------'                                       `------------------
 110:keyboards/ergodox_ez/keymaps/default/keymap.c ****  *                                        ,-------------.       ,-------------.
 111:keyboards/ergodox_ez/keymaps/default/keymap.c ****  *                                        |      |      |       |      |      |
 112:keyboards/ergodox_ez/keymaps/default/keymap.c ****  *                                 ,------|------|------|       |------+------+------.
 113:keyboards/ergodox_ez/keymaps/default/keymap.c ****  *                                 |      |      |      |       |      |      |Brwser|
 114:keyboards/ergodox_ez/keymaps/default/keymap.c ****  *                                 |      |      |------|       |------|      |Back  |
 115:keyboards/ergodox_ez/keymaps/default/keymap.c ****  *                                 |      |      |      |       |      |      |      |
 116:keyboards/ergodox_ez/keymaps/default/keymap.c ****  *                                 `--------------------'       `--------------------'
 117:keyboards/ergodox_ez/keymaps/default/keymap.c ****  */
 118:keyboards/ergodox_ez/keymaps/default/keymap.c **** [MDIA] = LAYOUT_ergodox(
 119:keyboards/ergodox_ez/keymaps/default/keymap.c ****   // left hand
 120:keyboards/ergodox_ez/keymaps/default/keymap.c ****   KC_TRNS, KC_TRNS, KC_TRNS, KC_TRNS, KC_TRNS, KC_TRNS, KC_TRNS,
 121:keyboards/ergodox_ez/keymaps/default/keymap.c ****   KC_TRNS, KC_TRNS, KC_TRNS, KC_MS_U, KC_TRNS, KC_TRNS, KC_TRNS,
 122:keyboards/ergodox_ez/keymaps/default/keymap.c ****   KC_TRNS, KC_TRNS, KC_MS_L, KC_MS_D, KC_MS_R, KC_TRNS,
 123:keyboards/ergodox_ez/keymaps/default/keymap.c ****   KC_TRNS, KC_TRNS, KC_TRNS, KC_TRNS, KC_TRNS, KC_TRNS, KC_TRNS,
 124:keyboards/ergodox_ez/keymaps/default/keymap.c ****   KC_TRNS, KC_TRNS, KC_TRNS, KC_BTN1, KC_BTN2,
 125:keyboards/ergodox_ez/keymaps/default/keymap.c ****                                                KC_TRNS, KC_TRNS,
 126:keyboards/ergodox_ez/keymaps/default/keymap.c ****                                                         KC_TRNS,
 127:keyboards/ergodox_ez/keymaps/default/keymap.c ****                                       KC_TRNS, KC_TRNS, KC_TRNS,
 128:keyboards/ergodox_ez/keymaps/default/keymap.c ****   // right hand
 129:keyboards/ergodox_ez/keymaps/default/keymap.c ****   KC_TRNS, KC_TRNS, KC_TRNS, KC_TRNS, KC_TRNS, KC_TRNS, KC_TRNS,
 130:keyboards/ergodox_ez/keymaps/default/keymap.c ****   KC_TRNS, KC_TRNS, KC_TRNS, KC_TRNS, KC_TRNS, KC_TRNS, KC_TRNS,
 131:keyboards/ergodox_ez/keymaps/default/keymap.c ****            KC_TRNS, KC_TRNS, KC_TRNS, KC_TRNS, KC_TRNS, KC_MPLY,
 132:keyboards/ergodox_ez/keymaps/default/keymap.c ****   KC_TRNS, KC_TRNS, KC_TRNS, KC_MPRV, KC_MNXT, KC_TRNS, KC_TRNS,
 133:keyboards/ergodox_ez/keymaps/default/keymap.c ****                     KC_VOLU, KC_VOLD, KC_MUTE, KC_TRNS, KC_TRNS,
 134:keyboards/ergodox_ez/keymaps/default/keymap.c ****   KC_TRNS, KC_TRNS,
 135:keyboards/ergodox_ez/keymaps/default/keymap.c ****   KC_TRNS,
 136:keyboards/ergodox_ez/keymaps/default/keymap.c ****   KC_TRNS, KC_TRNS, KC_WBAK
 137:keyboards/ergodox_ez/keymaps/default/keymap.c **** ),
 138:keyboards/ergodox_ez/keymaps/default/keymap.c **** };
 139:keyboards/ergodox_ez/keymaps/default/keymap.c **** 
 140:keyboards/ergodox_ez/keymaps/default/keymap.c **** bool process_record_user(uint16_t keycode, keyrecord_t *record) {
  17               		.loc 1 140 65 view -0
  18               		.cfi_startproc
  19               	/* prologue: function */
  20               	/* frame size = 0 */
  21               	/* stack size = 0 */
  22               	.L__stack_usage = 0
  23               		.loc 1 140 65 is_stmt 0 view .LVU1
  24 0000 9C01      		movw r18,r24
 141:keyboards/ergodox_ez/keymaps/default/keymap.c ****   if (record->event.pressed) {
  25               		.loc 1 141 3 is_stmt 1 view .LVU2
  26               		.loc 1 141 20 is_stmt 0 view .LVU3
  27 0002 FB01      		movw r30,r22
  28 0004 8281      		ldd r24,Z+2
  29               	.LVL1:
  30               		.loc 1 141 6 view .LVU4
  31 0006 8823      		tst r24
  32 0008 01F0      		breq .L5
 142:keyboards/ergodox_ez/keymaps/default/keymap.c ****     switch (keycode) {
  33               		.loc 1 142 5 is_stmt 1 view .LVU5
  34 000a 253F      		cpi r18,-11
  35 000c FCE5      		ldi r31,92
  36 000e 3F07      		cpc r19,r31
  37 0010 01F0      		breq .L3
  38 0012 263F      		cpi r18,-10
  39 0014 9CE5      		ldi r25,92
  40 0016 3907      		cpc r19,r25
  41 0018 01F0      		breq .L4
  42 001a 243F      		cpi r18,-12
  43 001c 3C45      		sbci r19,92
  44 001e 01F4      		brne .L1
 143:keyboards/ergodox_ez/keymaps/default/keymap.c ****       case EPRM:
 144:keyboards/ergodox_ez/keymaps/default/keymap.c ****         eeconfig_init();
  45               		.loc 1 144 9 view .LVU6
  46 0020 0E94 0000 		call eeconfig_init
  47               	.LVL2:
 145:keyboards/ergodox_ez/keymaps/default/keymap.c ****         return false;
  48               		.loc 1 145 9 view .LVU7
  49               	.L6:
 146:keyboards/ergodox_ez/keymaps/default/keymap.c ****       case VRSN:
 147:keyboards/ergodox_ez/keymaps/default/keymap.c ****         SEND_STRING (QMK_KEYBOARD "/" QMK_KEYMAP " @ " QMK_VERSION);
 148:keyboards/ergodox_ez/keymaps/default/keymap.c ****         return false;
  50               		.loc 1 148 9 view .LVU8
  51               		.loc 1 148 16 is_stmt 0 view .LVU9
  52 0024 80E0      		ldi r24,0
  53 0026 0895      		ret
  54               	.LVL3:
  55               	.L3:
 147:keyboards/ergodox_ez/keymaps/default/keymap.c ****         return false;
  56               		.loc 1 147 9 is_stmt 1 view .LVU10
  57               	.LBB2:
 147:keyboards/ergodox_ez/keymaps/default/keymap.c ****         return false;
  58               		.loc 1 147 9 view .LVU11
 147:keyboards/ergodox_ez/keymaps/default/keymap.c ****         return false;
  59               		.loc 1 147 9 view .LVU12
  60               	.LBE2:
  61 0028 80E0      		ldi r24,lo8(__c.6059)
  62 002a 90E0      		ldi r25,hi8(__c.6059)
  63 002c 0E94 0000 		call send_string_P
  64               	.LVL4:
 147:keyboards/ergodox_ez/keymaps/default/keymap.c ****         return false;
  65               		.loc 1 147 9 is_stmt 0 view .LVU13
  66 0030 00C0      		rjmp .L6
  67               	.LVL5:
  68               	.L4:
 149:keyboards/ergodox_ez/keymaps/default/keymap.c ****       #ifdef RGBLIGHT_ENABLE
 150:keyboards/ergodox_ez/keymaps/default/keymap.c ****       case RGB_SLD:
 151:keyboards/ergodox_ez/keymaps/default/keymap.c ****         rgblight_mode(1);
  69               		.loc 1 151 9 is_stmt 1 view .LVU14
  70 0032 81E0      		ldi r24,lo8(1)
  71 0034 0E94 0000 		call rgblight_mode
  72               	.LVL6:
 152:keyboards/ergodox_ez/keymaps/default/keymap.c ****         return false;
  73               		.loc 1 152 9 view .LVU15
  74 0038 00C0      		rjmp .L6
  75               	.LVL7:
  76               	.L5:
 153:keyboards/ergodox_ez/keymaps/default/keymap.c ****       #endif
 154:keyboards/ergodox_ez/keymaps/default/keymap.c ****     }
 155:keyboards/ergodox_ez/keymaps/default/keymap.c ****   }
 156:keyboards/ergodox_ez/keymaps/default/keymap.c ****   return true;
  77               		.loc 1 156 10 is_stmt 0 view .LVU16
  78 003a 81E0      		ldi r24,lo8(1)
  79               	.L1:
  80               	/* epilogue start */
 157:keyboards/ergodox_ez/keymaps/default/keymap.c **** }
  81               		.loc 1 157 1 view .LVU17
  82 003c 0895      		ret
  83               		.cfi_endproc
  84               	.LFE128:
  86               		.section	.text.matrix_init_user,"ax",@progbits
  87               	.global	matrix_init_user
  89               	matrix_init_user:
  90               	.LFB129:
 158:keyboards/ergodox_ez/keymaps/default/keymap.c **** 
 159:keyboards/ergodox_ez/keymaps/default/keymap.c **** // Runs just one time when the keyboard initializes.
 160:keyboards/ergodox_ez/keymaps/default/keymap.c **** void matrix_init_user(void) {
  91               		.loc 1 160 29 is_stmt 1 view -0
  92               		.cfi_startproc
  93               	/* prologue: function */
  94               	/* frame size = 0 */
  95               	/* stack size = 0 */
  96               	.L__stack_usage = 0
 161:keyboards/ergodox_ez/keymaps/default/keymap.c **** #ifdef RGBLIGHT_COLOR_LAYER_0
 162:keyboards/ergodox_ez/keymaps/default/keymap.c ****   rgblight_setrgb(RGBLIGHT_COLOR_LAYER_0);
 163:keyboards/ergodox_ez/keymaps/default/keymap.c **** #endif
 164:keyboards/ergodox_ez/keymaps/default/keymap.c **** };
  97               		.loc 1 164 1 view .LVU19
  98               	/* epilogue start */
  99 0000 0895      		ret
 100               		.cfi_endproc
 101               	.LFE129:
 103               		.section	.text.layer_state_set_user,"ax",@progbits
 104               	.global	layer_state_set_user
 106               	layer_state_set_user:
 107               	.LVL8:
 108               	.LFB130:
 165:keyboards/ergodox_ez/keymaps/default/keymap.c **** 
 166:keyboards/ergodox_ez/keymaps/default/keymap.c **** // Runs whenever there is a layer state change.
 167:keyboards/ergodox_ez/keymaps/default/keymap.c **** uint32_t layer_state_set_user(uint32_t state) {
 109               		.loc 1 167 47 view -0
 110               		.cfi_startproc
 111               		.loc 1 167 47 is_stmt 0 view .LVU21
 112 0000 CF92      		push r12
 113               	.LCFI0:
 114               		.cfi_def_cfa_offset 3
 115               		.cfi_offset 12, -2
 116 0002 DF92      		push r13
 117               	.LCFI1:
 118               		.cfi_def_cfa_offset 4
 119               		.cfi_offset 13, -3
 120 0004 EF92      		push r14
 121               	.LCFI2:
 122               		.cfi_def_cfa_offset 5
 123               		.cfi_offset 14, -4
 124 0006 FF92      		push r15
 125               	.LCFI3:
 126               		.cfi_def_cfa_offset 6
 127               		.cfi_offset 15, -5
 128               	/* prologue: function */
 129               	/* frame size = 0 */
 130               	/* stack size = 4 */
 131               	.L__stack_usage = 4
 132 0008 6B01      		movw r12,r22
 133 000a 7C01      		movw r14,r24
 168:keyboards/ergodox_ez/keymaps/default/keymap.c ****   ergodox_board_led_off();
 134               		.loc 1 168 3 is_stmt 1 view .LVU22
 135 000c 0E94 0000 		call ergodox_board_led_off
 136               	.LVL9:
 169:keyboards/ergodox_ez/keymaps/default/keymap.c ****   ergodox_right_led_1_off();
 137               		.loc 1 169 3 view .LVU23
 138 0010 0E94 0000 		call ergodox_right_led_1_off
 139               	.LVL10:
 170:keyboards/ergodox_ez/keymaps/default/keymap.c ****   ergodox_right_led_2_off();
 140               		.loc 1 170 3 view .LVU24
 141 0014 0E94 0000 		call ergodox_right_led_2_off
 142               	.LVL11:
 171:keyboards/ergodox_ez/keymaps/default/keymap.c ****   ergodox_right_led_3_off();
 143               		.loc 1 171 3 view .LVU25
 144 0018 0E94 0000 		call ergodox_right_led_3_off
 145               	.LVL12:
 172:keyboards/ergodox_ez/keymaps/default/keymap.c **** 
 173:keyboards/ergodox_ez/keymaps/default/keymap.c ****   uint8_t layer = biton32(state);
 146               		.loc 1 173 3 view .LVU26
 147               		.loc 1 173 19 is_stmt 0 view .LVU27
 148 001c C701      		movw r24,r14
 149 001e B601      		movw r22,r12
 150 0020 0E94 0000 		call biton32
 151               	.LVL13:
 174:keyboards/ergodox_ez/keymaps/default/keymap.c ****   switch (layer) {
 152               		.loc 1 174 3 is_stmt 1 view .LVU28
 153 0024 8830      		cpi r24,lo8(8)
 154 0026 00F4      		brsh .L9
 155 0028 E82F      		mov r30,r24
 156 002a F0E0      		ldi r31,0
 157 002c E050      		subi r30,lo8(-(gs(.L11)))
 158 002e F040      		sbci r31,hi8(-(gs(.L11)))
 159 0030 0C94 0000 		jmp __tablejump2__
 160               		.section	.jumptables.gcc.layer_state_set_user,"a",@progbits
 161               		.p2align	1
 162               	.L11:
 163 0000 0000      		.word gs(.L18)
 164 0002 0000      		.word gs(.L17)
 165 0004 0000      		.word gs(.L19)
 166 0006 0000      		.word gs(.L21)
 167 0008 0000      		.word gs(.L14)
 168 000a 0000      		.word gs(.L13)
 169 000c 0000      		.word gs(.L20)
 170 000e 0000      		.word gs(.L10)
 171               		.section	.text.layer_state_set_user
 172               	.L18:
 175:keyboards/ergodox_ez/keymaps/default/keymap.c ****       case 0:
 176:keyboards/ergodox_ez/keymaps/default/keymap.c ****         #ifdef RGBLIGHT_COLOR_LAYER_0
 177:keyboards/ergodox_ez/keymaps/default/keymap.c ****           rgblight_setrgb(RGBLIGHT_COLOR_LAYER_0);
 178:keyboards/ergodox_ez/keymaps/default/keymap.c ****         #else
 179:keyboards/ergodox_ez/keymaps/default/keymap.c ****         #ifdef RGBLIGHT_ENABLE
 180:keyboards/ergodox_ez/keymaps/default/keymap.c ****           rgblight_init();
 173               		.loc 1 180 11 view .LVU29
 174 0034 0E94 0000 		call rgblight_init
 175               	.LVL14:
 181:keyboards/ergodox_ez/keymaps/default/keymap.c ****         #endif
 182:keyboards/ergodox_ez/keymaps/default/keymap.c ****         #endif
 183:keyboards/ergodox_ez/keymaps/default/keymap.c ****         break;
 176               		.loc 1 183 9 view .LVU30
 177               	.L9:
 184:keyboards/ergodox_ez/keymaps/default/keymap.c ****       case 1:
 185:keyboards/ergodox_ez/keymaps/default/keymap.c ****         ergodox_right_led_1_on();
 186:keyboards/ergodox_ez/keymaps/default/keymap.c ****         #ifdef RGBLIGHT_COLOR_LAYER_1
 187:keyboards/ergodox_ez/keymaps/default/keymap.c ****           rgblight_setrgb(RGBLIGHT_COLOR_LAYER_1);
 188:keyboards/ergodox_ez/keymaps/default/keymap.c ****         #endif
 189:keyboards/ergodox_ez/keymaps/default/keymap.c ****         break;
 190:keyboards/ergodox_ez/keymaps/default/keymap.c ****       case 2:
 191:keyboards/ergodox_ez/keymaps/default/keymap.c ****         ergodox_right_led_2_on();
 192:keyboards/ergodox_ez/keymaps/default/keymap.c ****         #ifdef RGBLIGHT_COLOR_LAYER_2
 193:keyboards/ergodox_ez/keymaps/default/keymap.c ****           rgblight_setrgb(RGBLIGHT_COLOR_LAYER_2);
 194:keyboards/ergodox_ez/keymaps/default/keymap.c ****         #endif
 195:keyboards/ergodox_ez/keymaps/default/keymap.c ****         break;
 196:keyboards/ergodox_ez/keymaps/default/keymap.c ****       case 3:
 197:keyboards/ergodox_ez/keymaps/default/keymap.c ****         ergodox_right_led_3_on();
 198:keyboards/ergodox_ez/keymaps/default/keymap.c ****         #ifdef RGBLIGHT_COLOR_LAYER_3
 199:keyboards/ergodox_ez/keymaps/default/keymap.c ****           rgblight_setrgb(RGBLIGHT_COLOR_LAYER_3);
 200:keyboards/ergodox_ez/keymaps/default/keymap.c ****         #endif
 201:keyboards/ergodox_ez/keymaps/default/keymap.c ****         break;
 202:keyboards/ergodox_ez/keymaps/default/keymap.c ****       case 4:
 203:keyboards/ergodox_ez/keymaps/default/keymap.c ****         ergodox_right_led_1_on();
 204:keyboards/ergodox_ez/keymaps/default/keymap.c ****         ergodox_right_led_2_on();
 205:keyboards/ergodox_ez/keymaps/default/keymap.c ****         #ifdef RGBLIGHT_COLOR_LAYER_4
 206:keyboards/ergodox_ez/keymaps/default/keymap.c ****           rgblight_setrgb(RGBLIGHT_COLOR_LAYER_4);
 207:keyboards/ergodox_ez/keymaps/default/keymap.c ****         #endif
 208:keyboards/ergodox_ez/keymaps/default/keymap.c ****         break;
 209:keyboards/ergodox_ez/keymaps/default/keymap.c ****       case 5:
 210:keyboards/ergodox_ez/keymaps/default/keymap.c ****         ergodox_right_led_1_on();
 211:keyboards/ergodox_ez/keymaps/default/keymap.c ****         ergodox_right_led_3_on();
 212:keyboards/ergodox_ez/keymaps/default/keymap.c ****         #ifdef RGBLIGHT_COLOR_LAYER_5
 213:keyboards/ergodox_ez/keymaps/default/keymap.c ****           rgblight_setrgb(RGBLIGHT_COLOR_LAYER_5);
 214:keyboards/ergodox_ez/keymaps/default/keymap.c ****         #endif
 215:keyboards/ergodox_ez/keymaps/default/keymap.c ****         break;
 216:keyboards/ergodox_ez/keymaps/default/keymap.c ****       case 6:
 217:keyboards/ergodox_ez/keymaps/default/keymap.c ****         ergodox_right_led_2_on();
 218:keyboards/ergodox_ez/keymaps/default/keymap.c ****         ergodox_right_led_3_on();
 219:keyboards/ergodox_ez/keymaps/default/keymap.c ****         #ifdef RGBLIGHT_COLOR_LAYER_6
 220:keyboards/ergodox_ez/keymaps/default/keymap.c ****           rgblight_setrgb(RGBLIGHT_COLOR_LAYER_6);
 221:keyboards/ergodox_ez/keymaps/default/keymap.c ****         #endif
 222:keyboards/ergodox_ez/keymaps/default/keymap.c ****         break;
 223:keyboards/ergodox_ez/keymaps/default/keymap.c ****       case 7:
 224:keyboards/ergodox_ez/keymaps/default/keymap.c ****         ergodox_right_led_1_on();
 225:keyboards/ergodox_ez/keymaps/default/keymap.c ****         ergodox_right_led_2_on();
 226:keyboards/ergodox_ez/keymaps/default/keymap.c ****         ergodox_right_led_3_on();
 227:keyboards/ergodox_ez/keymaps/default/keymap.c ****         #ifdef RGBLIGHT_COLOR_LAYER_7
 228:keyboards/ergodox_ez/keymaps/default/keymap.c ****           rgblight_setrgb(RGBLIGHT_COLOR_LAYER_7);
 229:keyboards/ergodox_ez/keymaps/default/keymap.c ****         #endif
 230:keyboards/ergodox_ez/keymaps/default/keymap.c ****         break;
 231:keyboards/ergodox_ez/keymaps/default/keymap.c ****       default:
 232:keyboards/ergodox_ez/keymaps/default/keymap.c ****         break;
 233:keyboards/ergodox_ez/keymaps/default/keymap.c ****     }
 234:keyboards/ergodox_ez/keymaps/default/keymap.c **** 
 235:keyboards/ergodox_ez/keymaps/default/keymap.c ****   return state;
 178               		.loc 1 235 3 view .LVU31
 236:keyboards/ergodox_ez/keymaps/default/keymap.c **** };
 179               		.loc 1 236 1 is_stmt 0 view .LVU32
 180 0038 C701      		movw r24,r14
 181 003a B601      		movw r22,r12
 182               	/* epilogue start */
 183 003c FF90      		pop r15
 184 003e EF90      		pop r14
 185 0040 DF90      		pop r13
 186 0042 CF90      		pop r12
 187 0044 0895      		ret
 188               	.LVL15:
 189               	.L17:
 185:keyboards/ergodox_ez/keymaps/default/keymap.c ****         #ifdef RGBLIGHT_COLOR_LAYER_1
 190               		.loc 1 185 9 is_stmt 1 view .LVU33
 191 0046 0E94 0000 		call ergodox_right_led_1_on
 192               	.LVL16:
 189:keyboards/ergodox_ez/keymaps/default/keymap.c ****       case 2:
 193               		.loc 1 189 9 view .LVU34
 194 004a 00C0      		rjmp .L9
 195               	.LVL17:
 196               	.L14:
 203:keyboards/ergodox_ez/keymaps/default/keymap.c ****         ergodox_right_led_2_on();
 197               		.loc 1 203 9 view .LVU35
 198 004c 0E94 0000 		call ergodox_right_led_1_on
 199               	.LVL18:
 200               	.L19:
 204:keyboards/ergodox_ez/keymaps/default/keymap.c ****         #ifdef RGBLIGHT_COLOR_LAYER_4
 201               		.loc 1 204 9 view .LVU36
 202 0050 0E94 0000 		call ergodox_right_led_2_on
 203               	.LVL19:
 208:keyboards/ergodox_ez/keymaps/default/keymap.c ****       case 5:
 204               		.loc 1 208 9 view .LVU37
 205 0054 00C0      		rjmp .L9
 206               	.LVL20:
 207               	.L13:
 210:keyboards/ergodox_ez/keymaps/default/keymap.c ****         ergodox_right_led_3_on();
 208               		.loc 1 210 9 view .LVU38
 209 0056 0E94 0000 		call ergodox_right_led_1_on
 210               	.LVL21:
 211:keyboards/ergodox_ez/keymaps/default/keymap.c ****         #ifdef RGBLIGHT_COLOR_LAYER_5
 211               		.loc 1 211 9 view .LVU39
 212               	.L21:
 226:keyboards/ergodox_ez/keymaps/default/keymap.c ****         #ifdef RGBLIGHT_COLOR_LAYER_7
 213               		.loc 1 226 9 view .LVU40
 214 005a 0E94 0000 		call ergodox_right_led_3_on
 215               	.LVL22:
 230:keyboards/ergodox_ez/keymaps/default/keymap.c ****       default:
 216               		.loc 1 230 9 view .LVU41
 217 005e 00C0      		rjmp .L9
 218               	.LVL23:
 219               	.L10:
 224:keyboards/ergodox_ez/keymaps/default/keymap.c ****         ergodox_right_led_2_on();
 220               		.loc 1 224 9 view .LVU42
 221 0060 0E94 0000 		call ergodox_right_led_1_on
 222               	.LVL24:
 223               	.L20:
 225:keyboards/ergodox_ez/keymaps/default/keymap.c ****         ergodox_right_led_3_on();
 224               		.loc 1 225 9 view .LVU43
 225 0064 0E94 0000 		call ergodox_right_led_2_on
 226               	.LVL25:
 227 0068 00C0      		rjmp .L21
 228               		.cfi_endproc
 229               	.LFE130:
 231               		.section	.progmem.data.__c.6059,"a"
 234               	__c.6059:
 235 0000 6572 676F 		.string	"ergodox_ez/default @ 0c1b50-dirty"
 235      646F 785F 
 235      657A 2F64 
 235      6566 6175 
 235      6C74 2040 
 236               	.global	keymaps
 237               		.section	.progmem.data.keymaps,"a"
 240               	keymaps:
 241 0000 2E00      		.word	46
 242 0002 4C00      		.word	76
 243 0004 2A00      		.word	42
 244 0006 E100      		.word	225
 245 0008 3541      		.word	16693
 246 000a 0000      		.word	0
 247 000c 1E00      		.word	30
 248 000e 1400      		.word	20
 249 0010 0400      		.word	4
 250 0012 1D61      		.word	24861
 251 0014 3400      		.word	52
 252 0016 4D00      		.word	77
 253 0018 1F00      		.word	31
 254 001a 1A00      		.word	26
 255 001c 1600      		.word	22
 256 001e 1B00      		.word	27
 257 0020 E104      		.word	1249
 258 0022 2A00      		.word	42
 259 0024 2000      		.word	32
 260 0026 0800      		.word	8
 261 0028 0700      		.word	7
 262 002a 0600      		.word	6
 263 002c 5000      		.word	80
 264 002e 2C00      		.word	44
 265 0030 2100      		.word	33
 266 0032 1500      		.word	21
 267 0034 0900      		.word	9
 268 0036 1900      		.word	25
 269 0038 4F00      		.word	79
 270 003a 4A00      		.word	74
 271 003c 2200      		.word	34
 272 003e 1700      		.word	23
 273 0040 0A00      		.word	10
 274 0042 0500      		.word	5
 275 0044 0000      		.word	0
 276 0046 6564      		.word	25701
 277 0048 5000      		.word	80
 278 004a 0153      		.word	21249
 279 004c 0000      		.word	0
 280 004e 006F      		.word	28416
 281 0050 0000      		.word	0
 282 0052 E300      		.word	227
 283 0054 4F00      		.word	79
 284 0056 0153      		.word	21249
 285 0058 0000      		.word	0
 286 005a 0067      		.word	26368
 287 005c 0000      		.word	0
 288 005e E200      		.word	226
 289 0060 2300      		.word	35
 290 0062 1C00      		.word	28
 291 0064 0B00      		.word	11
 292 0066 1100      		.word	17
 293 0068 0000      		.word	0
 294 006a 2961      		.word	24873
 295 006c 2400      		.word	36
 296 006e 1800      		.word	24
 297 0070 0D00      		.word	13
 298 0072 1000      		.word	16
 299 0074 5200      		.word	82
 300 0076 4B00      		.word	75
 301 0078 2500      		.word	37
 302 007a 0C00      		.word	12
 303 007c 0E00      		.word	14
 304 007e 3600      		.word	54
 305 0080 5100      		.word	81
 306 0082 2800      		.word	40
 307 0084 2600      		.word	38
 308 0086 1200      		.word	18
 309 0088 0F00      		.word	15
 310 008a 3700      		.word	55
 311 008c 2F00      		.word	47
 312 008e 2B00      		.word	43
 313 0090 2700      		.word	39
 314 0092 1300      		.word	19
 315 0094 3342      		.word	16947
 316 0096 3861      		.word	24888
 317 0098 3000      		.word	48
 318 009a 4E00      		.word	78
 319 009c 2D00      		.word	45
 320 009e 3100      		.word	49
 321 00a0 3468      		.word	26676
 322 00a2 E500      		.word	229
 323 00a4 0158      		.word	22529
 324 00a6 0000      		.word	0
 325 00a8 F55C      		.word	23797
 326 00aa 0100      		.word	1
 327 00ac 0100      		.word	1
 328 00ae 0100      		.word	1
 329 00b0 F45C      		.word	23796
 330 00b2 0000      		.word	0
 331 00b4 3A00      		.word	58
 332 00b6 1E02      		.word	542
 333 00b8 2002      		.word	544
 334 00ba 2202      		.word	546
 335 00bc 0100      		.word	1
 336 00be 0100      		.word	1
 337 00c0 3B00      		.word	59
 338 00c2 1F02      		.word	543
 339 00c4 2102      		.word	545
 340 00c6 2302      		.word	547
 341 00c8 0100      		.word	1
 342 00ca C95C      		.word	23753
 343 00cc 3C00      		.word	60
 344 00ce 2F02      		.word	559
 345 00d0 2602      		.word	550
 346 00d2 2F00      		.word	47
 347 00d4 0100      		.word	1
 348 00d6 CA5C      		.word	23754
 349 00d8 3D00      		.word	61
 350 00da 3002      		.word	560
 351 00dc 2702      		.word	551
 352 00de 3000      		.word	48
 353 00e0 0100      		.word	1
 354 00e2 0100      		.word	1
 355 00e4 3E00      		.word	62
 356 00e6 3102      		.word	561
 357 00e8 3500      		.word	53
 358 00ea 3502      		.word	565
 359 00ec 0000      		.word	0
 360 00ee C35C      		.word	23747
 361 00f0 0100      		.word	1
 362 00f2 0100      		.word	1
 363 00f4 0000      		.word	0
 364 00f6 0100      		.word	1
 365 00f8 0000      		.word	0
 366 00fa 0100      		.word	1
 367 00fc 0100      		.word	1
 368 00fe 0100      		.word	1
 369 0100 0000      		.word	0
 370 0102 0100      		.word	1
 371 0104 0000      		.word	0
 372 0106 C25C      		.word	23746
 373 0108 3F00      		.word	63
 374 010a 5200      		.word	82
 375 010c 5100      		.word	81
 376 010e 2402      		.word	548
 377 0110 0000      		.word	0
 378 0112 F65C      		.word	23798
 379 0114 4000      		.word	64
 380 0116 2400      		.word	36
 381 0118 2100      		.word	33
 382 011a 1E00      		.word	30
 383 011c 0100      		.word	1
 384 011e 0100      		.word	1
 385 0120 4100      		.word	65
 386 0122 2500      		.word	37
 387 0124 2200      		.word	34
 388 0126 1F00      		.word	31
 389 0128 3700      		.word	55
 390 012a C55C      		.word	23749
 391 012c 4200      		.word	66
 392 012e 2600      		.word	38
 393 0130 2300      		.word	35
 394 0132 2000      		.word	32
 395 0134 2700      		.word	39
 396 0136 C65C      		.word	23750
 397 0138 4300      		.word	67
 398 013a 2502      		.word	549
 399 013c 2E02      		.word	558
 400 013e 3100      		.word	49
 401 0140 2E00      		.word	46
 402 0142 0100      		.word	1
 403 0144 4400      		.word	68
 404 0146 4500      		.word	69
 405 0148 0100      		.word	1
 406 014a 0100      		.word	1
 407 014c 0100      		.word	1
 408 014e 0000      		.word	0
 409 0150 0100      		.word	1
 410 0152 0100      		.word	1
 411 0154 0100      		.word	1
 412 0156 0100      		.word	1
 413 0158 0100      		.word	1
 414 015a 0000      		.word	0
 415 015c 0100      		.word	1
 416 015e 0100      		.word	1
 417 0160 0100      		.word	1
 418 0162 0100      		.word	1
 419 0164 0100      		.word	1
 420 0166 0100      		.word	1
 421 0168 0100      		.word	1
 422 016a 0100      		.word	1
 423 016c F200      		.word	242
 424 016e 0100      		.word	1
 425 0170 0100      		.word	1
 426 0172 0100      		.word	1
 427 0174 0100      		.word	1
 428 0176 F000      		.word	240
 429 0178 F100      		.word	241
 430 017a 0100      		.word	1
 431 017c F400      		.word	244
 432 017e 0100      		.word	1
 433 0180 0100      		.word	1
 434 0182 0100      		.word	1
 435 0184 F300      		.word	243
 436 0186 0100      		.word	1
 437 0188 F500      		.word	245
 438 018a 0100      		.word	1
 439 018c 0100      		.word	1
 440 018e 0100      		.word	1
 441 0190 0100      		.word	1
 442 0192 0100      		.word	1
 443 0194 0000      		.word	0
 444 0196 0100      		.word	1
 445 0198 0100      		.word	1
 446 019a 0100      		.word	1
 447 019c 0000      		.word	0
 448 019e 0100      		.word	1
 449 01a0 0000      		.word	0
 450 01a2 0100      		.word	1
 451 01a4 0100      		.word	1
 452 01a6 0100      		.word	1
 453 01a8 0000      		.word	0
 454 01aa 0100      		.word	1
 455 01ac 0000      		.word	0
 456 01ae 0100      		.word	1
 457 01b0 0100      		.word	1
 458 01b2 0100      		.word	1
 459 01b4 0100      		.word	1
 460 01b6 0100      		.word	1
 461 01b8 0000      		.word	0
 462 01ba 0100      		.word	1
 463 01bc 0100      		.word	1
 464 01be 0100      		.word	1
 465 01c0 0100      		.word	1
 466 01c2 0100      		.word	1
 467 01c4 A900      		.word	169
 468 01c6 0100      		.word	1
 469 01c8 0100      		.word	1
 470 01ca 0100      		.word	1
 471 01cc 0100      		.word	1
 472 01ce AC00      		.word	172
 473 01d0 AA00      		.word	170
 474 01d2 B600      		.word	182
 475 01d4 0100      		.word	1
 476 01d6 0100      		.word	1
 477 01d8 0100      		.word	1
 478 01da AB00      		.word	171
 479 01dc A800      		.word	168
 480 01de 0100      		.word	1
 481 01e0 0100      		.word	1
 482 01e2 0100      		.word	1
 483 01e4 0100      		.word	1
 484 01e6 0100      		.word	1
 485 01e8 0100      		.word	1
 486 01ea 0100      		.word	1
 487 01ec 0100      		.word	1
 488 01ee 0100      		.word	1
 489 01f0 AE00      		.word	174
 490 01f2 0100      		.word	1
 491 01f4 0100      		.word	1
 492 01f6 0000      		.word	0
 493               		.text
 494               	.Letext0:
 495               		.file 2 "/usr/local/Cellar/avr-gcc/8.3.0/avr/include/stdint.h"
 496               		.file 3 "/usr/local/Cellar/avr-gcc/8.3.0/lib/avr-gcc/8/gcc/avr/8.3.0/include/stddef.h"
 497               		.file 4 "tmk_core/common/keyboard.h"
 498               		.file 5 "tmk_core/common/keycode.h"
 499               		.file 6 "tmk_core/common/action_code.h"
 500               		.file 7 "tmk_core/common/action.h"
 501               		.file 8 "lib/lufa/LUFA/Drivers/USB/Core/AVR8/../StdRequestType.h"
 502               		.file 9 "lib/lufa/LUFA/Drivers/USB/Core/AVR8/../DeviceStandardReq.h"
 503               		.file 10 "lib/lufa/LUFA/Drivers/USB/Core/USBTask.h"
 504               		.file 11 "lib/lufa/LUFA/Drivers/USB/Core/HostStandardReq.h"
 505               		.file 12 "/usr/local/Cellar/avr-gcc/8.3.0/avr/include/stdio.h"
 506               		.file 13 "tmk_core/common/report.h"
 507               		.file 14 "tmk_core/common/host.h"
 508               		.file 15 "tmk_core/common/debug.h"
 509               		.file 16 "quantum/keycode_config.h"
 510               		.file 17 "quantum/quantum_keycodes.h"
 511               		.file 18 "quantum/keymap.h"
 512               		.file 19 "quantum/rgblight_types.h"
 513               		.file 20 "quantum/rgblight.h"
 514               		.file 21 "tmk_core/common/action_layer.h"
 515               		.file 22 "tmk_core/common/timer.h"
 516               		.file 23 "tmk_core/common/action_util.h"
 517               		.file 24 "/usr/local/Cellar/avr-gcc/8.3.0/avr/include/stdlib.h"
 518               		.file 25 "quantum/process_keycode/process_unicode_common.h"
 519               		.file 26 "quantum/quantum.h"
 520               		.file 27 "drivers/avr/i2c_master.h"
 521               		.file 28 "keyboards/ergodox_ez/ergodox_ez.h"
 522               		.file 29 "tmk_core/common/util.h"
 523               		.file 30 "tmk_core/common/eeconfig.h"
DEFINED SYMBOLS
                            *ABS*:0000000000000000 keymap.c
/var/folders/fs/52b7g59j2v54kt47tqq0zw4r0000gn/T//ccaALDwZ.s:2      *ABS*:000000000000003e __SP_H__
/var/folders/fs/52b7g59j2v54kt47tqq0zw4r0000gn/T//ccaALDwZ.s:3      *ABS*:000000000000003d __SP_L__
/var/folders/fs/52b7g59j2v54kt47tqq0zw4r0000gn/T//ccaALDwZ.s:4      *ABS*:000000000000003f __SREG__
/var/folders/fs/52b7g59j2v54kt47tqq0zw4r0000gn/T//ccaALDwZ.s:5      *ABS*:0000000000000000 __tmp_reg__
/var/folders/fs/52b7g59j2v54kt47tqq0zw4r0000gn/T//ccaALDwZ.s:6      *ABS*:0000000000000001 __zero_reg__
/var/folders/fs/52b7g59j2v54kt47tqq0zw4r0000gn/T//ccaALDwZ.s:13     .text.process_record_user:0000000000000000 process_record_user
/var/folders/fs/52b7g59j2v54kt47tqq0zw4r0000gn/T//ccaALDwZ.s:234    .progmem.data.__c.6059:0000000000000000 __c.6059
/var/folders/fs/52b7g59j2v54kt47tqq0zw4r0000gn/T//ccaALDwZ.s:89     .text.matrix_init_user:0000000000000000 matrix_init_user
/var/folders/fs/52b7g59j2v54kt47tqq0zw4r0000gn/T//ccaALDwZ.s:106    .text.layer_state_set_user:0000000000000000 layer_state_set_user
/var/folders/fs/52b7g59j2v54kt47tqq0zw4r0000gn/T//ccaALDwZ.s:240    .progmem.data.keymaps:0000000000000000 keymaps

UNDEFINED SYMBOLS
eeconfig_init
send_string_P
rgblight_mode
ergodox_board_led_off
ergodox_right_led_1_off
ergodox_right_led_2_off
ergodox_right_led_3_off
biton32
__tablejump2__
rgblight_init
ergodox_right_led_1_on
ergodox_right_led_2_on
ergodox_right_led_3_on
