   1               		.file	"outputselect.c"
   2               	__SP_H__ = 0x3e
   3               	__SP_L__ = 0x3d
   4               	__SREG__ = 0x3f
   5               	__tmp_reg__ = 0
   6               	__zero_reg__ = 1
   7               		.text
   8               	.Ltext0:
   9               		.cfi_sections	.debug_frame
  10               		.section	.text.set_output_user,"ax",@progbits
  11               		.weak	set_output_user
  13               	set_output_user:
  14               	.LVL0:
  15               	.LFB106:
  16               		.file 1 "tmk_core/protocol/lufa/outputselect.c"
   1:tmk_core/protocol/lufa/outputselect.c **** /*
   2:tmk_core/protocol/lufa/outputselect.c **** Copyright 2017 Priyadi Iman Nurcahyo
   3:tmk_core/protocol/lufa/outputselect.c **** This program is free software: you can redistribute it and/or modify
   4:tmk_core/protocol/lufa/outputselect.c **** it under the terms of the GNU General Public License as published by
   5:tmk_core/protocol/lufa/outputselect.c **** the Free Software Foundation, either version 2 of the License, or
   6:tmk_core/protocol/lufa/outputselect.c **** (at your option) any later version.
   7:tmk_core/protocol/lufa/outputselect.c **** This program is distributed in the hope that it will be useful,
   8:tmk_core/protocol/lufa/outputselect.c **** but WITHOUT ANY WARRANTY; without even the implied warranty of
   9:tmk_core/protocol/lufa/outputselect.c **** MERCHANTABILITY or FITNESS FOR A PARTICULAR PURPOSE.  See the
  10:tmk_core/protocol/lufa/outputselect.c **** GNU General Public License for more details.
  11:tmk_core/protocol/lufa/outputselect.c **** You should have received a copy of the GNU General Public License
  12:tmk_core/protocol/lufa/outputselect.c **** along with this program.  If not, see <http://www.gnu.org/licenses/>.
  13:tmk_core/protocol/lufa/outputselect.c **** */
  14:tmk_core/protocol/lufa/outputselect.c **** 
  15:tmk_core/protocol/lufa/outputselect.c **** #include "lufa.h"
  16:tmk_core/protocol/lufa/outputselect.c **** #include "outputselect.h"
  17:tmk_core/protocol/lufa/outputselect.c **** #ifdef MODULE_ADAFRUIT_BLE
  18:tmk_core/protocol/lufa/outputselect.c ****     #include "adafruit_ble.h"
  19:tmk_core/protocol/lufa/outputselect.c **** #endif
  20:tmk_core/protocol/lufa/outputselect.c **** 
  21:tmk_core/protocol/lufa/outputselect.c **** uint8_t desired_output = OUTPUT_DEFAULT;
  22:tmk_core/protocol/lufa/outputselect.c **** 
  23:tmk_core/protocol/lufa/outputselect.c **** /** \brief Set Output
  24:tmk_core/protocol/lufa/outputselect.c ****  *
  25:tmk_core/protocol/lufa/outputselect.c ****  * FIXME: Needs doc
  26:tmk_core/protocol/lufa/outputselect.c ****  */
  27:tmk_core/protocol/lufa/outputselect.c **** void set_output(uint8_t output) {
  28:tmk_core/protocol/lufa/outputselect.c ****     set_output_user(output);
  29:tmk_core/protocol/lufa/outputselect.c ****     desired_output = output;
  30:tmk_core/protocol/lufa/outputselect.c **** }
  31:tmk_core/protocol/lufa/outputselect.c **** 
  32:tmk_core/protocol/lufa/outputselect.c **** /** \brief Set Output User
  33:tmk_core/protocol/lufa/outputselect.c ****  *
  34:tmk_core/protocol/lufa/outputselect.c ****  * FIXME: Needs doc
  35:tmk_core/protocol/lufa/outputselect.c ****  */
  36:tmk_core/protocol/lufa/outputselect.c **** __attribute__((weak))
  37:tmk_core/protocol/lufa/outputselect.c **** void set_output_user(uint8_t output) {
  17               		.loc 1 37 38 view -0
  18               		.cfi_startproc
  19               	/* prologue: function */
  20               	/* frame size = 0 */
  21               	/* stack size = 0 */
  22               	.L__stack_usage = 0
  38:tmk_core/protocol/lufa/outputselect.c **** }
  23               		.loc 1 38 1 view .LVU1
  24               	/* epilogue start */
  25 0000 0895      		ret
  26               		.cfi_endproc
  27               	.LFE106:
  29               		.section	.text.set_output,"ax",@progbits
  30               	.global	set_output
  32               	set_output:
  33               	.LVL1:
  34               	.LFB105:
  27:tmk_core/protocol/lufa/outputselect.c ****     set_output_user(output);
  35               		.loc 1 27 33 view -0
  36               		.cfi_startproc
  27:tmk_core/protocol/lufa/outputselect.c ****     set_output_user(output);
  37               		.loc 1 27 33 is_stmt 0 view .LVU3
  38 0000 CF93      		push r28
  39               	.LCFI0:
  40               		.cfi_def_cfa_offset 3
  41               		.cfi_offset 28, -2
  42               	/* prologue: function */
  43               	/* frame size = 0 */
  44               	/* stack size = 1 */
  45               	.L__stack_usage = 1
  46 0002 C82F      		mov r28,r24
  28:tmk_core/protocol/lufa/outputselect.c ****     desired_output = output;
  47               		.loc 1 28 5 is_stmt 1 view .LVU4
  48 0004 0E94 0000 		call set_output_user
  49               	.LVL2:
  29:tmk_core/protocol/lufa/outputselect.c **** }
  50               		.loc 1 29 5 view .LVU5
  29:tmk_core/protocol/lufa/outputselect.c **** }
  51               		.loc 1 29 20 is_stmt 0 view .LVU6
  52 0008 C093 0000 		sts desired_output,r28
  53               	/* epilogue start */
  30:tmk_core/protocol/lufa/outputselect.c **** 
  54               		.loc 1 30 1 view .LVU7
  55 000c CF91      		pop r28
  56               	.LVL3:
  30:tmk_core/protocol/lufa/outputselect.c **** 
  57               		.loc 1 30 1 view .LVU8
  58 000e 0895      		ret
  59               		.cfi_endproc
  60               	.LFE105:
  62               		.section	.text.auto_detect_output,"ax",@progbits
  63               	.global	auto_detect_output
  65               	auto_detect_output:
  66               	.LFB107:
  39:tmk_core/protocol/lufa/outputselect.c **** 
  40:tmk_core/protocol/lufa/outputselect.c **** /** \brief Auto Detect Output
  41:tmk_core/protocol/lufa/outputselect.c ****  *
  42:tmk_core/protocol/lufa/outputselect.c ****  * FIXME: Needs doc
  43:tmk_core/protocol/lufa/outputselect.c ****  */
  44:tmk_core/protocol/lufa/outputselect.c **** uint8_t auto_detect_output(void) {
  67               		.loc 1 44 34 is_stmt 1 view -0
  68               		.cfi_startproc
  69               	/* prologue: function */
  70               	/* frame size = 0 */
  71               	/* stack size = 0 */
  72               	.L__stack_usage = 0
  45:tmk_core/protocol/lufa/outputselect.c ****     if (USB_DeviceState == DEVICE_STATE_Configured) {
  73               		.loc 1 45 5 view .LVU10
  74               		.loc 1 45 25 is_stmt 0 view .LVU11
  75 0000 8091 0000 		lds r24,USB_DeviceState
  76               		.loc 1 45 8 view .LVU12
  77 0004 8430      		cpi r24,lo8(4)
  78 0006 01F4      		brne .L5
  46:tmk_core/protocol/lufa/outputselect.c ****         return OUTPUT_USB;
  79               		.loc 1 46 16 view .LVU13
  80 0008 82E0      		ldi r24,lo8(2)
  81 000a 0895      		ret
  82               	.L5:
  47:tmk_core/protocol/lufa/outputselect.c ****     }
  48:tmk_core/protocol/lufa/outputselect.c **** 
  49:tmk_core/protocol/lufa/outputselect.c **** #ifdef MODULE_ADAFRUIT_BLE
  50:tmk_core/protocol/lufa/outputselect.c ****     if (adafruit_ble_is_connected()) {
  51:tmk_core/protocol/lufa/outputselect.c ****         return OUTPUT_BLUETOOTH;
  52:tmk_core/protocol/lufa/outputselect.c ****     }
  53:tmk_core/protocol/lufa/outputselect.c **** #endif
  54:tmk_core/protocol/lufa/outputselect.c **** 
  55:tmk_core/protocol/lufa/outputselect.c **** #ifdef BLUETOOTH_ENABLE
  56:tmk_core/protocol/lufa/outputselect.c ****     return OUTPUT_BLUETOOTH; // should check if BT is connected here
  57:tmk_core/protocol/lufa/outputselect.c **** #endif
  58:tmk_core/protocol/lufa/outputselect.c **** 
  59:tmk_core/protocol/lufa/outputselect.c ****     return OUTPUT_NONE;
  83               		.loc 1 59 12 view .LVU14
  84 000c 81E0      		ldi r24,lo8(1)
  85               	/* epilogue start */
  60:tmk_core/protocol/lufa/outputselect.c **** }
  86               		.loc 1 60 1 view .LVU15
  87 000e 0895      		ret
  88               		.cfi_endproc
  89               	.LFE107:
  91               		.section	.text.where_to_send,"ax",@progbits
  92               	.global	where_to_send
  94               	where_to_send:
  95               	.LFB108:
  61:tmk_core/protocol/lufa/outputselect.c **** 
  62:tmk_core/protocol/lufa/outputselect.c **** /** \brief Where To Send
  63:tmk_core/protocol/lufa/outputselect.c ****  *
  64:tmk_core/protocol/lufa/outputselect.c ****  * FIXME: Needs doc
  65:tmk_core/protocol/lufa/outputselect.c ****  */
  66:tmk_core/protocol/lufa/outputselect.c **** uint8_t where_to_send(void) {
  96               		.loc 1 66 29 is_stmt 1 view -0
  97               		.cfi_startproc
  98               	/* prologue: function */
  99               	/* frame size = 0 */
 100               	/* stack size = 0 */
 101               	.L__stack_usage = 0
  67:tmk_core/protocol/lufa/outputselect.c ****     if (desired_output == OUTPUT_AUTO) {
 102               		.loc 1 67 5 view .LVU17
 103               		.loc 1 67 24 is_stmt 0 view .LVU18
 104 0000 8091 0000 		lds r24,desired_output
 105               		.loc 1 67 8 view .LVU19
 106 0004 8111      		cpse r24,__zero_reg__
 107 0006 00C0      		rjmp .L6
  68:tmk_core/protocol/lufa/outputselect.c ****         return auto_detect_output();
 108               		.loc 1 68 9 is_stmt 1 view .LVU20
 109               		.loc 1 68 16 is_stmt 0 view .LVU21
 110 0008 0C94 0000 		jmp auto_detect_output
 111               	.LVL4:
 112               	.L6:
 113               	/* epilogue start */
  69:tmk_core/protocol/lufa/outputselect.c ****     }
  70:tmk_core/protocol/lufa/outputselect.c ****     return desired_output;
  71:tmk_core/protocol/lufa/outputselect.c **** }
 114               		.loc 1 71 1 view .LVU22
 115 000c 0895      		ret
 116               		.cfi_endproc
 117               	.LFE108:
 119               	.global	desired_output
 120               		.section	.bss.desired_output,"aw",@nobits
 123               	desired_output:
 124 0000 00        		.zero	1
 125               		.text
 126               	.Letext0:
 127               		.file 2 "/usr/local/Cellar/avr-gcc/8.3.0/avr/include/stdint.h"
 128               		.file 3 "lib/lufa/LUFA/Drivers/USB/Core/AVR8/../StdRequestType.h"
 129               		.file 4 "lib/lufa/LUFA/Drivers/USB/Core/AVR8/../DeviceStandardReq.h"
 130               		.file 5 "lib/lufa/LUFA/Drivers/USB/Core/USBTask.h"
 131               		.file 6 "lib/lufa/LUFA/Drivers/USB/Core/HostStandardReq.h"
 132               		.file 7 "/usr/local/Cellar/avr-gcc/8.3.0/avr/include/stdio.h"
 133               		.file 8 "tmk_core/common/report.h"
 134               		.file 9 "tmk_core/common/host_driver.h"
 135               		.file 10 "tmk_core/common/host.h"
 136               		.file 11 "tmk_core/protocol/lufa/lufa.h"
 137               		.file 12 "lib/lufa/LUFA/Drivers/USB/Core/AVR8/../Device.h"
 138               		.file 13 "tmk_core/protocol/lufa/outputselect.h"
DEFINED SYMBOLS
                            *ABS*:0000000000000000 outputselect.c
/var/folders/fs/52b7g59j2v54kt47tqq0zw4r0000gn/T//cc9QQ1KY.s:2      *ABS*:000000000000003e __SP_H__
/var/folders/fs/52b7g59j2v54kt47tqq0zw4r0000gn/T//cc9QQ1KY.s:3      *ABS*:000000000000003d __SP_L__
/var/folders/fs/52b7g59j2v54kt47tqq0zw4r0000gn/T//cc9QQ1KY.s:4      *ABS*:000000000000003f __SREG__
/var/folders/fs/52b7g59j2v54kt47tqq0zw4r0000gn/T//cc9QQ1KY.s:5      *ABS*:0000000000000000 __tmp_reg__
/var/folders/fs/52b7g59j2v54kt47tqq0zw4r0000gn/T//cc9QQ1KY.s:6      *ABS*:0000000000000001 __zero_reg__
/var/folders/fs/52b7g59j2v54kt47tqq0zw4r0000gn/T//cc9QQ1KY.s:13     .text.set_output_user:0000000000000000 set_output_user
/var/folders/fs/52b7g59j2v54kt47tqq0zw4r0000gn/T//cc9QQ1KY.s:32     .text.set_output:0000000000000000 set_output
/var/folders/fs/52b7g59j2v54kt47tqq0zw4r0000gn/T//cc9QQ1KY.s:123    .bss.desired_output:0000000000000000 desired_output
/var/folders/fs/52b7g59j2v54kt47tqq0zw4r0000gn/T//cc9QQ1KY.s:65     .text.auto_detect_output:0000000000000000 auto_detect_output
/var/folders/fs/52b7g59j2v54kt47tqq0zw4r0000gn/T//cc9QQ1KY.s:94     .text.where_to_send:0000000000000000 where_to_send

UNDEFINED SYMBOLS
USB_DeviceState
__do_clear_bss
